[0.011s] Invoking command in '/home/nishant/Documents/RL_Collision_Avoidance_Project/Collision_Avoidance_WS/build/my_env': CMAKE_PREFIX_PATH=${CMAKE_PREFIX_PATH}:/opt/ros/humble /usr/bin/cmake --build /home/nishant/Documents/RL_Collision_Avoidance_Project/Collision_Avoidance_WS/build/my_env -- -j12 -l12
[0.038s] -- Found ament_cmake: 1.3.11 (/opt/ros/humble/share/ament_cmake/cmake)
[0.131s] -- Override CMake install command with custom implementation using symlinks instead of copying resources
[0.135s] -- Found rclpy: 3.3.15 (/opt/ros/humble/share/rclpy/cmake)
[0.137s] -- Found gazebo_ros: 3.7.0 (/opt/ros/humble/share/gazebo_ros/cmake)
[0.158s] -- Found rosidl_generator_c: 3.1.6 (/opt/ros/humble/share/rosidl_generator_c/cmake)
[0.159s] -- Found rosidl_adapter: 3.1.6 (/opt/ros/humble/share/rosidl_adapter/cmake)
[0.163s] -- Found rosidl_generator_cpp: 3.1.6 (/opt/ros/humble/share/rosidl_generator_cpp/cmake)
[0.169s] -- Using all available rosidl_typesupport_c: rosidl_typesupport_fastrtps_c;rosidl_typesupport_introspection_c
[0.177s] -- Using all available rosidl_typesupport_cpp: rosidl_typesupport_fastrtps_cpp;rosidl_typesupport_introspection_cpp
[0.197s] -- Found rmw_implementation_cmake: 6.1.2 (/opt/ros/humble/share/rmw_implementation_cmake/cmake)
[0.198s] -- Found rmw_fastrtps_cpp: 6.2.7 (/opt/ros/humble/share/rmw_fastrtps_cpp/cmake)
[0.285s] -- Using RMW implementation 'rmw_fastrtps_cpp' as default
[0.583s] -- Found DART: /usr/include (Required is at least version "6.6") found components: dart 
[0.775s] -- Found Protobuf: /usr/lib/x86_64-linux-gnu/libprotobuf.so (found version "3.12.4") 
[0.817s] -- Looking for ignition-math6 -- found version 6.15.1
[0.897s] -- Searching for dependencies of ignition-math6
[0.918s] -- Looking for OGRE...
[0.954s] -- Found Ogre Ghadamon (1.9.0)
[0.965s] -- Found OGRE: optimized;/usr/lib/x86_64-linux-gnu/libOgreMain.so;debug;/usr/lib/x86_64-linux-gnu/libOgreMain.so
[0.982s] -- Looking for OGRE_Paging...
[0.982s] -- Found OGRE_Paging: optimized;/usr/lib/x86_64-linux-gnu/libOgrePaging.so;debug;/usr/lib/x86_64-linux-gnu/libOgrePaging.so
[0.982s] -- Looking for OGRE_Terrain...
[0.982s] -- Found OGRE_Terrain: optimized;/usr/lib/x86_64-linux-gnu/libOgreTerrain.so;debug;/usr/lib/x86_64-linux-gnu/libOgreTerrain.so
[0.982s] -- Looking for OGRE_Property...
[0.982s] -- Found OGRE_Property: optimized;/usr/lib/x86_64-linux-gnu/libOgreProperty.so;debug;/usr/lib/x86_64-linux-gnu/libOgreProperty.so
[0.982s] -- Looking for OGRE_RTShaderSystem...
[0.982s] -- Found OGRE_RTShaderSystem: optimized;/usr/lib/x86_64-linux-gnu/libOgreRTShaderSystem.so;debug;/usr/lib/x86_64-linux-gnu/libOgreRTShaderSystem.so
[0.982s] -- Looking for OGRE_Volume...
[0.982s] -- Found OGRE_Volume: optimized;/usr/lib/x86_64-linux-gnu/libOgreVolume.so;debug;/usr/lib/x86_64-linux-gnu/libOgreVolume.so
[0.982s] -- Looking for OGRE_Overlay...
[0.982s] -- Found OGRE_Overlay: optimized;/usr/lib/x86_64-linux-gnu/libOgreOverlay.so;debug;/usr/lib/x86_64-linux-gnu/libOgreOverlay.so
[1.023s] -- Looking for ignition-math6 -- found version 6.15.1
[1.039s] -- Looking for ignition-transport8 -- found version 8.2.1
[1.039s] -- Searching for dependencies of ignition-transport8
[1.057s] -- Found Protobuf: /usr/lib/x86_64-linux-gnu/libprotobuf.so (found suitable version "3.12.4", minimum required is "3") 
[1.067s] -- Config-file not installed for ZeroMQ -- checking for pkg-config
[1.072s] -- Checking for module 'libzmq >= 4'
[1.187s] --   Found libzmq , version 4.3.4
[1.279s] -- Checking for module 'uuid'
[1.324s] --   Found uuid, version 2.37.2
[1.409s] -- Looking for ignition-msgs5 -- found version 5.8.1
[1.410s] -- Searching for dependencies of ignition-msgs5
[1.436s] -- Looking for ignition-math6 -- found version 6.15.1
[1.444s] -- Checking for module 'tinyxml2'
[1.490s] --   Found tinyxml2, version 9.0.0
[1.563s] -- Looking for ignition-msgs5 -- found version 5.8.1
[1.582s] -- Looking for ignition-common3 -- found version 3.14.0
[1.583s] -- Searching for dependencies of ignition-common3
[1.583s] -- Looking for dlfcn.h - found
[1.583s] -- Looking for libdl - found
[1.615s] -- Searching for <ignition-common3> component [graphics]
[1.633s] -- Looking for ignition-common3-graphics -- found version 3.14.0
[1.634s] -- Searching for dependencies of ignition-common3-graphics
[1.634s] -- Looking for ignition-math6 -- found version 6.15.1
[1.658s] -- Looking for ignition-fuel_tools4 -- found version 4.4.0
[1.660s] -- Searching for dependencies of ignition-fuel_tools4
[1.787s] -- Checking for module 'jsoncpp'
[1.814s] --   Found jsoncpp, version 1.9.5
[1.894s] -- Checking for module 'libzip'
[1.945s] --   Found libzip, version 1.7.3
[2.016s] -- Looking for ignition-common3 -- found version 3.14.0
[2.017s] -- Looking for ignition-math6 -- found version 6.15.1
[2.017s] -- Looking for ignition-msgs5 -- found version 5.8.1
[2.044s] -- Gazebo version: 11.10
[2.048s] -- Found ament_lint_auto: 0.12.11 (/opt/ros/humble/share/ament_lint_auto/cmake)
[2.109s] -- Added test 'cppcheck' to perform static code analysis on C / C++ code
[2.109s] -- Configured cppcheck include dirs: 
[2.110s] -- Configured cppcheck exclude dirs and/or files: 
[2.110s] -- Added test 'flake8' to check Python code syntax and style conventions
[2.110s] -- Added test 'lint_cmake' to check CMake code style
[2.111s] -- Added test 'pep257' to check Python code against some of the docstring style conventions in PEP 257
[2.112s] -- Added test 'uncrustify' to check C / C++ code style
[2.113s] -- Configured uncrustify additional arguments: 
[2.113s] -- Added test 'xmllint' to check XML markup files
[2.113s] -- Configuring done
[2.116s] -- Generating done
[2.118s] -- Build files have been written to: /home/nishant/Documents/RL_Collision_Avoidance_Project/Collision_Avoidance_WS/build/my_env
[2.152s] Invoked command in '/home/nishant/Documents/RL_Collision_Avoidance_Project/Collision_Avoidance_WS/build/my_env' returned '0': CMAKE_PREFIX_PATH=${CMAKE_PREFIX_PATH}:/opt/ros/humble /usr/bin/cmake --build /home/nishant/Documents/RL_Collision_Avoidance_Project/Collision_Avoidance_WS/build/my_env -- -j12 -l12
[2.168s] Invoking command in '/home/nishant/Documents/RL_Collision_Avoidance_Project/Collision_Avoidance_WS/build/my_env': CMAKE_PREFIX_PATH=${CMAKE_PREFIX_PATH}:/opt/ros/humble /usr/bin/cmake --install /home/nishant/Documents/RL_Collision_Avoidance_Project/Collision_Avoidance_WS/build/my_env
[2.177s] -- Install configuration: ""
[2.178s] -- Execute custom install script
[2.179s] -- Up-to-date symlink: /home/nishant/Documents/RL_Collision_Avoidance_Project/Collision_Avoidance_WS/install/my_env/share/my_env//launch/robot_state_publisher.launch.py
[2.179s] -- Up-to-date symlink: /home/nishant/Documents/RL_Collision_Avoidance_Project/Collision_Avoidance_WS/install/my_env/share/my_env//launch/spawn_turtlebot3.launch.py
[2.179s] -- Up-to-date symlink: /home/nishant/Documents/RL_Collision_Avoidance_Project/Collision_Avoidance_WS/install/my_env/share/my_env//launch/training_env.launch.py
[2.179s] -- Up-to-date symlink: /home/nishant/Documents/RL_Collision_Avoidance_Project/Collision_Avoidance_WS/install/my_env/share/my_env//urdf/turtlebot3_burger.urdf
[2.180s] -- Up-to-date symlink: /home/nishant/Documents/RL_Collision_Avoidance_Project/Collision_Avoidance_WS/install/my_env/share/my_env//person_walking/materials/textures/eyebrow001-unmodified.png
[2.180s] -- Up-to-date symlink: /home/nishant/Documents/RL_Collision_Avoidance_Project/Collision_Avoidance_WS/install/my_env/share/my_env//person_walking/materials/textures/eyebrow001.png
[2.181s] -- Up-to-date symlink: /home/nishant/Documents/RL_Collision_Avoidance_Project/Collision_Avoidance_WS/install/my_env/share/my_env//person_walking/materials/textures/green_eye.png
[2.181s] -- Up-to-date symlink: /home/nishant/Documents/RL_Collision_Avoidance_Project/Collision_Avoidance_WS/install/my_env/share/my_env//person_walking/materials/textures/jeans01_normals.png
[2.181s] -- Up-to-date symlink: /home/nishant/Documents/RL_Collision_Avoidance_Project/Collision_Avoidance_WS/install/my_env/share/my_env//person_walking/materials/textures/jeans_basic_diffuse.png
[2.181s] -- Up-to-date symlink: /home/nishant/Documents/RL_Collision_Avoidance_Project/Collision_Avoidance_WS/install/my_env/share/my_env//person_walking/materials/textures/male02_diffuse_black-unmodified.png
[2.181s] -- Up-to-date symlink: /home/nishant/Documents/RL_Collision_Avoidance_Project/Collision_Avoidance_WS/install/my_env/share/my_env//person_walking/materials/textures/male02_diffuse_black.png
[2.181s] -- Up-to-date symlink: /home/nishant/Documents/RL_Collision_Avoidance_Project/Collision_Avoidance_WS/install/my_env/share/my_env//person_walking/materials/textures/teeth.png
[2.181s] -- Up-to-date symlink: /home/nishant/Documents/RL_Collision_Avoidance_Project/Collision_Avoidance_WS/install/my_env/share/my_env//person_walking/materials/textures/tshirt02_normals.png
[2.181s] -- Up-to-date symlink: /home/nishant/Documents/RL_Collision_Avoidance_Project/Collision_Avoidance_WS/install/my_env/share/my_env//person_walking/materials/textures/tshirt02_texture.png
[2.182s] -- Up-to-date symlink: /home/nishant/Documents/RL_Collision_Avoidance_Project/Collision_Avoidance_WS/install/my_env/share/my_env//person_walking/materials/textures/young_lightskinned_male_diffuse.png
[2.182s] -- Up-to-date symlink: /home/nishant/Documents/RL_Collision_Avoidance_Project/Collision_Avoidance_WS/install/my_env/share/my_env//person_walking/meshes/walking.dae
[2.182s] -- Up-to-date symlink: /home/nishant/Documents/RL_Collision_Avoidance_Project/Collision_Avoidance_WS/install/my_env/share/my_env//person_walking/model.config
[2.182s] -- Up-to-date symlink: /home/nishant/Documents/RL_Collision_Avoidance_Project/Collision_Avoidance_WS/install/my_env/share/my_env//person_walking/model.sdf
[2.182s] -- Up-to-date symlink: /home/nishant/Documents/RL_Collision_Avoidance_Project/Collision_Avoidance_WS/install/my_env/share/my_env//turtlebot3_burger/model-1_4.sdf
[2.182s] -- Up-to-date symlink: /home/nishant/Documents/RL_Collision_Avoidance_Project/Collision_Avoidance_WS/install/my_env/share/my_env//turtlebot3_burger/model.config
[2.182s] -- Up-to-date symlink: /home/nishant/Documents/RL_Collision_Avoidance_Project/Collision_Avoidance_WS/install/my_env/share/my_env//turtlebot3_burger/model.sdf
[2.182s] -- Up-to-date symlink: /home/nishant/Documents/RL_Collision_Avoidance_Project/Collision_Avoidance_WS/install/my_env/share/my_env//turtlebot3_common/meshes/burger_base.dae
[2.183s] -- Up-to-date symlink: /home/nishant/Documents/RL_Collision_Avoidance_Project/Collision_Avoidance_WS/install/my_env/share/my_env//turtlebot3_common/meshes/lds.dae
[2.183s] -- Up-to-date symlink: /home/nishant/Documents/RL_Collision_Avoidance_Project/Collision_Avoidance_WS/install/my_env/share/my_env//turtlebot3_common/meshes/r200.dae
[2.183s] -- Up-to-date symlink: /home/nishant/Documents/RL_Collision_Avoidance_Project/Collision_Avoidance_WS/install/my_env/share/my_env//turtlebot3_common/meshes/tire.dae
[2.183s] -- Up-to-date symlink: /home/nishant/Documents/RL_Collision_Avoidance_Project/Collision_Avoidance_WS/install/my_env/share/my_env//turtlebot3_common/meshes/waffle_base.dae
[2.183s] -- Up-to-date symlink: /home/nishant/Documents/RL_Collision_Avoidance_Project/Collision_Avoidance_WS/install/my_env/share/my_env//turtlebot3_common/meshes/waffle_pi_base.dae
[2.183s] -- Up-to-date symlink: /home/nishant/Documents/RL_Collision_Avoidance_Project/Collision_Avoidance_WS/install/my_env/share/my_env//turtlebot3_common/model.config
[2.183s] -- Up-to-date symlink: /home/nishant/Documents/RL_Collision_Avoidance_Project/Collision_Avoidance_WS/install/my_env/share/my_env//turtlebot3_dqn_world/goal_box/model.config
[2.183s] -- Up-to-date symlink: /home/nishant/Documents/RL_Collision_Avoidance_Project/Collision_Avoidance_WS/install/my_env/share/my_env//turtlebot3_dqn_world/goal_box/model.sdf
[2.184s] -- Up-to-date symlink: /home/nishant/Documents/RL_Collision_Avoidance_Project/Collision_Avoidance_WS/install/my_env/share/my_env//turtlebot3_dqn_world/inner_walls/model.config
[2.184s] -- Up-to-date symlink: /home/nishant/Documents/RL_Collision_Avoidance_Project/Collision_Avoidance_WS/install/my_env/share/my_env//turtlebot3_dqn_world/inner_walls/model.sdf
[2.184s] -- Up-to-date symlink: /home/nishant/Documents/RL_Collision_Avoidance_Project/Collision_Avoidance_WS/install/my_env/share/my_env//turtlebot3_dqn_world/model.config
[2.184s] -- Up-to-date symlink: /home/nishant/Documents/RL_Collision_Avoidance_Project/Collision_Avoidance_WS/install/my_env/share/my_env//turtlebot3_dqn_world/model.sdf
[2.184s] -- Up-to-date symlink: /home/nishant/Documents/RL_Collision_Avoidance_Project/Collision_Avoidance_WS/install/my_env/share/my_env//turtlebot3_dqn_world/obstacle1/model.config
[2.184s] -- Up-to-date symlink: /home/nishant/Documents/RL_Collision_Avoidance_Project/Collision_Avoidance_WS/install/my_env/share/my_env//turtlebot3_dqn_world/obstacle1/model.sdf
[2.184s] -- Up-to-date symlink: /home/nishant/Documents/RL_Collision_Avoidance_Project/Collision_Avoidance_WS/install/my_env/share/my_env//turtlebot3_dqn_world/obstacle2/model.config
[2.184s] -- Up-to-date symlink: /home/nishant/Documents/RL_Collision_Avoidance_Project/Collision_Avoidance_WS/install/my_env/share/my_env//turtlebot3_dqn_world/obstacle2/model.sdf
[2.185s] -- Up-to-date symlink: /home/nishant/Documents/RL_Collision_Avoidance_Project/Collision_Avoidance_WS/install/my_env/share/my_env//turtlebot3_dqn_world/obstacle_plugin/CMakeLists.txt
[2.185s] -- Up-to-date symlink: /home/nishant/Documents/RL_Collision_Avoidance_Project/Collision_Avoidance_WS/install/my_env/share/my_env//turtlebot3_dqn_world/obstacle_plugin/obstacle1.cc
[2.185s] -- Up-to-date symlink: /home/nishant/Documents/RL_Collision_Avoidance_Project/Collision_Avoidance_WS/install/my_env/share/my_env//turtlebot3_dqn_world/obstacle_plugin/obstacle2.cc
[2.185s] -- Up-to-date symlink: /home/nishant/Documents/RL_Collision_Avoidance_Project/Collision_Avoidance_WS/install/my_env/share/my_env//turtlebot3_dqn_world/obstacle_plugin/obstacles.cc
[2.185s] -- Up-to-date symlink: /home/nishant/Documents/RL_Collision_Avoidance_Project/Collision_Avoidance_WS/install/my_env/share/my_env//turtlebot3_dqn_world/obstacles/model.config
[2.185s] -- Up-to-date symlink: /home/nishant/Documents/RL_Collision_Avoidance_Project/Collision_Avoidance_WS/install/my_env/share/my_env//turtlebot3_dqn_world/obstacles/model.sdf
[2.185s] -- Up-to-date symlink: /home/nishant/Documents/RL_Collision_Avoidance_Project/Collision_Avoidance_WS/install/my_env/share/my_env//turtlebot3_house/model.config
[2.186s] -- Up-to-date symlink: /home/nishant/Documents/RL_Collision_Avoidance_Project/Collision_Avoidance_WS/install/my_env/share/my_env//turtlebot3_house/model.sdf
[2.186s] -- Up-to-date symlink: /home/nishant/Documents/RL_Collision_Avoidance_Project/Collision_Avoidance_WS/install/my_env/share/my_env//turtlebot3_waffle/model-1_4.sdf
[2.186s] -- Up-to-date symlink: /home/nishant/Documents/RL_Collision_Avoidance_Project/Collision_Avoidance_WS/install/my_env/share/my_env//turtlebot3_waffle/model.config
[2.186s] -- Up-to-date symlink: /home/nishant/Documents/RL_Collision_Avoidance_Project/Collision_Avoidance_WS/install/my_env/share/my_env//turtlebot3_waffle/model.sdf
[2.186s] -- Up-to-date symlink: /home/nishant/Documents/RL_Collision_Avoidance_Project/Collision_Avoidance_WS/install/my_env/share/my_env//turtlebot3_waffle_pi/model-1_4_.sdf
[2.186s] -- Up-to-date symlink: /home/nishant/Documents/RL_Collision_Avoidance_Project/Collision_Avoidance_WS/install/my_env/share/my_env//turtlebot3_waffle_pi/model.config
[2.186s] -- Up-to-date symlink: /home/nishant/Documents/RL_Collision_Avoidance_Project/Collision_Avoidance_WS/install/my_env/share/my_env//turtlebot3_waffle_pi/model.sdf
[2.186s] -- Up-to-date symlink: /home/nishant/Documents/RL_Collision_Avoidance_Project/Collision_Avoidance_WS/install/my_env/share/my_env//turtlebot3_world/meshes/hexagon.dae
[2.186s] -- Up-to-date symlink: /home/nishant/Documents/RL_Collision_Avoidance_Project/Collision_Avoidance_WS/install/my_env/share/my_env//turtlebot3_world/meshes/wall.dae
[2.186s] -- Up-to-date symlink: /home/nishant/Documents/RL_Collision_Avoidance_Project/Collision_Avoidance_WS/install/my_env/share/my_env//turtlebot3_world/model-1_4.sdf
[2.187s] -- Up-to-date symlink: /home/nishant/Documents/RL_Collision_Avoidance_Project/Collision_Avoidance_WS/install/my_env/share/my_env//turtlebot3_world/model.config
[2.187s] -- Up-to-date symlink: /home/nishant/Documents/RL_Collision_Avoidance_Project/Collision_Avoidance_WS/install/my_env/share/my_env//turtlebot3_world/model.sdf
[2.187s] -- Up-to-date symlink: /home/nishant/Documents/RL_Collision_Avoidance_Project/Collision_Avoidance_WS/install/my_env/share/my_env//worlds/bot_with_people.world
[2.187s] -- Up-to-date symlink: /home/nishant/Documents/RL_Collision_Avoidance_Project/Collision_Avoidance_WS/install/my_env/share/ament_index/resource_index/package_run_dependencies/my_env
[2.187s] -- Up-to-date symlink: /home/nishant/Documents/RL_Collision_Avoidance_Project/Collision_Avoidance_WS/install/my_env/share/ament_index/resource_index/parent_prefix_path/my_env
[2.187s] -- Up-to-date symlink: /home/nishant/Documents/RL_Collision_Avoidance_Project/Collision_Avoidance_WS/install/my_env/share/my_env/environment/ament_prefix_path.sh
[2.187s] -- Up-to-date symlink: /home/nishant/Documents/RL_Collision_Avoidance_Project/Collision_Avoidance_WS/install/my_env/share/my_env/environment/ament_prefix_path.dsv
[2.188s] -- Up-to-date symlink: /home/nishant/Documents/RL_Collision_Avoidance_Project/Collision_Avoidance_WS/install/my_env/share/my_env/environment/path.sh
[2.188s] -- Up-to-date symlink: /home/nishant/Documents/RL_Collision_Avoidance_Project/Collision_Avoidance_WS/install/my_env/share/my_env/environment/path.dsv
[2.188s] -- Up-to-date symlink: /home/nishant/Documents/RL_Collision_Avoidance_Project/Collision_Avoidance_WS/install/my_env/share/my_env/local_setup.bash
[2.188s] -- Up-to-date symlink: /home/nishant/Documents/RL_Collision_Avoidance_Project/Collision_Avoidance_WS/install/my_env/share/my_env/local_setup.sh
[2.188s] -- Up-to-date symlink: /home/nishant/Documents/RL_Collision_Avoidance_Project/Collision_Avoidance_WS/install/my_env/share/my_env/local_setup.zsh
[2.188s] -- Up-to-date symlink: /home/nishant/Documents/RL_Collision_Avoidance_Project/Collision_Avoidance_WS/install/my_env/share/my_env/local_setup.dsv
[2.188s] -- Symlinking: /home/nishant/Documents/RL_Collision_Avoidance_Project/Collision_Avoidance_WS/install/my_env/share/my_env/package.dsv
[2.199s] -- Up-to-date symlink: /home/nishant/Documents/RL_Collision_Avoidance_Project/Collision_Avoidance_WS/install/my_env/share/ament_index/resource_index/packages/my_env
[2.200s] -- Up-to-date symlink: /home/nishant/Documents/RL_Collision_Avoidance_Project/Collision_Avoidance_WS/install/my_env/share/my_env/cmake/my_envConfig.cmake
[2.200s] -- Up-to-date symlink: /home/nishant/Documents/RL_Collision_Avoidance_Project/Collision_Avoidance_WS/install/my_env/share/my_env/cmake/my_envConfig-version.cmake
[2.200s] -- Up-to-date symlink: /home/nishant/Documents/RL_Collision_Avoidance_Project/Collision_Avoidance_WS/install/my_env/share/my_env/package.xml
[2.201s] Invoked command in '/home/nishant/Documents/RL_Collision_Avoidance_Project/Collision_Avoidance_WS/build/my_env' returned '0': CMAKE_PREFIX_PATH=${CMAKE_PREFIX_PATH}:/opt/ros/humble /usr/bin/cmake --install /home/nishant/Documents/RL_Collision_Avoidance_Project/Collision_Avoidance_WS/build/my_env
