[7.398s] DEBUG:colcon:Command line arguments: ['/usr/bin/colcon', 'build']
[7.398s] DEBUG:colcon:Parsed command line arguments: Namespace(log_base=None, log_level=None, verb_name='build', build_base='build', install_base='install', merge_install=False, symlink_install=False, test_result_base=None, continue_on_error=False, executor='parallel', parallel_workers=12, event_handlers=None, ignore_user_meta=False, metas=['./colcon.meta'], base_paths=['.'], packages_ignore=None, packages_ignore_regex=None, paths=None, packages_up_to=None, packages_up_to_regex=None, packages_above=None, packages_above_and_dependencies=None, packages_above_depth=None, packages_select_by_dep=None, packages_skip_by_dep=None, packages_skip_up_to=None, packages_select_build_failed=False, packages_skip_build_finished=False, packages_select_test_failures=False, packages_skip_test_passed=False, packages_select=None, packages_skip=None, packages_select_regex=None, packages_skip_regex=None, packages_start=None, packages_end=None, allow_overriding=[], cmake_args=None, cmake_target=None, cmake_target_skip_unavailable=False, cmake_clean_cache=False, cmake_clean_first=False, cmake_force_configure=False, ament_cmake_args=None, catkin_cmake_args=None, catkin_skip_building_tests=False, mixin_files=None, mixin=None, verb_parser=<colcon_mixin.mixin.mixin_argument.MixinArgumentDecorator object at 0x7a87e13d4f10>, verb_extension=<colcon_core.verb.build.BuildVerb object at 0x7a87e15af280>, main=<bound method BuildVerb.main of <colcon_core.verb.build.BuildVerb object at 0x7a87e15af280>>, mixin_verb=('build',))
[7.969s] Level 1:colcon.colcon_core.package_discovery:discover_packages(colcon_meta) check parameters
[7.969s] Level 1:colcon.colcon_core.package_discovery:discover_packages(recursive) check parameters
[7.970s] Level 1:colcon.colcon_core.package_discovery:discover_packages(ignore) check parameters
[7.970s] Level 1:colcon.colcon_core.package_discovery:discover_packages(path) check parameters
[7.970s] Level 1:colcon.colcon_core.package_discovery:discover_packages(colcon_meta) discover
[7.970s] Level 1:colcon.colcon_core.package_discovery:discover_packages(recursive) discover
[7.970s] INFO:colcon.colcon_core.package_discovery:Crawling recursively for packages in '/home/nishant/Documents/RL_Collision_Avoidance_Project/Collision_Avoidance_WS'
[7.970s] Level 1:colcon.colcon_core.package_identification:_identify(.) by extensions ['ignore', 'ignore_ament_install']
[7.971s] Level 1:colcon.colcon_core.package_identification:_identify(.) by extension 'ignore'
[7.971s] Level 1:colcon.colcon_core.package_identification:_identify(.) by extension 'ignore_ament_install'
[7.971s] Level 1:colcon.colcon_core.package_identification:_identify(.) by extensions ['colcon_pkg']
[7.971s] Level 1:colcon.colcon_core.package_identification:_identify(.) by extension 'colcon_pkg'
[7.971s] Level 1:colcon.colcon_core.package_identification:_identify(.) by extensions ['colcon_meta']
[7.971s] Level 1:colcon.colcon_core.package_identification:_identify(.) by extension 'colcon_meta'
[7.971s] Level 1:colcon.colcon_core.package_identification:_identify(.) by extensions ['ros']
[7.971s] Level 1:colcon.colcon_core.package_identification:_identify(.) by extension 'ros'
[8.063s] Level 1:colcon.colcon_core.package_identification:_identify(.) by extensions ['cmake', 'python']
[8.064s] Level 1:colcon.colcon_core.package_identification:_identify(.) by extension 'cmake'
[8.064s] Level 1:colcon.colcon_core.package_identification:_identify(.) by extension 'python'
[8.064s] Level 1:colcon.colcon_core.package_identification:_identify(.) by extensions ['python_setup_py']
[8.064s] Level 1:colcon.colcon_core.package_identification:_identify(.) by extension 'python_setup_py'
[8.064s] Level 1:colcon.colcon_core.package_identification:_identify(build) by extensions ['ignore', 'ignore_ament_install']
[8.064s] Level 1:colcon.colcon_core.package_identification:_identify(build) by extension 'ignore'
[8.064s] Level 1:colcon.colcon_core.package_identification:_identify(build) ignored
[8.064s] Level 1:colcon.colcon_core.package_identification:_identify(install) by extensions ['ignore', 'ignore_ament_install']
[8.064s] Level 1:colcon.colcon_core.package_identification:_identify(install) by extension 'ignore'
[8.064s] Level 1:colcon.colcon_core.package_identification:_identify(install) ignored
[8.064s] Level 1:colcon.colcon_core.package_identification:_identify(log) by extensions ['ignore', 'ignore_ament_install']
[8.065s] Level 1:colcon.colcon_core.package_identification:_identify(log) by extension 'ignore'
[8.065s] Level 1:colcon.colcon_core.package_identification:_identify(log) ignored
[8.065s] Level 1:colcon.colcon_core.package_identification:_identify(src) by extensions ['ignore', 'ignore_ament_install']
[8.065s] Level 1:colcon.colcon_core.package_identification:_identify(src) by extension 'ignore'
[8.065s] Level 1:colcon.colcon_core.package_identification:_identify(src) by extension 'ignore_ament_install'
[8.065s] Level 1:colcon.colcon_core.package_identification:_identify(src) by extensions ['colcon_pkg']
[8.065s] Level 1:colcon.colcon_core.package_identification:_identify(src) by extension 'colcon_pkg'
[8.065s] Level 1:colcon.colcon_core.package_identification:_identify(src) by extensions ['colcon_meta']
[8.065s] Level 1:colcon.colcon_core.package_identification:_identify(src) by extension 'colcon_meta'
[8.065s] Level 1:colcon.colcon_core.package_identification:_identify(src) by extensions ['ros']
[8.065s] Level 1:colcon.colcon_core.package_identification:_identify(src) by extension 'ros'
[8.065s] Level 1:colcon.colcon_core.package_identification:_identify(src) by extensions ['cmake', 'python']
[8.065s] Level 1:colcon.colcon_core.package_identification:_identify(src) by extension 'cmake'
[8.065s] Level 1:colcon.colcon_core.package_identification:_identify(src) by extension 'python'
[8.065s] Level 1:colcon.colcon_core.package_identification:_identify(src) by extensions ['python_setup_py']
[8.065s] Level 1:colcon.colcon_core.package_identification:_identify(src) by extension 'python_setup_py'
[8.065s] Level 1:colcon.colcon_core.package_identification:_identify(src/my_env) by extensions ['ignore', 'ignore_ament_install']
[8.065s] Level 1:colcon.colcon_core.package_identification:_identify(src/my_env) by extension 'ignore'
[8.065s] Level 1:colcon.colcon_core.package_identification:_identify(src/my_env) by extension 'ignore_ament_install'
[8.065s] Level 1:colcon.colcon_core.package_identification:_identify(src/my_env) by extensions ['colcon_pkg']
[8.065s] Level 1:colcon.colcon_core.package_identification:_identify(src/my_env) by extension 'colcon_pkg'
[8.066s] Level 1:colcon.colcon_core.package_identification:_identify(src/my_env) by extensions ['colcon_meta']
[8.066s] Level 1:colcon.colcon_core.package_identification:_identify(src/my_env) by extension 'colcon_meta'
[8.066s] Level 1:colcon.colcon_core.package_identification:_identify(src/my_env) by extensions ['ros']
[8.066s] Level 1:colcon.colcon_core.package_identification:_identify(src/my_env) by extension 'ros'
[8.112s] DEBUG:colcon.colcon_core.package_identification:Package 'src/my_env' with type 'ros.ament_cmake' and name 'my_env'
[8.112s] Level 1:colcon.colcon_core.package_discovery:discover_packages(recursive) using defaults
[8.112s] Level 1:colcon.colcon_core.package_discovery:discover_packages(ignore) discover
[8.112s] Level 1:colcon.colcon_core.package_discovery:discover_packages(ignore) using defaults
[8.112s] Level 1:colcon.colcon_core.package_discovery:discover_packages(path) discover
[8.112s] Level 1:colcon.colcon_core.package_discovery:discover_packages(path) using defaults
[8.444s] Level 1:colcon.colcon_core.package_discovery:discover_packages(prefix_path) check parameters
[8.444s] Level 1:colcon.colcon_core.package_discovery:discover_packages(prefix_path) discover
[8.452s] DEBUG:colcon.colcon_installed_package_information.package_discovery:Found 454 installed packages in /opt/ros/humble
[8.456s] Level 1:colcon.colcon_core.package_discovery:discover_packages(prefix_path) using defaults
[8.541s] Level 5:colcon.colcon_core.verb:set package 'my_env' build argument 'cmake_args' from command line to 'None'
[8.541s] Level 5:colcon.colcon_core.verb:set package 'my_env' build argument 'cmake_target' from command line to 'None'
[8.541s] Level 5:colcon.colcon_core.verb:set package 'my_env' build argument 'cmake_target_skip_unavailable' from command line to 'False'
[8.541s] Level 5:colcon.colcon_core.verb:set package 'my_env' build argument 'cmake_clean_cache' from command line to 'False'
[8.541s] Level 5:colcon.colcon_core.verb:set package 'my_env' build argument 'cmake_clean_first' from command line to 'False'
[8.541s] Level 5:colcon.colcon_core.verb:set package 'my_env' build argument 'cmake_force_configure' from command line to 'False'
[8.541s] Level 5:colcon.colcon_core.verb:set package 'my_env' build argument 'ament_cmake_args' from command line to 'None'
[8.541s] Level 5:colcon.colcon_core.verb:set package 'my_env' build argument 'catkin_cmake_args' from command line to 'None'
[8.541s] Level 5:colcon.colcon_core.verb:set package 'my_env' build argument 'catkin_skip_building_tests' from command line to 'False'
[8.541s] DEBUG:colcon.colcon_core.verb:Building package 'my_env' with the following arguments: {'ament_cmake_args': None, 'build_base': '/home/nishant/Documents/RL_Collision_Avoidance_Project/Collision_Avoidance_WS/build/my_env', 'catkin_cmake_args': None, 'catkin_skip_building_tests': False, 'cmake_args': None, 'cmake_clean_cache': False, 'cmake_clean_first': False, 'cmake_force_configure': False, 'cmake_target': None, 'cmake_target_skip_unavailable': False, 'install_base': '/home/nishant/Documents/RL_Collision_Avoidance_Project/Collision_Avoidance_WS/install/my_env', 'merge_install': False, 'path': '/home/nishant/Documents/RL_Collision_Avoidance_Project/Collision_Avoidance_WS/src/my_env', 'symlink_install': False, 'test_result_base': None}
[8.541s] INFO:colcon.colcon_core.executor:Executing jobs using 'parallel' executor
[8.542s] DEBUG:colcon.colcon_parallel_executor.executor.parallel:run_until_complete
[8.542s] INFO:colcon.colcon_ros.task.ament_cmake.build:Building ROS package in '/home/nishant/Documents/RL_Collision_Avoidance_Project/Collision_Avoidance_WS/src/my_env' with build type 'ament_cmake'
[8.542s] INFO:colcon.colcon_cmake.task.cmake.build:Building CMake package in '/home/nishant/Documents/RL_Collision_Avoidance_Project/Collision_Avoidance_WS/src/my_env'
[8.546s] INFO:colcon.colcon_core.plugin_system:Skipping extension 'colcon_core.shell.bat': Not used on non-Windows systems
[8.546s] INFO:colcon.colcon_core.shell:Skip shell extension 'powershell' for command environment: Not usable outside of PowerShell
[8.546s] DEBUG:colcon.colcon_core.shell:Skip shell extension 'dsv' for command environment
[8.660s] DEBUG:colcon.colcon_core.event_handler.log_command:Invoking command in '/home/nishant/Documents/RL_Collision_Avoidance_Project/Collision_Avoidance_WS/build/my_env': CMAKE_PREFIX_PATH=/opt/ros/humble /usr/bin/cmake --build /home/nishant/Documents/RL_Collision_Avoidance_Project/Collision_Avoidance_WS/build/my_env -- -j12 -l12
[10.240s] DEBUG:colcon.colcon_core.event_handler.log_command:Invoked command in '/home/nishant/Documents/RL_Collision_Avoidance_Project/Collision_Avoidance_WS/build/my_env' returned '0': CMAKE_PREFIX_PATH=/opt/ros/humble /usr/bin/cmake --build /home/nishant/Documents/RL_Collision_Avoidance_Project/Collision_Avoidance_WS/build/my_env -- -j12 -l12
[10.301s] DEBUG:colcon.colcon_core.event_handler.log_command:Invoking command in '/home/nishant/Documents/RL_Collision_Avoidance_Project/Collision_Avoidance_WS/build/my_env': CMAKE_PREFIX_PATH=/opt/ros/humble /usr/bin/cmake --install /home/nishant/Documents/RL_Collision_Avoidance_Project/Collision_Avoidance_WS/build/my_env
[10.565s] Level 1:colcon.colcon_core.environment:create_environment_scripts_only(my_env)
[10.566s] DEBUG:colcon.colcon_core.event_handler.log_command:Invoked command in '/home/nishant/Documents/RL_Collision_Avoidance_Project/Collision_Avoidance_WS/build/my_env' returned '0': CMAKE_PREFIX_PATH=/opt/ros/humble /usr/bin/cmake --install /home/nishant/Documents/RL_Collision_Avoidance_Project/Collision_Avoidance_WS/build/my_env
[10.655s] Level 1:colcon.colcon_core.environment:checking '/home/nishant/Documents/RL_Collision_Avoidance_Project/Collision_Avoidance_WS/install/my_env' for CMake module files
[10.656s] Level 1:colcon.colcon_core.environment:checking '/home/nishant/Documents/RL_Collision_Avoidance_Project/Collision_Avoidance_WS/install/my_env' for CMake config files
[10.657s] Level 1:colcon.colcon_core.shell:create_environment_hook('my_env', 'cmake_prefix_path')
[10.657s] INFO:colcon.colcon_core.shell:Creating environment hook '/home/nishant/Documents/RL_Collision_Avoidance_Project/Collision_Avoidance_WS/install/my_env/share/my_env/hook/cmake_prefix_path.ps1'
[10.675s] INFO:colcon.colcon_core.shell:Creating environment descriptor '/home/nishant/Documents/RL_Collision_Avoidance_Project/Collision_Avoidance_WS/install/my_env/share/my_env/hook/cmake_prefix_path.dsv'
[10.691s] INFO:colcon.colcon_core.shell:Creating environment hook '/home/nishant/Documents/RL_Collision_Avoidance_Project/Collision_Avoidance_WS/install/my_env/share/my_env/hook/cmake_prefix_path.sh'
[10.694s] Level 1:colcon.colcon_core.environment:checking '/home/nishant/Documents/RL_Collision_Avoidance_Project/Collision_Avoidance_WS/install/my_env/bin'
[10.694s] Level 1:colcon.colcon_core.environment:checking '/home/nishant/Documents/RL_Collision_Avoidance_Project/Collision_Avoidance_WS/install/my_env/lib/pkgconfig/my_env.pc'
[10.694s] Level 1:colcon.colcon_core.environment:checking '/home/nishant/Documents/RL_Collision_Avoidance_Project/Collision_Avoidance_WS/install/my_env/lib/python3.10/site-packages'
[10.695s] Level 1:colcon.colcon_core.environment:checking '/home/nishant/Documents/RL_Collision_Avoidance_Project/Collision_Avoidance_WS/install/my_env/bin'
[10.695s] INFO:colcon.colcon_core.shell:Creating package script '/home/nishant/Documents/RL_Collision_Avoidance_Project/Collision_Avoidance_WS/install/my_env/share/my_env/package.ps1'
[10.697s] INFO:colcon.colcon_core.shell:Creating package descriptor '/home/nishant/Documents/RL_Collision_Avoidance_Project/Collision_Avoidance_WS/install/my_env/share/my_env/package.dsv'
[10.698s] INFO:colcon.colcon_core.shell:Creating package script '/home/nishant/Documents/RL_Collision_Avoidance_Project/Collision_Avoidance_WS/install/my_env/share/my_env/package.sh'
[10.699s] INFO:colcon.colcon_core.shell:Creating package script '/home/nishant/Documents/RL_Collision_Avoidance_Project/Collision_Avoidance_WS/install/my_env/share/my_env/package.bash'
[10.722s] INFO:colcon.colcon_core.shell:Creating package script '/home/nishant/Documents/RL_Collision_Avoidance_Project/Collision_Avoidance_WS/install/my_env/share/my_env/package.zsh'
[10.738s] Level 1:colcon.colcon_core.environment:create_file_with_runtime_dependencies(/home/nishant/Documents/RL_Collision_Avoidance_Project/Collision_Avoidance_WS/install/my_env/share/colcon-core/packages/my_env)
[10.741s] Level 1:colcon.colcon_core.environment:create_environment_scripts_only(my_env)
[10.741s] Level 1:colcon.colcon_core.environment:checking '/home/nishant/Documents/RL_Collision_Avoidance_Project/Collision_Avoidance_WS/install/my_env' for CMake module files
[10.742s] Level 1:colcon.colcon_core.environment:checking '/home/nishant/Documents/RL_Collision_Avoidance_Project/Collision_Avoidance_WS/install/my_env' for CMake config files
[10.742s] Level 1:colcon.colcon_core.shell:create_environment_hook('my_env', 'cmake_prefix_path')
[10.743s] INFO:colcon.colcon_core.shell:Creating environment hook '/home/nishant/Documents/RL_Collision_Avoidance_Project/Collision_Avoidance_WS/install/my_env/share/my_env/hook/cmake_prefix_path.ps1'
[10.743s] INFO:colcon.colcon_core.shell:Creating environment descriptor '/home/nishant/Documents/RL_Collision_Avoidance_Project/Collision_Avoidance_WS/install/my_env/share/my_env/hook/cmake_prefix_path.dsv'
[10.744s] INFO:colcon.colcon_core.shell:Creating environment hook '/home/nishant/Documents/RL_Collision_Avoidance_Project/Collision_Avoidance_WS/install/my_env/share/my_env/hook/cmake_prefix_path.sh'
[10.745s] Level 1:colcon.colcon_core.environment:checking '/home/nishant/Documents/RL_Collision_Avoidance_Project/Collision_Avoidance_WS/install/my_env/bin'
[10.745s] Level 1:colcon.colcon_core.environment:checking '/home/nishant/Documents/RL_Collision_Avoidance_Project/Collision_Avoidance_WS/install/my_env/lib/pkgconfig/my_env.pc'
[10.745s] Level 1:colcon.colcon_core.environment:checking '/home/nishant/Documents/RL_Collision_Avoidance_Project/Collision_Avoidance_WS/install/my_env/lib/python3.10/site-packages'
[10.745s] Level 1:colcon.colcon_core.environment:checking '/home/nishant/Documents/RL_Collision_Avoidance_Project/Collision_Avoidance_WS/install/my_env/bin'
[10.746s] INFO:colcon.colcon_core.shell:Creating package script '/home/nishant/Documents/RL_Collision_Avoidance_Project/Collision_Avoidance_WS/install/my_env/share/my_env/package.ps1'
[10.746s] INFO:colcon.colcon_core.shell:Creating package descriptor '/home/nishant/Documents/RL_Collision_Avoidance_Project/Collision_Avoidance_WS/install/my_env/share/my_env/package.dsv'
[10.747s] INFO:colcon.colcon_core.shell:Creating package script '/home/nishant/Documents/RL_Collision_Avoidance_Project/Collision_Avoidance_WS/install/my_env/share/my_env/package.sh'
[10.747s] INFO:colcon.colcon_core.shell:Creating package script '/home/nishant/Documents/RL_Collision_Avoidance_Project/Collision_Avoidance_WS/install/my_env/share/my_env/package.bash'
[10.748s] INFO:colcon.colcon_core.shell:Creating package script '/home/nishant/Documents/RL_Collision_Avoidance_Project/Collision_Avoidance_WS/install/my_env/share/my_env/package.zsh'
[10.748s] Level 1:colcon.colcon_core.environment:create_file_with_runtime_dependencies(/home/nishant/Documents/RL_Collision_Avoidance_Project/Collision_Avoidance_WS/install/my_env/share/colcon-core/packages/my_env)
[10.749s] DEBUG:colcon.colcon_parallel_executor.executor.parallel:closing loop
[10.749s] DEBUG:colcon.colcon_parallel_executor.executor.parallel:loop closed
[10.749s] DEBUG:colcon.colcon_parallel_executor.executor.parallel:run_until_complete finished with '0'
[10.749s] DEBUG:colcon.colcon_core.event_reactor:joining thread
[10.787s] INFO:colcon.colcon_core.plugin_system:Skipping extension 'colcon_notification.desktop_notification.terminal_notifier': Not used on non-Darwin systems
[10.788s] INFO:colcon.colcon_core.plugin_system:Skipping extension 'colcon_notification.desktop_notification.win32': Not used on non-Windows systems
[10.788s] INFO:colcon.colcon_notification.desktop_notification:Sending desktop notification using 'notify2'
[10.810s] DEBUG:colcon.colcon_core.event_reactor:joined thread
[10.810s] INFO:colcon.colcon_core.shell:Creating prefix script '/home/nishant/Documents/RL_Collision_Avoidance_Project/Collision_Avoidance_WS/install/local_setup.ps1'
[10.847s] INFO:colcon.colcon_core.shell:Creating prefix util module '/home/nishant/Documents/RL_Collision_Avoidance_Project/Collision_Avoidance_WS/install/_local_setup_util_ps1.py'
[10.860s] INFO:colcon.colcon_core.shell:Creating prefix chain script '/home/nishant/Documents/RL_Collision_Avoidance_Project/Collision_Avoidance_WS/install/setup.ps1'
[10.862s] INFO:colcon.colcon_core.shell:Creating prefix script '/home/nishant/Documents/RL_Collision_Avoidance_Project/Collision_Avoidance_WS/install/local_setup.sh'
[10.881s] INFO:colcon.colcon_core.shell:Creating prefix util module '/home/nishant/Documents/RL_Collision_Avoidance_Project/Collision_Avoidance_WS/install/_local_setup_util_sh.py'
[10.882s] INFO:colcon.colcon_core.shell:Creating prefix chain script '/home/nishant/Documents/RL_Collision_Avoidance_Project/Collision_Avoidance_WS/install/setup.sh'
[10.885s] INFO:colcon.colcon_core.shell:Creating prefix script '/home/nishant/Documents/RL_Collision_Avoidance_Project/Collision_Avoidance_WS/install/local_setup.bash'
[10.886s] INFO:colcon.colcon_core.shell:Creating prefix chain script '/home/nishant/Documents/RL_Collision_Avoidance_Project/Collision_Avoidance_WS/install/setup.bash'
[10.888s] INFO:colcon.colcon_core.shell:Creating prefix script '/home/nishant/Documents/RL_Collision_Avoidance_Project/Collision_Avoidance_WS/install/local_setup.zsh'
[10.889s] INFO:colcon.colcon_core.shell:Creating prefix chain script '/home/nishant/Documents/RL_Collision_Avoidance_Project/Collision_Avoidance_WS/install/setup.zsh'
