[0.009s] Invoking command in '/home/nishant/Documents/RL_Collision_Avoidance_Project/Main/build/turtlebot3_gazebo': CMAKE_PREFIX_PATH=${CMAKE_PREFIX_PATH}:/opt/ros/humble /usr/bin/cmake /home/nishant/Documents/RL_Collision_Avoidance_Project/Main/src/turtlebot3_simulations/turtlebot3_gazebo -DCMAKE_INSTALL_PREFIX=/home/nishant/Documents/RL_Collision_Avoidance_Project/Main/install/turtlebot3_gazebo
[1.986s] -- The C compiler identification is GNU 11.4.0
[3.371s] -- The CXX compiler identification is GNU 11.4.0
[3.645s] -- Detecting C compiler ABI info
[4.324s] -- Detecting C compiler ABI info - done
[4.333s] -- Check for working C compiler: /usr/lib/ccache/cc - skipped
[4.333s] -- Detecting C compile features
[4.334s] -- Detecting C compile features - done
[4.337s] -- Detecting CXX compiler ABI info
[4.659s] -- Detecting CXX compiler ABI info - done
[4.666s] -- Check for working CXX compiler: /usr/lib/ccache/c++ - skipped
[4.667s] -- Detecting CXX compile features
[4.667s] -- Detecting CXX compile features - done
[4.781s] -- Found ament_cmake: 1.3.11 (/opt/ros/humble/share/ament_cmake/cmake)
[5.195s] -- Found Python3: /usr/bin/python3 (found version "3.10.12") found components: Interpreter 
[5.767s] [33mCMake Warning (dev) at /usr/share/cmake-3.22/Modules/FindPackageHandleStandardArgs.cmake:438 (message):
[5.768s]   The package name passed to `find_package_handle_standard_args` (PkgConfig)
[5.768s]   does not match the name of the calling package (gazebo).  This can lead to
[5.768s]   problems in calling code that expects `find_package` result variables
[5.768s]   (e.g., `_FOUND`) to follow a certain pattern.
[5.768s] Call Stack (most recent call first):
[5.768s]   /usr/share/cmake-3.22/Modules/FindPkgConfig.cmake:99 (find_package_handle_standard_args)
[5.768s]   /usr/lib/x86_64-linux-gnu/cmake/gazebo/gazebo-config.cmake:72 (include)
[5.769s]   CMakeLists.txt:23 (find_package)
[5.769s] This warning is for project developers.  Use -Wno-dev to suppress it.
[5.769s] [0m
[5.769s] -- Found PkgConfig: /usr/bin/pkg-config (found version "0.29.2") 
[5.773s] -- Checking for module 'bullet>=2.82'
[5.967s] --   Found bullet, version 3.05
[6.723s] -- Found fcl: /usr/include (found suitable version "0.7.0", minimum required is "0.5.0") 
[6.935s] -- Found assimp: /usr/include (found version "5.2.0") 
[7.552s] -- Found DART: /usr/include (Required is at least version "6.6") found components: dart 
[8.604s] -- Found Boost: /usr/lib/x86_64-linux-gnu/cmake/Boost-1.74.0/BoostConfig.cmake (found suitable version "1.74.0", minimum required is "1.40.0") found components: thread system filesystem program_options regex iostreams date_time 
[8.810s] -- Found Protobuf: /usr/lib/x86_64-linux-gnu/libprotobuf.so (found version "3.12.4") 
[8.879s] -- Looking for ignition-math6 -- found version 6.15.1
[9.027s] -- Searching for dependencies of ignition-math6
[9.069s] -- Looking for OGRE...
[9.070s] -- OGRE_PREFIX_WATCH changed.
[9.082s] -- Checking for module 'OGRE'
[9.107s] --   Found OGRE, version 1.9.0
[9.226s] -- Found Ogre Ghadamon (1.9.0)
[9.280s] -- Found OGRE: optimized;/usr/lib/x86_64-linux-gnu/libOgreMain.so;debug;/usr/lib/x86_64-linux-gnu/libOgreMain.so
[9.292s] -- Looking for OGRE_Paging...
[9.309s] -- Found OGRE_Paging: optimized;/usr/lib/x86_64-linux-gnu/libOgrePaging.so;debug;/usr/lib/x86_64-linux-gnu/libOgrePaging.so
[9.309s] -- Looking for OGRE_Terrain...
[9.314s] -- Found OGRE_Terrain: optimized;/usr/lib/x86_64-linux-gnu/libOgreTerrain.so;debug;/usr/lib/x86_64-linux-gnu/libOgreTerrain.so
[9.314s] -- Looking for OGRE_Property...
[9.318s] -- Found OGRE_Property: optimized;/usr/lib/x86_64-linux-gnu/libOgreProperty.so;debug;/usr/lib/x86_64-linux-gnu/libOgreProperty.so
[9.318s] -- Looking for OGRE_RTShaderSystem...
[9.323s] -- Found OGRE_RTShaderSystem: optimized;/usr/lib/x86_64-linux-gnu/libOgreRTShaderSystem.so;debug;/usr/lib/x86_64-linux-gnu/libOgreRTShaderSystem.so
[9.323s] -- Looking for OGRE_Volume...
[9.327s] -- Found OGRE_Volume: optimized;/usr/lib/x86_64-linux-gnu/libOgreVolume.so;debug;/usr/lib/x86_64-linux-gnu/libOgreVolume.so
[9.327s] -- Looking for OGRE_Overlay...
[9.331s] -- Found OGRE_Overlay: optimized;/usr/lib/x86_64-linux-gnu/libOgreOverlay.so;debug;/usr/lib/x86_64-linux-gnu/libOgreOverlay.so
[9.450s] -- Looking for ignition-math6 -- found version 6.15.1
[9.540s] -- Looking for ignition-transport8 -- found version 8.2.1
[9.542s] -- Searching for dependencies of ignition-transport8
[9.569s] -- Found Protobuf: /usr/lib/x86_64-linux-gnu/libprotobuf.so (found suitable version "3.12.4", minimum required is "3") 
[9.598s] -- Config-file not installed for ZeroMQ -- checking for pkg-config
[9.603s] -- Checking for module 'libzmq >= 4'
[9.790s] --   Found libzmq , version 4.3.4
[9.860s] -- Found ZeroMQ: TRUE (Required is at least version "4") 
[9.901s] -- Checking for module 'uuid'
[9.949s] --   Found uuid, version 2.37.2
[10.016s] -- Found UUID: TRUE  
[10.055s] -- Looking for ignition-msgs5 -- found version 5.8.1
[10.057s] -- Searching for dependencies of ignition-msgs5
[10.085s] -- Looking for ignition-math6 -- found version 6.15.1
[10.109s] -- Checking for module 'tinyxml2'
[10.150s] --   Found tinyxml2, version 9.0.0
[10.226s] -- Looking for ignition-msgs5 -- found version 5.8.1
[10.323s] -- Looking for ignition-common3 -- found version 3.14.0
[10.324s] -- Searching for dependencies of ignition-common3
[10.326s] -- Looking for dlfcn.h - found
[10.327s] -- Looking for libdl - found
[10.330s] -- Found DL: TRUE  
[10.394s] -- Found tinyobjloader: /usr/lib/x86_64-linux-gnu/cmake/tinyobjloader/tinyobjloader-config.cmake (found version "2.0.0") 
[10.395s] -- Searching for <ignition-common3> component [graphics]
[10.429s] -- Looking for ignition-common3-graphics -- found version 3.14.0
[10.430s] -- Searching for dependencies of ignition-common3-graphics
[10.431s] -- Looking for ignition-math6 -- found version 6.15.1
[10.454s] -- Looking for ignition-fuel_tools4 -- found version 4.4.0
[10.454s] -- Searching for dependencies of ignition-fuel_tools4
[10.631s] -- Found CURL: /usr/lib/x86_64-linux-gnu/libcurl.so (found version "7.81.0")  
[10.695s] -- Checking for module 'jsoncpp'
[10.714s] --   Found jsoncpp, version 1.9.5
[10.769s] -- Found JSONCPP: TRUE  
[10.783s] -- Checking for module 'libzip'
[10.973s] --   Found libzip, version 1.7.3
[11.042s] -- Found ZIP: TRUE  
[11.042s] -- Looking for ignition-common3 -- found version 3.14.0
[11.043s] -- Looking for ignition-math6 -- found version 6.15.1
[11.043s] -- Looking for ignition-msgs5 -- found version 5.8.1
[11.189s] -- Found gazebo_ros_pkgs: 3.7.0 (/opt/ros/humble/share/gazebo_ros_pkgs/cmake)
[11.192s] -- Found geometry_msgs: 4.2.4 (/opt/ros/humble/share/geometry_msgs/cmake)
[11.221s] -- Found rosidl_generator_c: 3.1.6 (/opt/ros/humble/share/rosidl_generator_c/cmake)
[11.224s] -- Found rosidl_adapter: 3.1.6 (/opt/ros/humble/share/rosidl_adapter/cmake)
[11.230s] -- Found rosidl_generator_cpp: 3.1.6 (/opt/ros/humble/share/rosidl_generator_cpp/cmake)
[11.239s] -- Using all available rosidl_typesupport_c: rosidl_typesupport_fastrtps_c;rosidl_typesupport_introspection_c
[11.250s] -- Using all available rosidl_typesupport_cpp: rosidl_typesupport_fastrtps_cpp;rosidl_typesupport_introspection_cpp
[11.277s] -- Found nav_msgs: 4.2.4 (/opt/ros/humble/share/nav_msgs/cmake)
[11.288s] -- Found rclcpp: 16.0.11 (/opt/ros/humble/share/rclcpp/cmake)
[11.314s] -- Found rmw_implementation_cmake: 6.1.2 (/opt/ros/humble/share/rmw_implementation_cmake/cmake)
[11.316s] -- Found rmw_fastrtps_cpp: 6.2.7 (/opt/ros/humble/share/rmw_fastrtps_cpp/cmake)
[11.438s] -- Found OpenSSL: /usr/lib/x86_64-linux-gnu/libcrypto.so (found version "3.0.2")  
[11.463s] -- Found FastRTPS: /opt/ros/humble/include  
[11.503s] -- Using RMW implementation 'rmw_fastrtps_cpp' as default
[11.511s] -- Found Threads: TRUE  
[11.539s] -- Found sensor_msgs: 4.2.4 (/opt/ros/humble/share/sensor_msgs/cmake)
[11.551s] -- Found tf2: 0.25.9 (/opt/ros/humble/share/tf2/cmake)
[11.607s] -- Configuring done
[11.772s] -- Generating done
[11.777s] -- Build files have been written to: /home/nishant/Documents/RL_Collision_Avoidance_Project/Main/build/turtlebot3_gazebo
[11.787s] Invoked command in '/home/nishant/Documents/RL_Collision_Avoidance_Project/Main/build/turtlebot3_gazebo' returned '0': CMAKE_PREFIX_PATH=${CMAKE_PREFIX_PATH}:/opt/ros/humble /usr/bin/cmake /home/nishant/Documents/RL_Collision_Avoidance_Project/Main/src/turtlebot3_simulations/turtlebot3_gazebo -DCMAKE_INSTALL_PREFIX=/home/nishant/Documents/RL_Collision_Avoidance_Project/Main/install/turtlebot3_gazebo
[11.788s] Invoking command in '/home/nishant/Documents/RL_Collision_Avoidance_Project/Main/build/turtlebot3_gazebo': CMAKE_PREFIX_PATH=${CMAKE_PREFIX_PATH}:/opt/ros/humble /usr/bin/cmake --build /home/nishant/Documents/RL_Collision_Avoidance_Project/Main/build/turtlebot3_gazebo -- -j12 -l12
[11.860s] [ 12%] [32mBuilding CXX object CMakeFiles/obstacle2.dir/models/turtlebot3_dqn_world/obstacle_plugin/obstacle2.cc.o[0m
[11.861s] [ 37%] [32mBuilding CXX object CMakeFiles/obstacles.dir/models/turtlebot3_dqn_world/obstacle_plugin/obstacles.cc.o[0m
[11.861s] [ 37%] [32mBuilding CXX object CMakeFiles/obstacle1.dir/models/turtlebot3_dqn_world/obstacle_plugin/obstacle1.cc.o[0m
[11.864s] [ 50%] [32mBuilding CXX object CMakeFiles/turtlebot3_drive.dir/src/turtlebot3_drive.cpp.o[0m
[18.451s] [ 62%] [32m[1mLinking CXX executable turtlebot3_drive[0m
[20.094s] [ 62%] Built target turtlebot3_drive
[44.866s] [ 75%] [32m[1mLinking CXX shared library libobstacle1.so[0m
[44.920s] [ 87%] [32m[1mLinking CXX shared library libobstacle2.so[0m
[44.934s] [100%] [32m[1mLinking CXX shared library libobstacles.so[0m
[45.336s] [100%] Built target obstacles
[45.336s] [100%] Built target obstacle2
[45.336s] [100%] Built target obstacle1
[45.346s] Invoked command in '/home/nishant/Documents/RL_Collision_Avoidance_Project/Main/build/turtlebot3_gazebo' returned '0': CMAKE_PREFIX_PATH=${CMAKE_PREFIX_PATH}:/opt/ros/humble /usr/bin/cmake --build /home/nishant/Documents/RL_Collision_Avoidance_Project/Main/build/turtlebot3_gazebo -- -j12 -l12
[45.348s] Invoking command in '/home/nishant/Documents/RL_Collision_Avoidance_Project/Main/build/turtlebot3_gazebo': CMAKE_PREFIX_PATH=${CMAKE_PREFIX_PATH}:/opt/ros/humble /usr/bin/cmake --install /home/nishant/Documents/RL_Collision_Avoidance_Project/Main/build/turtlebot3_gazebo
[45.362s] -- Install configuration: ""
[45.362s] -- Installing: /home/nishant/Documents/RL_Collision_Avoidance_Project/Main/install/turtlebot3_gazebo/lib/turtlebot3_gazebo/turtlebot3_drive
[45.367s] -- Set runtime path of "/home/nishant/Documents/RL_Collision_Avoidance_Project/Main/install/turtlebot3_gazebo/lib/turtlebot3_gazebo/turtlebot3_drive" to ""
[45.367s] -- Installing: /home/nishant/Documents/RL_Collision_Avoidance_Project/Main/install/turtlebot3_gazebo/share/turtlebot3_gazebo//launch
[45.367s] -- Installing: /home/nishant/Documents/RL_Collision_Avoidance_Project/Main/install/turtlebot3_gazebo/share/turtlebot3_gazebo//launch/turtlebot3_dqn_stage4.launch.py
[45.384s] -- Installing: /home/nishant/Documents/RL_Collision_Avoidance_Project/Main/install/turtlebot3_gazebo/share/turtlebot3_gazebo//launch/turtlebot3_dqn_stage3.launch.py
[45.384s] -- Installing: /home/nishant/Documents/RL_Collision_Avoidance_Project/Main/install/turtlebot3_gazebo/share/turtlebot3_gazebo//launch/turtlebot3_dqn_stage2.launch.py
[45.399s] -- Installing: /home/nishant/Documents/RL_Collision_Avoidance_Project/Main/install/turtlebot3_gazebo/share/turtlebot3_gazebo//launch/empty_world.launch.py
[45.399s] -- Installing: /home/nishant/Documents/RL_Collision_Avoidance_Project/Main/install/turtlebot3_gazebo/share/turtlebot3_gazebo//launch/turtlebot3_dqn_stage1.launch.py
[45.407s] -- Installing: /home/nishant/Documents/RL_Collision_Avoidance_Project/Main/install/turtlebot3_gazebo/share/turtlebot3_gazebo//launch/robot_state_publisher.launch.py
[45.408s] -- Installing: /home/nishant/Documents/RL_Collision_Avoidance_Project/Main/install/turtlebot3_gazebo/share/turtlebot3_gazebo//launch/turtlebot3_house.launch.py
[45.409s] -- Installing: /home/nishant/Documents/RL_Collision_Avoidance_Project/Main/install/turtlebot3_gazebo/share/turtlebot3_gazebo//launch/spawn_turtlebot3.launch.py
[45.409s] -- Installing: /home/nishant/Documents/RL_Collision_Avoidance_Project/Main/install/turtlebot3_gazebo/share/turtlebot3_gazebo//launch/turtlebot3_world.launch.py
[45.409s] -- Installing: /home/nishant/Documents/RL_Collision_Avoidance_Project/Main/install/turtlebot3_gazebo/share/turtlebot3_gazebo//models
[45.409s] -- Installing: /home/nishant/Documents/RL_Collision_Avoidance_Project/Main/install/turtlebot3_gazebo/share/turtlebot3_gazebo//models/turtlebot3_waffle_pi
[45.410s] -- Installing: /home/nishant/Documents/RL_Collision_Avoidance_Project/Main/install/turtlebot3_gazebo/share/turtlebot3_gazebo//models/turtlebot3_waffle_pi/model.sdf
[45.410s] -- Installing: /home/nishant/Documents/RL_Collision_Avoidance_Project/Main/install/turtlebot3_gazebo/share/turtlebot3_gazebo//models/turtlebot3_waffle_pi/model-1_4_.sdf
[45.410s] -- Installing: /home/nishant/Documents/RL_Collision_Avoidance_Project/Main/install/turtlebot3_gazebo/share/turtlebot3_gazebo//models/turtlebot3_waffle_pi/model.config
[45.411s] -- Installing: /home/nishant/Documents/RL_Collision_Avoidance_Project/Main/install/turtlebot3_gazebo/share/turtlebot3_gazebo//models/turtlebot3_world
[45.411s] -- Installing: /home/nishant/Documents/RL_Collision_Avoidance_Project/Main/install/turtlebot3_gazebo/share/turtlebot3_gazebo//models/turtlebot3_world/model.sdf
[45.411s] -- Installing: /home/nishant/Documents/RL_Collision_Avoidance_Project/Main/install/turtlebot3_gazebo/share/turtlebot3_gazebo//models/turtlebot3_world/meshes
[45.411s] -- Installing: /home/nishant/Documents/RL_Collision_Avoidance_Project/Main/install/turtlebot3_gazebo/share/turtlebot3_gazebo//models/turtlebot3_world/meshes/wall.dae
[45.412s] -- Installing: /home/nishant/Documents/RL_Collision_Avoidance_Project/Main/install/turtlebot3_gazebo/share/turtlebot3_gazebo//models/turtlebot3_world/meshes/hexagon.dae
[45.412s] -- Installing: /home/nishant/Documents/RL_Collision_Avoidance_Project/Main/install/turtlebot3_gazebo/share/turtlebot3_gazebo//models/turtlebot3_world/model.config
[45.412s] -- Installing: /home/nishant/Documents/RL_Collision_Avoidance_Project/Main/install/turtlebot3_gazebo/share/turtlebot3_gazebo//models/turtlebot3_world/model-1_4.sdf
[45.413s] -- Installing: /home/nishant/Documents/RL_Collision_Avoidance_Project/Main/install/turtlebot3_gazebo/share/turtlebot3_gazebo//models/turtlebot3_waffle
[45.413s] -- Installing: /home/nishant/Documents/RL_Collision_Avoidance_Project/Main/install/turtlebot3_gazebo/share/turtlebot3_gazebo//models/turtlebot3_waffle/model.sdf
[45.413s] -- Installing: /home/nishant/Documents/RL_Collision_Avoidance_Project/Main/install/turtlebot3_gazebo/share/turtlebot3_gazebo//models/turtlebot3_waffle/model.config
[45.413s] -- Installing: /home/nishant/Documents/RL_Collision_Avoidance_Project/Main/install/turtlebot3_gazebo/share/turtlebot3_gazebo//models/turtlebot3_waffle/model-1_4.sdf
[45.414s] -- Installing: /home/nishant/Documents/RL_Collision_Avoidance_Project/Main/install/turtlebot3_gazebo/share/turtlebot3_gazebo//models/turtlebot3_house
[45.414s] -- Installing: /home/nishant/Documents/RL_Collision_Avoidance_Project/Main/install/turtlebot3_gazebo/share/turtlebot3_gazebo//models/turtlebot3_house/model.sdf
[45.432s] -- Installing: /home/nishant/Documents/RL_Collision_Avoidance_Project/Main/install/turtlebot3_gazebo/share/turtlebot3_gazebo//models/turtlebot3_house/model.config
[45.433s] -- Installing: /home/nishant/Documents/RL_Collision_Avoidance_Project/Main/install/turtlebot3_gazebo/share/turtlebot3_gazebo//models/turtlebot3_common
[45.433s] -- Installing: /home/nishant/Documents/RL_Collision_Avoidance_Project/Main/install/turtlebot3_gazebo/share/turtlebot3_gazebo//models/turtlebot3_common/meshes
[45.433s] -- Installing: /home/nishant/Documents/RL_Collision_Avoidance_Project/Main/install/turtlebot3_gazebo/share/turtlebot3_gazebo//models/turtlebot3_common/meshes/waffle_base.dae
[45.434s] -- Installing: /home/nishant/Documents/RL_Collision_Avoidance_Project/Main/install/turtlebot3_gazebo/share/turtlebot3_gazebo//models/turtlebot3_common/meshes/lds.dae
[45.435s] -- Installing: /home/nishant/Documents/RL_Collision_Avoidance_Project/Main/install/turtlebot3_gazebo/share/turtlebot3_gazebo//models/turtlebot3_common/meshes/tire.dae
[45.435s] -- Installing: /home/nishant/Documents/RL_Collision_Avoidance_Project/Main/install/turtlebot3_gazebo/share/turtlebot3_gazebo//models/turtlebot3_common/meshes/r200.dae
[45.457s] -- Installing: /home/nishant/Documents/RL_Collision_Avoidance_Project/Main/install/turtlebot3_gazebo/share/turtlebot3_gazebo//models/turtlebot3_common/meshes/waffle_pi_base.dae
[45.457s] -- Installing: /home/nishant/Documents/RL_Collision_Avoidance_Project/Main/install/turtlebot3_gazebo/share/turtlebot3_gazebo//models/turtlebot3_common/meshes/burger_base.dae
[45.457s] -- Installing: /home/nishant/Documents/RL_Collision_Avoidance_Project/Main/install/turtlebot3_gazebo/share/turtlebot3_gazebo//models/turtlebot3_common/model.config
[45.458s] -- Installing: /home/nishant/Documents/RL_Collision_Avoidance_Project/Main/install/turtlebot3_gazebo/share/turtlebot3_gazebo//models/turtlebot3_burger
[45.458s] -- Installing: /home/nishant/Documents/RL_Collision_Avoidance_Project/Main/install/turtlebot3_gazebo/share/turtlebot3_gazebo//models/turtlebot3_burger/model.sdf
[45.458s] -- Installing: /home/nishant/Documents/RL_Collision_Avoidance_Project/Main/install/turtlebot3_gazebo/share/turtlebot3_gazebo//models/turtlebot3_burger/model.config
[45.459s] -- Installing: /home/nishant/Documents/RL_Collision_Avoidance_Project/Main/install/turtlebot3_gazebo/share/turtlebot3_gazebo//models/turtlebot3_burger/model-1_4.sdf
[45.459s] -- Installing: /home/nishant/Documents/RL_Collision_Avoidance_Project/Main/install/turtlebot3_gazebo/share/turtlebot3_gazebo//models/turtlebot3_dqn_world
[45.459s] -- Installing: /home/nishant/Documents/RL_Collision_Avoidance_Project/Main/install/turtlebot3_gazebo/share/turtlebot3_gazebo//models/turtlebot3_dqn_world/model.sdf
[45.460s] -- Installing: /home/nishant/Documents/RL_Collision_Avoidance_Project/Main/install/turtlebot3_gazebo/share/turtlebot3_gazebo//models/turtlebot3_dqn_world/obstacle_plugin
[45.460s] -- Installing: /home/nishant/Documents/RL_Collision_Avoidance_Project/Main/install/turtlebot3_gazebo/share/turtlebot3_gazebo//models/turtlebot3_dqn_world/obstacle_plugin/CMakeLists.txt
[45.461s] -- Installing: /home/nishant/Documents/RL_Collision_Avoidance_Project/Main/install/turtlebot3_gazebo/share/turtlebot3_gazebo//models/turtlebot3_dqn_world/obstacle_plugin/obstacle1.cc
[45.461s] -- Installing: /home/nishant/Documents/RL_Collision_Avoidance_Project/Main/install/turtlebot3_gazebo/share/turtlebot3_gazebo//models/turtlebot3_dqn_world/obstacle_plugin/obstacle2.cc
[45.461s] -- Installing: /home/nishant/Documents/RL_Collision_Avoidance_Project/Main/install/turtlebot3_gazebo/share/turtlebot3_gazebo//models/turtlebot3_dqn_world/obstacle_plugin/obstacles.cc
[45.462s] -- Installing: /home/nishant/Documents/RL_Collision_Avoidance_Project/Main/install/turtlebot3_gazebo/share/turtlebot3_gazebo//models/turtlebot3_dqn_world/model.config
[45.462s] -- Installing: /home/nishant/Documents/RL_Collision_Avoidance_Project/Main/install/turtlebot3_gazebo/share/turtlebot3_gazebo//models/turtlebot3_dqn_world/obstacles
[45.462s] -- Installing: /home/nishant/Documents/RL_Collision_Avoidance_Project/Main/install/turtlebot3_gazebo/share/turtlebot3_gazebo//models/turtlebot3_dqn_world/obstacles/model.sdf
[45.463s] -- Installing: /home/nishant/Documents/RL_Collision_Avoidance_Project/Main/install/turtlebot3_gazebo/share/turtlebot3_gazebo//models/turtlebot3_dqn_world/obstacles/model.config
[45.463s] -- Installing: /home/nishant/Documents/RL_Collision_Avoidance_Project/Main/install/turtlebot3_gazebo/share/turtlebot3_gazebo//models/turtlebot3_dqn_world/obstacle2
[45.463s] -- Installing: /home/nishant/Documents/RL_Collision_Avoidance_Project/Main/install/turtlebot3_gazebo/share/turtlebot3_gazebo//models/turtlebot3_dqn_world/obstacle2/model.sdf
[45.463s] -- Installing: /home/nishant/Documents/RL_Collision_Avoidance_Project/Main/install/turtlebot3_gazebo/share/turtlebot3_gazebo//models/turtlebot3_dqn_world/obstacle2/model.config
[45.464s] -- Installing: /home/nishant/Documents/RL_Collision_Avoidance_Project/Main/install/turtlebot3_gazebo/share/turtlebot3_gazebo//models/turtlebot3_dqn_world/goal_box
[45.464s] -- Installing: /home/nishant/Documents/RL_Collision_Avoidance_Project/Main/install/turtlebot3_gazebo/share/turtlebot3_gazebo//models/turtlebot3_dqn_world/goal_box/model.sdf
[45.465s] -- Installing: /home/nishant/Documents/RL_Collision_Avoidance_Project/Main/install/turtlebot3_gazebo/share/turtlebot3_gazebo//models/turtlebot3_dqn_world/goal_box/model.config
[45.465s] -- Installing: /home/nishant/Documents/RL_Collision_Avoidance_Project/Main/install/turtlebot3_gazebo/share/turtlebot3_gazebo//models/turtlebot3_dqn_world/inner_walls
[45.465s] -- Installing: /home/nishant/Documents/RL_Collision_Avoidance_Project/Main/install/turtlebot3_gazebo/share/turtlebot3_gazebo//models/turtlebot3_dqn_world/inner_walls/model.sdf
[45.466s] -- Installing: /home/nishant/Documents/RL_Collision_Avoidance_Project/Main/install/turtlebot3_gazebo/share/turtlebot3_gazebo//models/turtlebot3_dqn_world/inner_walls/model.config
[45.466s] -- Installing: /home/nishant/Documents/RL_Collision_Avoidance_Project/Main/install/turtlebot3_gazebo/share/turtlebot3_gazebo//models/turtlebot3_dqn_world/obstacle1
[45.466s] -- Installing: /home/nishant/Documents/RL_Collision_Avoidance_Project/Main/install/turtlebot3_gazebo/share/turtlebot3_gazebo//models/turtlebot3_dqn_world/obstacle1/model.sdf
[45.467s] -- Installing: /home/nishant/Documents/RL_Collision_Avoidance_Project/Main/install/turtlebot3_gazebo/share/turtlebot3_gazebo//models/turtlebot3_dqn_world/obstacle1/model.config
[45.468s] -- Installing: /home/nishant/Documents/RL_Collision_Avoidance_Project/Main/install/turtlebot3_gazebo/share/turtlebot3_gazebo//rviz
[45.468s] -- Installing: /home/nishant/Documents/RL_Collision_Avoidance_Project/Main/install/turtlebot3_gazebo/share/turtlebot3_gazebo//rviz/tb3_gazebo.rviz
[45.468s] -- Installing: /home/nishant/Documents/RL_Collision_Avoidance_Project/Main/install/turtlebot3_gazebo/share/turtlebot3_gazebo//urdf
[45.468s] -- Installing: /home/nishant/Documents/RL_Collision_Avoidance_Project/Main/install/turtlebot3_gazebo/share/turtlebot3_gazebo//urdf/turtlebot3_waffle_pi.urdf
[45.468s] -- Installing: /home/nishant/Documents/RL_Collision_Avoidance_Project/Main/install/turtlebot3_gazebo/share/turtlebot3_gazebo//urdf/turtlebot3_burger.urdf
[45.469s] -- Installing: /home/nishant/Documents/RL_Collision_Avoidance_Project/Main/install/turtlebot3_gazebo/share/turtlebot3_gazebo//urdf/turtlebot3_waffle.urdf
[45.469s] -- Installing: /home/nishant/Documents/RL_Collision_Avoidance_Project/Main/install/turtlebot3_gazebo/share/turtlebot3_gazebo//urdf/common_properties.urdf
[45.469s] -- Installing: /home/nishant/Documents/RL_Collision_Avoidance_Project/Main/install/turtlebot3_gazebo/share/turtlebot3_gazebo//worlds
[45.469s] -- Installing: /home/nishant/Documents/RL_Collision_Avoidance_Project/Main/install/turtlebot3_gazebo/share/turtlebot3_gazebo//worlds/turtlebot3_house.world
[45.470s] -- Installing: /home/nishant/Documents/RL_Collision_Avoidance_Project/Main/install/turtlebot3_gazebo/share/turtlebot3_gazebo//worlds/turtlebot3_dqn_stage3.world
[45.470s] -- Installing: /home/nishant/Documents/RL_Collision_Avoidance_Project/Main/install/turtlebot3_gazebo/share/turtlebot3_gazebo//worlds/turtlebot3_world.world
[45.470s] -- Installing: /home/nishant/Documents/RL_Collision_Avoidance_Project/Main/install/turtlebot3_gazebo/share/turtlebot3_gazebo//worlds/turtlebot3_dqn_stage1.world
[45.480s] -- Installing: /home/nishant/Documents/RL_Collision_Avoidance_Project/Main/install/turtlebot3_gazebo/share/turtlebot3_gazebo//worlds/turtlebot3_dqn_stage4.world
[45.481s] -- Installing: /home/nishant/Documents/RL_Collision_Avoidance_Project/Main/install/turtlebot3_gazebo/share/turtlebot3_gazebo//worlds/turtlebot3_dqn_stage2.world
[45.481s] -- Installing: /home/nishant/Documents/RL_Collision_Avoidance_Project/Main/install/turtlebot3_gazebo/share/turtlebot3_gazebo//worlds/empty_world.world
[45.481s] -- Installing: /home/nishant/Documents/RL_Collision_Avoidance_Project/Main/install/turtlebot3_gazebo/include/
[45.481s] -- Installing: /home/nishant/Documents/RL_Collision_Avoidance_Project/Main/install/turtlebot3_gazebo/include//turtlebot3_gazebo
[45.482s] -- Installing: /home/nishant/Documents/RL_Collision_Avoidance_Project/Main/install/turtlebot3_gazebo/include//turtlebot3_gazebo/turtlebot3_drive.hpp
[45.482s] -- Installing: /home/nishant/Documents/RL_Collision_Avoidance_Project/Main/install/turtlebot3_gazebo/share/ament_index/resource_index/package_run_dependencies/turtlebot3_gazebo
[45.482s] -- Installing: /home/nishant/Documents/RL_Collision_Avoidance_Project/Main/install/turtlebot3_gazebo/share/ament_index/resource_index/parent_prefix_path/turtlebot3_gazebo
[45.482s] -- Installing: /home/nishant/Documents/RL_Collision_Avoidance_Project/Main/install/turtlebot3_gazebo/share/turtlebot3_gazebo/environment/ament_prefix_path.sh
[45.482s] -- Installing: /home/nishant/Documents/RL_Collision_Avoidance_Project/Main/install/turtlebot3_gazebo/share/turtlebot3_gazebo/environment/ament_prefix_path.dsv
[45.483s] -- Installing: /home/nishant/Documents/RL_Collision_Avoidance_Project/Main/install/turtlebot3_gazebo/share/turtlebot3_gazebo/environment/path.sh
[45.483s] -- Installing: /home/nishant/Documents/RL_Collision_Avoidance_Project/Main/install/turtlebot3_gazebo/share/turtlebot3_gazebo/environment/path.dsv
[45.483s] -- Installing: /home/nishant/Documents/RL_Collision_Avoidance_Project/Main/install/turtlebot3_gazebo/share/turtlebot3_gazebo/local_setup.bash
[45.483s] -- Installing: /home/nishant/Documents/RL_Collision_Avoidance_Project/Main/install/turtlebot3_gazebo/share/turtlebot3_gazebo/local_setup.sh
[45.483s] -- Installing: /home/nishant/Documents/RL_Collision_Avoidance_Project/Main/install/turtlebot3_gazebo/share/turtlebot3_gazebo/local_setup.zsh
[45.483s] -- Installing: /home/nishant/Documents/RL_Collision_Avoidance_Project/Main/install/turtlebot3_gazebo/share/turtlebot3_gazebo/local_setup.dsv
[45.484s] -- Installing: /home/nishant/Documents/RL_Collision_Avoidance_Project/Main/install/turtlebot3_gazebo/share/turtlebot3_gazebo/package.dsv
[45.484s] -- Installing: /home/nishant/Documents/RL_Collision_Avoidance_Project/Main/install/turtlebot3_gazebo/share/ament_index/resource_index/packages/turtlebot3_gazebo
[45.484s] -- Installing: /home/nishant/Documents/RL_Collision_Avoidance_Project/Main/install/turtlebot3_gazebo/share/turtlebot3_gazebo/cmake/ament_cmake_export_include_directories-extras.cmake
[45.484s] -- Installing: /home/nishant/Documents/RL_Collision_Avoidance_Project/Main/install/turtlebot3_gazebo/share/turtlebot3_gazebo/cmake/ament_cmake_export_dependencies-extras.cmake
[45.484s] -- Installing: /home/nishant/Documents/RL_Collision_Avoidance_Project/Main/install/turtlebot3_gazebo/share/turtlebot3_gazebo/cmake/turtlebot3_gazeboConfig.cmake
[45.484s] -- Installing: /home/nishant/Documents/RL_Collision_Avoidance_Project/Main/install/turtlebot3_gazebo/share/turtlebot3_gazebo/cmake/turtlebot3_gazeboConfig-version.cmake
[45.484s] -- Installing: /home/nishant/Documents/RL_Collision_Avoidance_Project/Main/install/turtlebot3_gazebo/share/turtlebot3_gazebo/package.xml
[45.487s] Invoked command in '/home/nishant/Documents/RL_Collision_Avoidance_Project/Main/build/turtlebot3_gazebo' returned '0': CMAKE_PREFIX_PATH=${CMAKE_PREFIX_PATH}:/opt/ros/humble /usr/bin/cmake --install /home/nishant/Documents/RL_Collision_Avoidance_Project/Main/build/turtlebot3_gazebo
