[0.222s] Invoking command in '/home/nishant/Documents/RL_Collision_Avoidance_Project/Collision_Avoidance_WS/build/my_env': CMAKE_PREFIX_PATH=/opt/ros/humble /usr/bin/cmake --build /home/nishant/Documents/RL_Collision_Avoidance_Project/Collision_Avoidance_WS/build/my_env -- -j12 -l12
[2.346s] Invoked command in '/home/nishant/Documents/RL_Collision_Avoidance_Project/Collision_Avoidance_WS/build/my_env' returned '0': CMAKE_PREFIX_PATH=/opt/ros/humble /usr/bin/cmake --build /home/nishant/Documents/RL_Collision_Avoidance_Project/Collision_Avoidance_WS/build/my_env -- -j12 -l12
[2.422s] Invoking command in '/home/nishant/Documents/RL_Collision_Avoidance_Project/Collision_Avoidance_WS/build/my_env': CMAKE_PREFIX_PATH=/opt/ros/humble /usr/bin/cmake --install /home/nishant/Documents/RL_Collision_Avoidance_Project/Collision_Avoidance_WS/build/my_env
[2.443s] -- Install configuration: ""
[2.476s] -- Execute custom install script
[2.518s] -- Up-to-date symlink: /home/nishant/Documents/RL_Collision_Avoidance_Project/Collision_Avoidance_WS/install/my_env/share/my_env//launch/robot_state_publisher.launch.py
[2.518s] -- Up-to-date symlink: /home/nishant/Documents/RL_Collision_Avoidance_Project/Collision_Avoidance_WS/install/my_env/share/my_env//launch/spawn_turtlebot3.launch.py
[2.519s] -- Up-to-date symlink: /home/nishant/Documents/RL_Collision_Avoidance_Project/Collision_Avoidance_WS/install/my_env/share/my_env//launch/training_env.launch.py
[2.530s] -- Up-to-date symlink: /home/nishant/Documents/RL_Collision_Avoidance_Project/Collision_Avoidance_WS/install/my_env/share/my_env//urdf/turtlebot3_burger.urdf
[2.613s] -- Up-to-date symlink: /home/nishant/Documents/RL_Collision_Avoidance_Project/Collision_Avoidance_WS/install/my_env/share/my_env//person_walking/materials/textures/eyebrow001-unmodified.png
[2.613s] -- Up-to-date symlink: /home/nishant/Documents/RL_Collision_Avoidance_Project/Collision_Avoidance_WS/install/my_env/share/my_env//person_walking/materials/textures/eyebrow001.png
[2.614s] -- Up-to-date symlink: /home/nishant/Documents/RL_Collision_Avoidance_Project/Collision_Avoidance_WS/install/my_env/share/my_env//person_walking/materials/textures/green_eye.png
[2.615s] -- Up-to-date symlink: /home/nishant/Documents/RL_Collision_Avoidance_Project/Collision_Avoidance_WS/install/my_env/share/my_env//person_walking/materials/textures/jeans01_normals.png
[2.615s] -- Up-to-date symlink: /home/nishant/Documents/RL_Collision_Avoidance_Project/Collision_Avoidance_WS/install/my_env/share/my_env//person_walking/materials/textures/jeans_basic_diffuse.png
[2.616s] -- Up-to-date symlink: /home/nishant/Documents/RL_Collision_Avoidance_Project/Collision_Avoidance_WS/install/my_env/share/my_env//person_walking/materials/textures/male02_diffuse_black-unmodified.png
[2.617s] -- Up-to-date symlink: /home/nishant/Documents/RL_Collision_Avoidance_Project/Collision_Avoidance_WS/install/my_env/share/my_env//person_walking/materials/textures/male02_diffuse_black.png
[2.618s] -- Up-to-date symlink: /home/nishant/Documents/RL_Collision_Avoidance_Project/Collision_Avoidance_WS/install/my_env/share/my_env//person_walking/materials/textures/teeth.png
[2.618s] -- Up-to-date symlink: /home/nishant/Documents/RL_Collision_Avoidance_Project/Collision_Avoidance_WS/install/my_env/share/my_env//person_walking/materials/textures/tshirt02_normals.png
[2.619s] -- Up-to-date symlink: /home/nishant/Documents/RL_Collision_Avoidance_Project/Collision_Avoidance_WS/install/my_env/share/my_env//person_walking/materials/textures/tshirt02_texture.png
[2.620s] -- Up-to-date symlink: /home/nishant/Documents/RL_Collision_Avoidance_Project/Collision_Avoidance_WS/install/my_env/share/my_env//person_walking/materials/textures/young_lightskinned_male_diffuse.png
[2.620s] -- Up-to-date symlink: /home/nishant/Documents/RL_Collision_Avoidance_Project/Collision_Avoidance_WS/install/my_env/share/my_env//person_walking/meshes/walking.dae
[2.621s] -- Up-to-date symlink: /home/nishant/Documents/RL_Collision_Avoidance_Project/Collision_Avoidance_WS/install/my_env/share/my_env//person_walking/model.config
[2.622s] -- Up-to-date symlink: /home/nishant/Documents/RL_Collision_Avoidance_Project/Collision_Avoidance_WS/install/my_env/share/my_env//person_walking/model.sdf
[2.623s] -- Up-to-date symlink: /home/nishant/Documents/RL_Collision_Avoidance_Project/Collision_Avoidance_WS/install/my_env/share/my_env//turtlebot3_burger/model-1_4.sdf
[2.624s] -- Up-to-date symlink: /home/nishant/Documents/RL_Collision_Avoidance_Project/Collision_Avoidance_WS/install/my_env/share/my_env//turtlebot3_burger/model.config
[2.624s] -- Up-to-date symlink: /home/nishant/Documents/RL_Collision_Avoidance_Project/Collision_Avoidance_WS/install/my_env/share/my_env//turtlebot3_burger/model.sdf
[2.649s] -- Up-to-date symlink: /home/nishant/Documents/RL_Collision_Avoidance_Project/Collision_Avoidance_WS/install/my_env/share/my_env//turtlebot3_common/meshes/burger_base.dae
[2.649s] -- Up-to-date symlink: /home/nishant/Documents/RL_Collision_Avoidance_Project/Collision_Avoidance_WS/install/my_env/share/my_env//turtlebot3_common/meshes/lds.dae
[2.650s] -- Up-to-date symlink: /home/nishant/Documents/RL_Collision_Avoidance_Project/Collision_Avoidance_WS/install/my_env/share/my_env//turtlebot3_common/meshes/r200.dae
[2.650s] -- Up-to-date symlink: /home/nishant/Documents/RL_Collision_Avoidance_Project/Collision_Avoidance_WS/install/my_env/share/my_env//turtlebot3_common/meshes/tire.dae
[2.651s] -- Up-to-date symlink: /home/nishant/Documents/RL_Collision_Avoidance_Project/Collision_Avoidance_WS/install/my_env/share/my_env//turtlebot3_common/meshes/waffle_base.dae
[2.651s] -- Up-to-date symlink: /home/nishant/Documents/RL_Collision_Avoidance_Project/Collision_Avoidance_WS/install/my_env/share/my_env//turtlebot3_common/meshes/waffle_pi_base.dae
[2.652s] -- Up-to-date symlink: /home/nishant/Documents/RL_Collision_Avoidance_Project/Collision_Avoidance_WS/install/my_env/share/my_env//turtlebot3_common/model.config
[2.653s] -- Up-to-date symlink: /home/nishant/Documents/RL_Collision_Avoidance_Project/Collision_Avoidance_WS/install/my_env/share/my_env//turtlebot3_dqn_world/goal_box/model.config
[2.653s] -- Up-to-date symlink: /home/nishant/Documents/RL_Collision_Avoidance_Project/Collision_Avoidance_WS/install/my_env/share/my_env//turtlebot3_dqn_world/goal_box/model.sdf
[2.654s] -- Up-to-date symlink: /home/nishant/Documents/RL_Collision_Avoidance_Project/Collision_Avoidance_WS/install/my_env/share/my_env//turtlebot3_dqn_world/inner_walls/model.config
[2.654s] -- Up-to-date symlink: /home/nishant/Documents/RL_Collision_Avoidance_Project/Collision_Avoidance_WS/install/my_env/share/my_env//turtlebot3_dqn_world/inner_walls/model.sdf
[2.655s] -- Up-to-date symlink: /home/nishant/Documents/RL_Collision_Avoidance_Project/Collision_Avoidance_WS/install/my_env/share/my_env//turtlebot3_dqn_world/model.config
[2.655s] -- Up-to-date symlink: /home/nishant/Documents/RL_Collision_Avoidance_Project/Collision_Avoidance_WS/install/my_env/share/my_env//turtlebot3_dqn_world/model.sdf
[2.656s] -- Up-to-date symlink: /home/nishant/Documents/RL_Collision_Avoidance_Project/Collision_Avoidance_WS/install/my_env/share/my_env//turtlebot3_dqn_world/obstacle1/model.config
[2.656s] -- Up-to-date symlink: /home/nishant/Documents/RL_Collision_Avoidance_Project/Collision_Avoidance_WS/install/my_env/share/my_env//turtlebot3_dqn_world/obstacle1/model.sdf
[2.657s] -- Up-to-date symlink: /home/nishant/Documents/RL_Collision_Avoidance_Project/Collision_Avoidance_WS/install/my_env/share/my_env//turtlebot3_dqn_world/obstacle2/model.config
[2.657s] -- Up-to-date symlink: /home/nishant/Documents/RL_Collision_Avoidance_Project/Collision_Avoidance_WS/install/my_env/share/my_env//turtlebot3_dqn_world/obstacle2/model.sdf
[2.658s] -- Up-to-date symlink: /home/nishant/Documents/RL_Collision_Avoidance_Project/Collision_Avoidance_WS/install/my_env/share/my_env//turtlebot3_dqn_world/obstacle_plugin/CMakeLists.txt
[2.659s] -- Up-to-date symlink: /home/nishant/Documents/RL_Collision_Avoidance_Project/Collision_Avoidance_WS/install/my_env/share/my_env//turtlebot3_dqn_world/obstacle_plugin/obstacle1.cc
[2.659s] -- Up-to-date symlink: /home/nishant/Documents/RL_Collision_Avoidance_Project/Collision_Avoidance_WS/install/my_env/share/my_env//turtlebot3_dqn_world/obstacle_plugin/obstacle2.cc
[2.660s] -- Up-to-date symlink: /home/nishant/Documents/RL_Collision_Avoidance_Project/Collision_Avoidance_WS/install/my_env/share/my_env//turtlebot3_dqn_world/obstacle_plugin/obstacles.cc
[2.660s] -- Up-to-date symlink: /home/nishant/Documents/RL_Collision_Avoidance_Project/Collision_Avoidance_WS/install/my_env/share/my_env//turtlebot3_dqn_world/obstacles/model.config
[2.661s] -- Up-to-date symlink: /home/nishant/Documents/RL_Collision_Avoidance_Project/Collision_Avoidance_WS/install/my_env/share/my_env//turtlebot3_dqn_world/obstacles/model.sdf
[2.661s] -- Up-to-date symlink: /home/nishant/Documents/RL_Collision_Avoidance_Project/Collision_Avoidance_WS/install/my_env/share/my_env//turtlebot3_house/model.config
[2.662s] -- Up-to-date symlink: /home/nishant/Documents/RL_Collision_Avoidance_Project/Collision_Avoidance_WS/install/my_env/share/my_env//turtlebot3_house/model.sdf
[2.663s] -- Up-to-date symlink: /home/nishant/Documents/RL_Collision_Avoidance_Project/Collision_Avoidance_WS/install/my_env/share/my_env//turtlebot3_waffle/model-1_4.sdf
[2.663s] -- Up-to-date symlink: /home/nishant/Documents/RL_Collision_Avoidance_Project/Collision_Avoidance_WS/install/my_env/share/my_env//turtlebot3_waffle/model.config
[2.663s] -- Up-to-date symlink: /home/nishant/Documents/RL_Collision_Avoidance_Project/Collision_Avoidance_WS/install/my_env/share/my_env//turtlebot3_waffle/model.sdf
[2.664s] -- Up-to-date symlink: /home/nishant/Documents/RL_Collision_Avoidance_Project/Collision_Avoidance_WS/install/my_env/share/my_env//turtlebot3_waffle_pi/model-1_4_.sdf
[2.665s] -- Up-to-date symlink: /home/nishant/Documents/RL_Collision_Avoidance_Project/Collision_Avoidance_WS/install/my_env/share/my_env//turtlebot3_waffle_pi/model.config
[2.665s] -- Up-to-date symlink: /home/nishant/Documents/RL_Collision_Avoidance_Project/Collision_Avoidance_WS/install/my_env/share/my_env//turtlebot3_waffle_pi/model.sdf
[2.666s] -- Up-to-date symlink: /home/nishant/Documents/RL_Collision_Avoidance_Project/Collision_Avoidance_WS/install/my_env/share/my_env//turtlebot3_world/meshes/hexagon.dae
[2.666s] -- Up-to-date symlink: /home/nishant/Documents/RL_Collision_Avoidance_Project/Collision_Avoidance_WS/install/my_env/share/my_env//turtlebot3_world/meshes/wall.dae
[2.667s] -- Up-to-date symlink: /home/nishant/Documents/RL_Collision_Avoidance_Project/Collision_Avoidance_WS/install/my_env/share/my_env//turtlebot3_world/model-1_4.sdf
[2.667s] -- Up-to-date symlink: /home/nishant/Documents/RL_Collision_Avoidance_Project/Collision_Avoidance_WS/install/my_env/share/my_env//turtlebot3_world/model.config
[2.668s] -- Up-to-date symlink: /home/nishant/Documents/RL_Collision_Avoidance_Project/Collision_Avoidance_WS/install/my_env/share/my_env//turtlebot3_world/model.sdf
[2.669s] -- Up-to-date symlink: /home/nishant/Documents/RL_Collision_Avoidance_Project/Collision_Avoidance_WS/install/my_env/share/my_env//worlds/bot_with_people.world
[2.670s] -- Up-to-date symlink: /home/nishant/Documents/RL_Collision_Avoidance_Project/Collision_Avoidance_WS/install/my_env/share/ament_index/resource_index/package_run_dependencies/my_env
[2.671s] -- Up-to-date symlink: /home/nishant/Documents/RL_Collision_Avoidance_Project/Collision_Avoidance_WS/install/my_env/share/ament_index/resource_index/parent_prefix_path/my_env
[2.683s] -- Up-to-date symlink: /home/nishant/Documents/RL_Collision_Avoidance_Project/Collision_Avoidance_WS/install/my_env/share/my_env/environment/ament_prefix_path.sh
[2.684s] -- Up-to-date symlink: /home/nishant/Documents/RL_Collision_Avoidance_Project/Collision_Avoidance_WS/install/my_env/share/my_env/environment/ament_prefix_path.dsv
[2.684s] -- Up-to-date symlink: /home/nishant/Documents/RL_Collision_Avoidance_Project/Collision_Avoidance_WS/install/my_env/share/my_env/environment/path.sh
[2.685s] -- Up-to-date symlink: /home/nishant/Documents/RL_Collision_Avoidance_Project/Collision_Avoidance_WS/install/my_env/share/my_env/environment/path.dsv
[2.685s] -- Up-to-date symlink: /home/nishant/Documents/RL_Collision_Avoidance_Project/Collision_Avoidance_WS/install/my_env/share/my_env/local_setup.bash
[2.686s] -- Up-to-date symlink: /home/nishant/Documents/RL_Collision_Avoidance_Project/Collision_Avoidance_WS/install/my_env/share/my_env/local_setup.sh
[2.687s] -- Up-to-date symlink: /home/nishant/Documents/RL_Collision_Avoidance_Project/Collision_Avoidance_WS/install/my_env/share/my_env/local_setup.zsh
[2.688s] -- Up-to-date symlink: /home/nishant/Documents/RL_Collision_Avoidance_Project/Collision_Avoidance_WS/install/my_env/share/my_env/local_setup.dsv
[2.688s] -- Symlinking: /home/nishant/Documents/RL_Collision_Avoidance_Project/Collision_Avoidance_WS/install/my_env/share/my_env/package.dsv
[2.721s] -- Up-to-date symlink: /home/nishant/Documents/RL_Collision_Avoidance_Project/Collision_Avoidance_WS/install/my_env/share/ament_index/resource_index/packages/my_env
[2.721s] -- Up-to-date symlink: /home/nishant/Documents/RL_Collision_Avoidance_Project/Collision_Avoidance_WS/install/my_env/share/my_env/cmake/my_envConfig.cmake
[2.741s] -- Up-to-date symlink: /home/nishant/Documents/RL_Collision_Avoidance_Project/Collision_Avoidance_WS/install/my_env/share/my_env/cmake/my_envConfig-version.cmake
[2.742s] -- Up-to-date symlink: /home/nishant/Documents/RL_Collision_Avoidance_Project/Collision_Avoidance_WS/install/my_env/share/my_env/package.xml
[2.749s] Invoked command in '/home/nishant/Documents/RL_Collision_Avoidance_Project/Collision_Avoidance_WS/build/my_env' returned '0': CMAKE_PREFIX_PATH=/opt/ros/humble /usr/bin/cmake --install /home/nishant/Documents/RL_Collision_Avoidance_Project/Collision_Avoidance_WS/build/my_env
