[0.108s] DEBUG:colcon:Command line arguments: ['/usr/bin/colcon', 'build']
[0.109s] DEBUG:colcon:Parsed command line arguments: Namespace(log_base=None, log_level=None, verb_name='build', build_base='build', install_base='install', merge_install=False, symlink_install=False, test_result_base=None, continue_on_error=False, executor='parallel', parallel_workers=12, event_handlers=None, ignore_user_meta=False, metas=['./colcon.meta'], base_paths=['.'], packages_ignore=None, packages_ignore_regex=None, paths=None, packages_up_to=None, packages_up_to_regex=None, packages_above=None, packages_above_and_dependencies=None, packages_above_depth=None, packages_select_by_dep=None, packages_skip_by_dep=None, packages_skip_up_to=None, packages_select_build_failed=False, packages_skip_build_finished=False, packages_select_test_failures=False, packages_skip_test_passed=False, packages_select=None, packages_skip=None, packages_select_regex=None, packages_skip_regex=None, packages_start=None, packages_end=None, allow_overriding=[], cmake_args=None, cmake_target=None, cmake_target_skip_unavailable=False, cmake_clean_cache=False, cmake_clean_first=False, cmake_force_configure=False, ament_cmake_args=None, catkin_cmake_args=None, catkin_skip_building_tests=False, mixin_files=None, mixin=None, verb_parser=<colcon_mixin.mixin.mixin_argument.MixinArgumentDecorator object at 0x796ecd9d4fa0>, verb_extension=<colcon_core.verb.build.BuildVerb object at 0x796ecdbaf310>, main=<bound method BuildVerb.main of <colcon_core.verb.build.BuildVerb object at 0x796ecdbaf310>>, mixin_verb=('build',))
[0.148s] Level 1:colcon.colcon_core.package_discovery:discover_packages(colcon_meta) check parameters
[0.148s] Level 1:colcon.colcon_core.package_discovery:discover_packages(recursive) check parameters
[0.148s] Level 1:colcon.colcon_core.package_discovery:discover_packages(ignore) check parameters
[0.148s] Level 1:colcon.colcon_core.package_discovery:discover_packages(path) check parameters
[0.148s] Level 1:colcon.colcon_core.package_discovery:discover_packages(colcon_meta) discover
[0.148s] Level 1:colcon.colcon_core.package_discovery:discover_packages(recursive) discover
[0.149s] INFO:colcon.colcon_core.package_discovery:Crawling recursively for packages in '/home/nishant/Documents/RL_Collision_Avoidance_Project/Collision_Avoidance_WS'
[0.149s] Level 1:colcon.colcon_core.package_identification:_identify(.) by extensions ['ignore', 'ignore_ament_install']
[0.149s] Level 1:colcon.colcon_core.package_identification:_identify(.) by extension 'ignore'
[0.149s] Level 1:colcon.colcon_core.package_identification:_identify(.) by extension 'ignore_ament_install'
[0.149s] Level 1:colcon.colcon_core.package_identification:_identify(.) by extensions ['colcon_pkg']
[0.149s] Level 1:colcon.colcon_core.package_identification:_identify(.) by extension 'colcon_pkg'
[0.149s] Level 1:colcon.colcon_core.package_identification:_identify(.) by extensions ['colcon_meta']
[0.149s] Level 1:colcon.colcon_core.package_identification:_identify(.) by extension 'colcon_meta'
[0.149s] Level 1:colcon.colcon_core.package_identification:_identify(.) by extensions ['ros']
[0.149s] Level 1:colcon.colcon_core.package_identification:_identify(.) by extension 'ros'
[0.164s] Level 1:colcon.colcon_core.package_identification:_identify(.) by extensions ['cmake', 'python']
[0.164s] Level 1:colcon.colcon_core.package_identification:_identify(.) by extension 'cmake'
[0.164s] Level 1:colcon.colcon_core.package_identification:_identify(.) by extension 'python'
[0.164s] Level 1:colcon.colcon_core.package_identification:_identify(.) by extensions ['python_setup_py']
[0.164s] Level 1:colcon.colcon_core.package_identification:_identify(.) by extension 'python_setup_py'
[0.164s] Level 1:colcon.colcon_core.package_identification:_identify(build) by extensions ['ignore', 'ignore_ament_install']
[0.165s] Level 1:colcon.colcon_core.package_identification:_identify(build) by extension 'ignore'
[0.165s] Level 1:colcon.colcon_core.package_identification:_identify(build) ignored
[0.165s] Level 1:colcon.colcon_core.package_identification:_identify(install) by extensions ['ignore', 'ignore_ament_install']
[0.165s] Level 1:colcon.colcon_core.package_identification:_identify(install) by extension 'ignore'
[0.165s] Level 1:colcon.colcon_core.package_identification:_identify(install) ignored
[0.165s] Level 1:colcon.colcon_core.package_identification:_identify(log) by extensions ['ignore', 'ignore_ament_install']
[0.165s] Level 1:colcon.colcon_core.package_identification:_identify(log) by extension 'ignore'
[0.165s] Level 1:colcon.colcon_core.package_identification:_identify(log) ignored
[0.166s] Level 1:colcon.colcon_core.package_identification:_identify(src) by extensions ['ignore', 'ignore_ament_install']
[0.166s] Level 1:colcon.colcon_core.package_identification:_identify(src) by extension 'ignore'
[0.166s] Level 1:colcon.colcon_core.package_identification:_identify(src) by extension 'ignore_ament_install'
[0.166s] Level 1:colcon.colcon_core.package_identification:_identify(src) by extensions ['colcon_pkg']
[0.166s] Level 1:colcon.colcon_core.package_identification:_identify(src) by extension 'colcon_pkg'
[0.166s] Level 1:colcon.colcon_core.package_identification:_identify(src) by extensions ['colcon_meta']
[0.166s] Level 1:colcon.colcon_core.package_identification:_identify(src) by extension 'colcon_meta'
[0.166s] Level 1:colcon.colcon_core.package_identification:_identify(src) by extensions ['ros']
[0.166s] Level 1:colcon.colcon_core.package_identification:_identify(src) by extension 'ros'
[0.166s] Level 1:colcon.colcon_core.package_identification:_identify(src) by extensions ['cmake', 'python']
[0.166s] Level 1:colcon.colcon_core.package_identification:_identify(src) by extension 'cmake'
[0.166s] Level 1:colcon.colcon_core.package_identification:_identify(src) by extension 'python'
[0.166s] Level 1:colcon.colcon_core.package_identification:_identify(src) by extensions ['python_setup_py']
[0.166s] Level 1:colcon.colcon_core.package_identification:_identify(src) by extension 'python_setup_py'
[0.166s] Level 1:colcon.colcon_core.package_identification:_identify(src/RL_env) by extensions ['ignore', 'ignore_ament_install']
[0.166s] Level 1:colcon.colcon_core.package_identification:_identify(src/RL_env) by extension 'ignore'
[0.166s] Level 1:colcon.colcon_core.package_identification:_identify(src/RL_env) by extension 'ignore_ament_install'
[0.166s] Level 1:colcon.colcon_core.package_identification:_identify(src/RL_env) by extensions ['colcon_pkg']
[0.166s] Level 1:colcon.colcon_core.package_identification:_identify(src/RL_env) by extension 'colcon_pkg'
[0.166s] Level 1:colcon.colcon_core.package_identification:_identify(src/RL_env) by extensions ['colcon_meta']
[0.166s] Level 1:colcon.colcon_core.package_identification:_identify(src/RL_env) by extension 'colcon_meta'
[0.166s] Level 1:colcon.colcon_core.package_identification:_identify(src/RL_env) by extensions ['ros']
[0.166s] Level 1:colcon.colcon_core.package_identification:_identify(src/RL_env) by extension 'ros'
[0.166s] Level 1:colcon.colcon_core.package_identification:_identify(src/RL_env) by extensions ['cmake', 'python']
[0.166s] Level 1:colcon.colcon_core.package_identification:_identify(src/RL_env) by extension 'cmake'
[0.166s] Level 1:colcon.colcon_core.package_identification:_identify(src/RL_env) by extension 'python'
[0.166s] Level 1:colcon.colcon_core.package_identification:_identify(src/RL_env) by extensions ['python_setup_py']
[0.166s] Level 1:colcon.colcon_core.package_identification:_identify(src/RL_env) by extension 'python_setup_py'
[0.167s] Level 1:colcon.colcon_core.package_identification:_identify(src/RL_env/Gymnasium_Env) by extensions ['ignore', 'ignore_ament_install']
[0.167s] Level 1:colcon.colcon_core.package_identification:_identify(src/RL_env/Gymnasium_Env) by extension 'ignore'
[0.167s] Level 1:colcon.colcon_core.package_identification:_identify(src/RL_env/Gymnasium_Env) by extension 'ignore_ament_install'
[0.167s] Level 1:colcon.colcon_core.package_identification:_identify(src/RL_env/Gymnasium_Env) by extensions ['colcon_pkg']
[0.167s] Level 1:colcon.colcon_core.package_identification:_identify(src/RL_env/Gymnasium_Env) by extension 'colcon_pkg'
[0.167s] Level 1:colcon.colcon_core.package_identification:_identify(src/RL_env/Gymnasium_Env) by extensions ['colcon_meta']
[0.167s] Level 1:colcon.colcon_core.package_identification:_identify(src/RL_env/Gymnasium_Env) by extension 'colcon_meta'
[0.167s] Level 1:colcon.colcon_core.package_identification:_identify(src/RL_env/Gymnasium_Env) by extensions ['ros']
[0.167s] Level 1:colcon.colcon_core.package_identification:_identify(src/RL_env/Gymnasium_Env) by extension 'ros'
[0.167s] Level 1:colcon.colcon_core.package_identification:_identify(src/RL_env/Gymnasium_Env) by extensions ['cmake', 'python']
[0.167s] Level 1:colcon.colcon_core.package_identification:_identify(src/RL_env/Gymnasium_Env) by extension 'cmake'
[0.167s] Level 1:colcon.colcon_core.package_identification:_identify(src/RL_env/Gymnasium_Env) by extension 'python'
[0.167s] Level 1:colcon.colcon_core.package_identification:_identify(src/RL_env/Gymnasium_Env) by extensions ['python_setup_py']
[0.167s] Level 1:colcon.colcon_core.package_identification:_identify(src/RL_env/Gymnasium_Env) by extension 'python_setup_py'
[0.167s] Level 1:colcon.colcon_core.package_identification:_identify(src/RL_env/Gymnasium_Env/__pycache__) by extensions ['ignore', 'ignore_ament_install']
[0.167s] Level 1:colcon.colcon_core.package_identification:_identify(src/RL_env/Gymnasium_Env/__pycache__) by extension 'ignore'
[0.167s] Level 1:colcon.colcon_core.package_identification:_identify(src/RL_env/Gymnasium_Env/__pycache__) by extension 'ignore_ament_install'
[0.167s] Level 1:colcon.colcon_core.package_identification:_identify(src/RL_env/Gymnasium_Env/__pycache__) by extensions ['colcon_pkg']
[0.167s] Level 1:colcon.colcon_core.package_identification:_identify(src/RL_env/Gymnasium_Env/__pycache__) by extension 'colcon_pkg'
[0.167s] Level 1:colcon.colcon_core.package_identification:_identify(src/RL_env/Gymnasium_Env/__pycache__) by extensions ['colcon_meta']
[0.167s] Level 1:colcon.colcon_core.package_identification:_identify(src/RL_env/Gymnasium_Env/__pycache__) by extension 'colcon_meta'
[0.168s] Level 1:colcon.colcon_core.package_identification:_identify(src/RL_env/Gymnasium_Env/__pycache__) by extensions ['ros']
[0.168s] Level 1:colcon.colcon_core.package_identification:_identify(src/RL_env/Gymnasium_Env/__pycache__) by extension 'ros'
[0.168s] Level 1:colcon.colcon_core.package_identification:_identify(src/RL_env/Gymnasium_Env/__pycache__) by extensions ['cmake', 'python']
[0.168s] Level 1:colcon.colcon_core.package_identification:_identify(src/RL_env/Gymnasium_Env/__pycache__) by extension 'cmake'
[0.168s] Level 1:colcon.colcon_core.package_identification:_identify(src/RL_env/Gymnasium_Env/__pycache__) by extension 'python'
[0.168s] Level 1:colcon.colcon_core.package_identification:_identify(src/RL_env/Gymnasium_Env/__pycache__) by extensions ['python_setup_py']
[0.168s] Level 1:colcon.colcon_core.package_identification:_identify(src/RL_env/Gymnasium_Env/__pycache__) by extension 'python_setup_py'
[0.168s] Level 1:colcon.colcon_core.package_identification:_identify(src/RL_env/Gymnasium_Env/logs) by extensions ['ignore', 'ignore_ament_install']
[0.168s] Level 1:colcon.colcon_core.package_identification:_identify(src/RL_env/Gymnasium_Env/logs) by extension 'ignore'
[0.168s] Level 1:colcon.colcon_core.package_identification:_identify(src/RL_env/Gymnasium_Env/logs) by extension 'ignore_ament_install'
[0.168s] Level 1:colcon.colcon_core.package_identification:_identify(src/RL_env/Gymnasium_Env/logs) by extensions ['colcon_pkg']
[0.168s] Level 1:colcon.colcon_core.package_identification:_identify(src/RL_env/Gymnasium_Env/logs) by extension 'colcon_pkg'
[0.168s] Level 1:colcon.colcon_core.package_identification:_identify(src/RL_env/Gymnasium_Env/logs) by extensions ['colcon_meta']
[0.168s] Level 1:colcon.colcon_core.package_identification:_identify(src/RL_env/Gymnasium_Env/logs) by extension 'colcon_meta'
[0.169s] Level 1:colcon.colcon_core.package_identification:_identify(src/RL_env/Gymnasium_Env/logs) by extensions ['ros']
[0.169s] Level 1:colcon.colcon_core.package_identification:_identify(src/RL_env/Gymnasium_Env/logs) by extension 'ros'
[0.169s] Level 1:colcon.colcon_core.package_identification:_identify(src/RL_env/Gymnasium_Env/logs) by extensions ['cmake', 'python']
[0.169s] Level 1:colcon.colcon_core.package_identification:_identify(src/RL_env/Gymnasium_Env/logs) by extension 'cmake'
[0.169s] Level 1:colcon.colcon_core.package_identification:_identify(src/RL_env/Gymnasium_Env/logs) by extension 'python'
[0.169s] Level 1:colcon.colcon_core.package_identification:_identify(src/RL_env/Gymnasium_Env/logs) by extensions ['python_setup_py']
[0.169s] Level 1:colcon.colcon_core.package_identification:_identify(src/RL_env/Gymnasium_Env/logs) by extension 'python_setup_py'
[0.169s] Level 1:colcon.colcon_core.package_identification:_identify(src/RL_env/Gymnasium_Env/models) by extensions ['ignore', 'ignore_ament_install']
[0.169s] Level 1:colcon.colcon_core.package_identification:_identify(src/RL_env/Gymnasium_Env/models) by extension 'ignore'
[0.169s] Level 1:colcon.colcon_core.package_identification:_identify(src/RL_env/Gymnasium_Env/models) by extension 'ignore_ament_install'
[0.169s] Level 1:colcon.colcon_core.package_identification:_identify(src/RL_env/Gymnasium_Env/models) by extensions ['colcon_pkg']
[0.169s] Level 1:colcon.colcon_core.package_identification:_identify(src/RL_env/Gymnasium_Env/models) by extension 'colcon_pkg'
[0.169s] Level 1:colcon.colcon_core.package_identification:_identify(src/RL_env/Gymnasium_Env/models) by extensions ['colcon_meta']
[0.169s] Level 1:colcon.colcon_core.package_identification:_identify(src/RL_env/Gymnasium_Env/models) by extension 'colcon_meta'
[0.169s] Level 1:colcon.colcon_core.package_identification:_identify(src/RL_env/Gymnasium_Env/models) by extensions ['ros']
[0.169s] Level 1:colcon.colcon_core.package_identification:_identify(src/RL_env/Gymnasium_Env/models) by extension 'ros'
[0.169s] Level 1:colcon.colcon_core.package_identification:_identify(src/RL_env/Gymnasium_Env/models) by extensions ['cmake', 'python']
[0.169s] Level 1:colcon.colcon_core.package_identification:_identify(src/RL_env/Gymnasium_Env/models) by extension 'cmake'
[0.169s] Level 1:colcon.colcon_core.package_identification:_identify(src/RL_env/Gymnasium_Env/models) by extension 'python'
[0.169s] Level 1:colcon.colcon_core.package_identification:_identify(src/RL_env/Gymnasium_Env/models) by extensions ['python_setup_py']
[0.170s] Level 1:colcon.colcon_core.package_identification:_identify(src/RL_env/Gymnasium_Env/models) by extension 'python_setup_py'
[0.170s] Level 1:colcon.colcon_core.package_identification:_identify(src/my_env) by extensions ['ignore', 'ignore_ament_install']
[0.170s] Level 1:colcon.colcon_core.package_identification:_identify(src/my_env) by extension 'ignore'
[0.170s] Level 1:colcon.colcon_core.package_identification:_identify(src/my_env) by extension 'ignore_ament_install'
[0.170s] Level 1:colcon.colcon_core.package_identification:_identify(src/my_env) by extensions ['colcon_pkg']
[0.170s] Level 1:colcon.colcon_core.package_identification:_identify(src/my_env) by extension 'colcon_pkg'
[0.170s] Level 1:colcon.colcon_core.package_identification:_identify(src/my_env) by extensions ['colcon_meta']
[0.170s] Level 1:colcon.colcon_core.package_identification:_identify(src/my_env) by extension 'colcon_meta'
[0.170s] Level 1:colcon.colcon_core.package_identification:_identify(src/my_env) by extensions ['ros']
[0.170s] Level 1:colcon.colcon_core.package_identification:_identify(src/my_env) by extension 'ros'
[0.173s] DEBUG:colcon.colcon_core.package_identification:Package 'src/my_env' with type 'ros.ament_cmake' and name 'my_env'
[0.173s] Level 1:colcon.colcon_core.package_discovery:discover_packages(recursive) using defaults
[0.173s] Level 1:colcon.colcon_core.package_discovery:discover_packages(ignore) discover
[0.173s] Level 1:colcon.colcon_core.package_discovery:discover_packages(ignore) using defaults
[0.173s] Level 1:colcon.colcon_core.package_discovery:discover_packages(path) discover
[0.173s] Level 1:colcon.colcon_core.package_discovery:discover_packages(path) using defaults
[0.194s] Level 1:colcon.colcon_core.package_discovery:discover_packages(prefix_path) check parameters
[0.194s] Level 1:colcon.colcon_core.package_discovery:discover_packages(prefix_path) discover
[0.196s] DEBUG:colcon.colcon_installed_package_information.package_discovery:Found 2 installed packages in /home/nishant/Documents/RL_Collision_Avoidance_Project/Collision_Avoidance_WS/install
[0.197s] DEBUG:colcon.colcon_installed_package_information.package_discovery:Found 454 installed packages in /opt/ros/humble
[0.200s] Level 1:colcon.colcon_core.package_discovery:discover_packages(prefix_path) using defaults
[0.250s] Level 5:colcon.colcon_core.verb:set package 'my_env' build argument 'cmake_args' from command line to 'None'
[0.250s] Level 5:colcon.colcon_core.verb:set package 'my_env' build argument 'cmake_target' from command line to 'None'
[0.250s] Level 5:colcon.colcon_core.verb:set package 'my_env' build argument 'cmake_target_skip_unavailable' from command line to 'False'
[0.250s] Level 5:colcon.colcon_core.verb:set package 'my_env' build argument 'cmake_clean_cache' from command line to 'False'
[0.250s] Level 5:colcon.colcon_core.verb:set package 'my_env' build argument 'cmake_clean_first' from command line to 'False'
[0.250s] Level 5:colcon.colcon_core.verb:set package 'my_env' build argument 'cmake_force_configure' from command line to 'False'
[0.250s] Level 5:colcon.colcon_core.verb:set package 'my_env' build argument 'ament_cmake_args' from command line to 'None'
[0.250s] Level 5:colcon.colcon_core.verb:set package 'my_env' build argument 'catkin_cmake_args' from command line to 'None'
[0.250s] Level 5:colcon.colcon_core.verb:set package 'my_env' build argument 'catkin_skip_building_tests' from command line to 'False'
[0.250s] DEBUG:colcon.colcon_core.verb:Building package 'my_env' with the following arguments: {'ament_cmake_args': None, 'build_base': '/home/nishant/Documents/RL_Collision_Avoidance_Project/Collision_Avoidance_WS/build/my_env', 'catkin_cmake_args': None, 'catkin_skip_building_tests': False, 'cmake_args': None, 'cmake_clean_cache': False, 'cmake_clean_first': False, 'cmake_force_configure': False, 'cmake_target': None, 'cmake_target_skip_unavailable': False, 'install_base': '/home/nishant/Documents/RL_Collision_Avoidance_Project/Collision_Avoidance_WS/install/my_env', 'merge_install': False, 'path': '/home/nishant/Documents/RL_Collision_Avoidance_Project/Collision_Avoidance_WS/src/my_env', 'symlink_install': False, 'test_result_base': None}
[0.250s] INFO:colcon.colcon_core.executor:Executing jobs using 'parallel' executor
[0.251s] DEBUG:colcon.colcon_parallel_executor.executor.parallel:run_until_complete
[0.251s] INFO:colcon.colcon_ros.task.ament_cmake.build:Building ROS package in '/home/nishant/Documents/RL_Collision_Avoidance_Project/Collision_Avoidance_WS/src/my_env' with build type 'ament_cmake'
[0.252s] INFO:colcon.colcon_cmake.task.cmake.build:Building CMake package in '/home/nishant/Documents/RL_Collision_Avoidance_Project/Collision_Avoidance_WS/src/my_env'
[0.253s] INFO:colcon.colcon_core.plugin_system:Skipping extension 'colcon_core.shell.bat': Not used on non-Windows systems
[0.253s] INFO:colcon.colcon_core.shell:Skip shell extension 'powershell' for command environment: Not usable outside of PowerShell
[0.253s] DEBUG:colcon.colcon_core.shell:Skip shell extension 'dsv' for command environment
[0.277s] DEBUG:colcon.colcon_core.event_handler.log_command:Invoking command in '/home/nishant/Documents/RL_Collision_Avoidance_Project/Collision_Avoidance_WS/build/my_env': CMAKE_PREFIX_PATH=${CMAKE_PREFIX_PATH}:/opt/ros/humble /usr/bin/cmake --build /home/nishant/Documents/RL_Collision_Avoidance_Project/Collision_Avoidance_WS/build/my_env -- -j12 -l12
[0.342s] DEBUG:colcon.colcon_core.event_handler.log_command:Invoked command in '/home/nishant/Documents/RL_Collision_Avoidance_Project/Collision_Avoidance_WS/build/my_env' returned '0': CMAKE_PREFIX_PATH=${CMAKE_PREFIX_PATH}:/opt/ros/humble /usr/bin/cmake --build /home/nishant/Documents/RL_Collision_Avoidance_Project/Collision_Avoidance_WS/build/my_env -- -j12 -l12
[0.357s] DEBUG:colcon.colcon_core.event_handler.log_command:Invoking command in '/home/nishant/Documents/RL_Collision_Avoidance_Project/Collision_Avoidance_WS/build/my_env': CMAKE_PREFIX_PATH=${CMAKE_PREFIX_PATH}:/opt/ros/humble /usr/bin/cmake --install /home/nishant/Documents/RL_Collision_Avoidance_Project/Collision_Avoidance_WS/build/my_env
[0.401s] Level 1:colcon.colcon_core.environment:create_environment_scripts_only(my_env)
[0.402s] DEBUG:colcon.colcon_core.event_handler.log_command:Invoked command in '/home/nishant/Documents/RL_Collision_Avoidance_Project/Collision_Avoidance_WS/build/my_env' returned '0': CMAKE_PREFIX_PATH=${CMAKE_PREFIX_PATH}:/opt/ros/humble /usr/bin/cmake --install /home/nishant/Documents/RL_Collision_Avoidance_Project/Collision_Avoidance_WS/build/my_env
[0.404s] Level 1:colcon.colcon_core.environment:checking '/home/nishant/Documents/RL_Collision_Avoidance_Project/Collision_Avoidance_WS/install/my_env' for CMake module files
[0.405s] Level 1:colcon.colcon_core.environment:checking '/home/nishant/Documents/RL_Collision_Avoidance_Project/Collision_Avoidance_WS/install/my_env' for CMake config files
[0.406s] Level 1:colcon.colcon_core.shell:create_environment_hook('my_env', 'cmake_prefix_path')
[0.407s] INFO:colcon.colcon_core.shell:Creating environment hook '/home/nishant/Documents/RL_Collision_Avoidance_Project/Collision_Avoidance_WS/install/my_env/share/my_env/hook/cmake_prefix_path.ps1'
[0.409s] INFO:colcon.colcon_core.shell:Creating environment descriptor '/home/nishant/Documents/RL_Collision_Avoidance_Project/Collision_Avoidance_WS/install/my_env/share/my_env/hook/cmake_prefix_path.dsv'
[0.411s] INFO:colcon.colcon_core.shell:Creating environment hook '/home/nishant/Documents/RL_Collision_Avoidance_Project/Collision_Avoidance_WS/install/my_env/share/my_env/hook/cmake_prefix_path.sh'
[0.412s] Level 1:colcon.colcon_core.environment:checking '/home/nishant/Documents/RL_Collision_Avoidance_Project/Collision_Avoidance_WS/install/my_env/bin'
[0.413s] Level 1:colcon.colcon_core.environment:checking '/home/nishant/Documents/RL_Collision_Avoidance_Project/Collision_Avoidance_WS/install/my_env/lib/pkgconfig/my_env.pc'
[0.413s] Level 1:colcon.colcon_core.environment:checking '/home/nishant/Documents/RL_Collision_Avoidance_Project/Collision_Avoidance_WS/install/my_env/lib/python3.10/site-packages'
[0.413s] Level 1:colcon.colcon_core.environment:checking '/home/nishant/Documents/RL_Collision_Avoidance_Project/Collision_Avoidance_WS/install/my_env/bin'
[0.414s] INFO:colcon.colcon_core.shell:Creating package script '/home/nishant/Documents/RL_Collision_Avoidance_Project/Collision_Avoidance_WS/install/my_env/share/my_env/package.ps1'
[0.416s] INFO:colcon.colcon_core.shell:Creating package descriptor '/home/nishant/Documents/RL_Collision_Avoidance_Project/Collision_Avoidance_WS/install/my_env/share/my_env/package.dsv'
[0.418s] INFO:colcon.colcon_core.shell:Creating package script '/home/nishant/Documents/RL_Collision_Avoidance_Project/Collision_Avoidance_WS/install/my_env/share/my_env/package.sh'
[0.421s] INFO:colcon.colcon_core.shell:Creating package script '/home/nishant/Documents/RL_Collision_Avoidance_Project/Collision_Avoidance_WS/install/my_env/share/my_env/package.bash'
[0.423s] INFO:colcon.colcon_core.shell:Creating package script '/home/nishant/Documents/RL_Collision_Avoidance_Project/Collision_Avoidance_WS/install/my_env/share/my_env/package.zsh'
[0.424s] Level 1:colcon.colcon_core.environment:create_file_with_runtime_dependencies(/home/nishant/Documents/RL_Collision_Avoidance_Project/Collision_Avoidance_WS/install/my_env/share/colcon-core/packages/my_env)
[0.424s] Level 1:colcon.colcon_core.environment:create_environment_scripts_only(my_env)
[0.424s] Level 1:colcon.colcon_core.environment:checking '/home/nishant/Documents/RL_Collision_Avoidance_Project/Collision_Avoidance_WS/install/my_env' for CMake module files
[0.424s] Level 1:colcon.colcon_core.environment:checking '/home/nishant/Documents/RL_Collision_Avoidance_Project/Collision_Avoidance_WS/install/my_env' for CMake config files
[0.425s] Level 1:colcon.colcon_core.shell:create_environment_hook('my_env', 'cmake_prefix_path')
[0.425s] INFO:colcon.colcon_core.shell:Creating environment hook '/home/nishant/Documents/RL_Collision_Avoidance_Project/Collision_Avoidance_WS/install/my_env/share/my_env/hook/cmake_prefix_path.ps1'
[0.425s] INFO:colcon.colcon_core.shell:Creating environment descriptor '/home/nishant/Documents/RL_Collision_Avoidance_Project/Collision_Avoidance_WS/install/my_env/share/my_env/hook/cmake_prefix_path.dsv'
[0.425s] INFO:colcon.colcon_core.shell:Creating environment hook '/home/nishant/Documents/RL_Collision_Avoidance_Project/Collision_Avoidance_WS/install/my_env/share/my_env/hook/cmake_prefix_path.sh'
[0.426s] Level 1:colcon.colcon_core.environment:checking '/home/nishant/Documents/RL_Collision_Avoidance_Project/Collision_Avoidance_WS/install/my_env/bin'
[0.426s] Level 1:colcon.colcon_core.environment:checking '/home/nishant/Documents/RL_Collision_Avoidance_Project/Collision_Avoidance_WS/install/my_env/lib/pkgconfig/my_env.pc'
[0.426s] Level 1:colcon.colcon_core.environment:checking '/home/nishant/Documents/RL_Collision_Avoidance_Project/Collision_Avoidance_WS/install/my_env/lib/python3.10/site-packages'
[0.426s] Level 1:colcon.colcon_core.environment:checking '/home/nishant/Documents/RL_Collision_Avoidance_Project/Collision_Avoidance_WS/install/my_env/bin'
[0.426s] INFO:colcon.colcon_core.shell:Creating package script '/home/nishant/Documents/RL_Collision_Avoidance_Project/Collision_Avoidance_WS/install/my_env/share/my_env/package.ps1'
[0.427s] INFO:colcon.colcon_core.shell:Creating package descriptor '/home/nishant/Documents/RL_Collision_Avoidance_Project/Collision_Avoidance_WS/install/my_env/share/my_env/package.dsv'
[0.427s] INFO:colcon.colcon_core.shell:Creating package script '/home/nishant/Documents/RL_Collision_Avoidance_Project/Collision_Avoidance_WS/install/my_env/share/my_env/package.sh'
[0.427s] INFO:colcon.colcon_core.shell:Creating package script '/home/nishant/Documents/RL_Collision_Avoidance_Project/Collision_Avoidance_WS/install/my_env/share/my_env/package.bash'
[0.427s] INFO:colcon.colcon_core.shell:Creating package script '/home/nishant/Documents/RL_Collision_Avoidance_Project/Collision_Avoidance_WS/install/my_env/share/my_env/package.zsh'
[0.428s] Level 1:colcon.colcon_core.environment:create_file_with_runtime_dependencies(/home/nishant/Documents/RL_Collision_Avoidance_Project/Collision_Avoidance_WS/install/my_env/share/colcon-core/packages/my_env)
[0.428s] DEBUG:colcon.colcon_parallel_executor.executor.parallel:closing loop
[0.428s] DEBUG:colcon.colcon_parallel_executor.executor.parallel:loop closed
[0.428s] DEBUG:colcon.colcon_parallel_executor.executor.parallel:run_until_complete finished with '0'
[0.428s] DEBUG:colcon.colcon_core.event_reactor:joining thread
[0.444s] INFO:colcon.colcon_core.plugin_system:Skipping extension 'colcon_notification.desktop_notification.terminal_notifier': Not used on non-Darwin systems
[0.445s] INFO:colcon.colcon_core.plugin_system:Skipping extension 'colcon_notification.desktop_notification.win32': Not used on non-Windows systems
[0.445s] INFO:colcon.colcon_notification.desktop_notification:Sending desktop notification using 'notify2'
[0.457s] DEBUG:colcon.colcon_core.event_reactor:joined thread
[0.457s] INFO:colcon.colcon_core.shell:Creating prefix script '/home/nishant/Documents/RL_Collision_Avoidance_Project/Collision_Avoidance_WS/install/local_setup.ps1'
[0.458s] INFO:colcon.colcon_core.shell:Creating prefix util module '/home/nishant/Documents/RL_Collision_Avoidance_Project/Collision_Avoidance_WS/install/_local_setup_util_ps1.py'
[0.459s] INFO:colcon.colcon_core.shell:Creating prefix chain script '/home/nishant/Documents/RL_Collision_Avoidance_Project/Collision_Avoidance_WS/install/setup.ps1'
[0.459s] INFO:colcon.colcon_core.shell:Creating prefix script '/home/nishant/Documents/RL_Collision_Avoidance_Project/Collision_Avoidance_WS/install/local_setup.sh'
[0.460s] INFO:colcon.colcon_core.shell:Creating prefix util module '/home/nishant/Documents/RL_Collision_Avoidance_Project/Collision_Avoidance_WS/install/_local_setup_util_sh.py'
[0.460s] INFO:colcon.colcon_core.shell:Creating prefix chain script '/home/nishant/Documents/RL_Collision_Avoidance_Project/Collision_Avoidance_WS/install/setup.sh'
[0.461s] INFO:colcon.colcon_core.shell:Creating prefix script '/home/nishant/Documents/RL_Collision_Avoidance_Project/Collision_Avoidance_WS/install/local_setup.bash'
[0.462s] INFO:colcon.colcon_core.shell:Creating prefix chain script '/home/nishant/Documents/RL_Collision_Avoidance_Project/Collision_Avoidance_WS/install/setup.bash'
[0.463s] INFO:colcon.colcon_core.shell:Creating prefix script '/home/nishant/Documents/RL_Collision_Avoidance_Project/Collision_Avoidance_WS/install/local_setup.zsh'
[0.464s] INFO:colcon.colcon_core.shell:Creating prefix chain script '/home/nishant/Documents/RL_Collision_Avoidance_Project/Collision_Avoidance_WS/install/setup.zsh'
