[0.011s] Invoking command in '/home/nishant/Documents/RL_Collision_Avoidance_Project/Collision_Avoidance_WS/build/my_env': CMAKE_PREFIX_PATH=${CMAKE_PREFIX_PATH}:/opt/ros/humble /usr/bin/cmake --build /home/nishant/Documents/RL_Collision_Avoidance_Project/Collision_Avoidance_WS/build/my_env -- -j12 -l12
[0.039s] -- Found ament_cmake: 1.3.11 (/opt/ros/humble/share/ament_cmake/cmake)
[0.150s] -- Found rclpy: 3.3.15 (/opt/ros/humble/share/rclpy/cmake)
[0.180s] -- Found gazebo_ros: 3.7.0 (/opt/ros/humble/share/gazebo_ros/cmake)
[0.510s] -- Found rosidl_generator_c: 3.1.6 (/opt/ros/humble/share/rosidl_generator_c/cmake)
[0.525s] -- Found rosidl_adapter: 3.1.6 (/opt/ros/humble/share/rosidl_adapter/cmake)
[0.582s] -- Found rosidl_generator_cpp: 3.1.6 (/opt/ros/humble/share/rosidl_generator_cpp/cmake)
[0.652s] -- Using all available rosidl_typesupport_c: rosidl_typesupport_fastrtps_c;rosidl_typesupport_introspection_c
[0.699s] -- Using all available rosidl_typesupport_cpp: rosidl_typesupport_fastrtps_cpp;rosidl_typesupport_introspection_cpp
[0.878s] -- Found rmw_implementation_cmake: 6.1.2 (/opt/ros/humble/share/rmw_implementation_cmake/cmake)
[0.913s] -- Found rmw_fastrtps_cpp: 6.2.7 (/opt/ros/humble/share/rmw_fastrtps_cpp/cmake)
[1.419s] -- Found OpenSSL: /usr/lib/x86_64-linux-gnu/libcrypto.so (found version "3.0.2")  
[1.467s] -- Found FastRTPS: /opt/ros/humble/include  
[1.517s] -- Using RMW implementation 'rmw_fastrtps_cpp' as default
[1.597s] -- Looking for pthread.h
[2.156s] -- Looking for pthread.h - found
[2.156s] -- Performing Test CMAKE_HAVE_LIBC_PTHREAD
[2.408s] -- Performing Test CMAKE_HAVE_LIBC_PTHREAD - Success
[2.409s] -- Found Threads: TRUE  
[2.712s] -- Found PkgConfig: /usr/bin/pkg-config (found version "0.29.2") 
[2.713s] -- Checking for module 'bullet>=2.82'
[2.753s] --   Found bullet, version 3.05
[3.143s] -- Found fcl: /usr/include (found suitable version "0.7.0", minimum required is "0.5.0") 
[3.281s] -- Found assimp: /usr/include (found version "5.2.0") 
[3.492s] -- Found DART: /usr/include (Required is at least version "6.6") found components: dart 
[3.578s] -- Found Boost: /usr/lib/x86_64-linux-gnu/cmake/Boost-1.74.0/BoostConfig.cmake (found suitable version "1.74.0", minimum required is "1.40.0") found components: thread system filesystem program_options regex iostreams date_time 
[3.719s] -- Found Protobuf: /usr/lib/x86_64-linux-gnu/libprotobuf.so (found version "3.12.4") 
[3.765s] -- Looking for ignition-math6 -- found version 6.15.1
[3.842s] -- Searching for dependencies of ignition-math6
[3.855s] -- Looking for OGRE...
[3.856s] -- OGRE_PREFIX_WATCH changed.
[3.868s] -- Checking for module 'OGRE'
[3.895s] --   Found OGRE, version 1.9.0
[4.036s] -- Found Ogre Ghadamon (1.9.0)
[4.057s] -- Found OGRE: optimized;/usr/lib/x86_64-linux-gnu/libOgreMain.so;debug;/usr/lib/x86_64-linux-gnu/libOgreMain.so
[4.065s] -- Looking for OGRE_Paging...
[4.069s] -- Found OGRE_Paging: optimized;/usr/lib/x86_64-linux-gnu/libOgrePaging.so;debug;/usr/lib/x86_64-linux-gnu/libOgrePaging.so
[4.070s] -- Looking for OGRE_Terrain...
[4.074s] -- Found OGRE_Terrain: optimized;/usr/lib/x86_64-linux-gnu/libOgreTerrain.so;debug;/usr/lib/x86_64-linux-gnu/libOgreTerrain.so
[4.074s] -- Looking for OGRE_Property...
[4.080s] -- Found OGRE_Property: optimized;/usr/lib/x86_64-linux-gnu/libOgreProperty.so;debug;/usr/lib/x86_64-linux-gnu/libOgreProperty.so
[4.081s] -- Looking for OGRE_RTShaderSystem...
[4.085s] -- Found OGRE_RTShaderSystem: optimized;/usr/lib/x86_64-linux-gnu/libOgreRTShaderSystem.so;debug;/usr/lib/x86_64-linux-gnu/libOgreRTShaderSystem.so
[4.085s] -- Looking for OGRE_Volume...
[4.090s] -- Found OGRE_Volume: optimized;/usr/lib/x86_64-linux-gnu/libOgreVolume.so;debug;/usr/lib/x86_64-linux-gnu/libOgreVolume.so
[4.090s] -- Looking for OGRE_Overlay...
[4.094s] -- Found OGRE_Overlay: optimized;/usr/lib/x86_64-linux-gnu/libOgreOverlay.so;debug;/usr/lib/x86_64-linux-gnu/libOgreOverlay.so
[4.172s] -- Looking for ignition-math6 -- found version 6.15.1
[4.198s] -- Looking for ignition-transport8 -- found version 8.2.1
[4.199s] -- Searching for dependencies of ignition-transport8
[4.216s] -- Found Protobuf: /usr/lib/x86_64-linux-gnu/libprotobuf.so (found suitable version "3.12.4", minimum required is "3") 
[4.227s] -- Config-file not installed for ZeroMQ -- checking for pkg-config
[4.231s] -- Checking for module 'libzmq >= 4'
[4.391s] --   Found libzmq , version 4.3.4
[4.467s] -- Found ZeroMQ: TRUE (Required is at least version "4") 
[4.499s] -- Checking for module 'uuid'
[4.552s] --   Found uuid, version 2.37.2
[4.626s] -- Found UUID: TRUE  
[4.644s] -- Looking for ignition-msgs5 -- found version 5.8.1
[4.645s] -- Searching for dependencies of ignition-msgs5
[4.670s] -- Looking for ignition-math6 -- found version 6.15.1
[4.679s] -- Checking for module 'tinyxml2'
[4.723s] --   Found tinyxml2, version 9.0.0
[4.800s] -- Looking for ignition-msgs5 -- found version 5.8.1
[4.830s] -- Looking for ignition-common3 -- found version 3.14.0
[4.831s] -- Searching for dependencies of ignition-common3
[4.832s] -- Looking for dlfcn.h - found
[4.834s] -- Looking for libdl - found
[4.837s] -- Found DL: TRUE  
[4.859s] -- Found tinyobjloader: /usr/lib/x86_64-linux-gnu/cmake/tinyobjloader/tinyobjloader-config.cmake (found version "2.0.0") 
[4.860s] -- Searching for <ignition-common3> component [graphics]
[4.881s] -- Looking for ignition-common3-graphics -- found version 3.14.0
[4.882s] -- Searching for dependencies of ignition-common3-graphics
[4.882s] -- Looking for ignition-math6 -- found version 6.15.1
[4.907s] -- Looking for ignition-fuel_tools4 -- found version 4.4.0
[4.908s] -- Searching for dependencies of ignition-fuel_tools4
[5.124s] -- Found CURL: /usr/lib/x86_64-linux-gnu/libcurl.so (found version "7.81.0")  
[5.160s] -- Checking for module 'jsoncpp'
[5.191s] --   Found jsoncpp, version 1.9.5
[5.267s] -- Found JSONCPP: TRUE  
[5.278s] -- Checking for module 'libzip'
[5.323s] --   Found libzip, version 1.7.3
[5.397s] -- Found ZIP: TRUE  
[5.397s] -- Looking for ignition-common3 -- found version 3.14.0
[5.398s] -- Looking for ignition-math6 -- found version 6.15.1
[5.398s] -- Looking for ignition-msgs5 -- found version 5.8.1
[5.424s] -- Gazebo version: 11.10
[5.425s] -- Checking for module 'tbb'
[5.457s] --   Found tbb, version 2021.5.0
[5.529s] -- Found ament_lint_auto: 0.12.11 (/opt/ros/humble/share/ament_lint_auto/cmake)
[5.585s] -- Added test 'cppcheck' to perform static code analysis on C / C++ code
[5.586s] -- Configured cppcheck include dirs: 
[5.586s] -- Configured cppcheck exclude dirs and/or files: 
[5.586s] -- Added test 'flake8' to check Python code syntax and style conventions
[5.586s] -- Added test 'lint_cmake' to check CMake code style
[5.587s] -- Added test 'pep257' to check Python code against some of the docstring style conventions in PEP 257
[5.588s] -- Added test 'uncrustify' to check C / C++ code style
[5.588s] -- Configured uncrustify additional arguments: 
[5.589s] -- Added test 'xmllint' to check XML markup files
[5.589s] -- Configuring done
[5.592s] -- Generating done
[5.595s] -- Build files have been written to: /home/nishant/Documents/RL_Collision_Avoidance_Project/Collision_Avoidance_WS/build/my_env
[5.621s] Invoked command in '/home/nishant/Documents/RL_Collision_Avoidance_Project/Collision_Avoidance_WS/build/my_env' returned '0': CMAKE_PREFIX_PATH=${CMAKE_PREFIX_PATH}:/opt/ros/humble /usr/bin/cmake --build /home/nishant/Documents/RL_Collision_Avoidance_Project/Collision_Avoidance_WS/build/my_env -- -j12 -l12
[5.635s] Invoking command in '/home/nishant/Documents/RL_Collision_Avoidance_Project/Collision_Avoidance_WS/build/my_env': CMAKE_PREFIX_PATH=${CMAKE_PREFIX_PATH}:/opt/ros/humble /usr/bin/cmake --install /home/nishant/Documents/RL_Collision_Avoidance_Project/Collision_Avoidance_WS/build/my_env
[5.645s] -- Install configuration: ""
[5.645s] -- Up-to-date: /home/nishant/Documents/RL_Collision_Avoidance_Project/Collision_Avoidance_WS/install/my_env/share/my_env//launch
[5.645s] -- Up-to-date: /home/nishant/Documents/RL_Collision_Avoidance_Project/Collision_Avoidance_WS/install/my_env/share/my_env//launch/robot_state_publisher.launch.py
[5.645s] -- Up-to-date: /home/nishant/Documents/RL_Collision_Avoidance_Project/Collision_Avoidance_WS/install/my_env/share/my_env//launch/spawn_turtlebot3.launch.py
[5.645s] -- Up-to-date: /home/nishant/Documents/RL_Collision_Avoidance_Project/Collision_Avoidance_WS/install/my_env/share/my_env//launch/training_env.launch.py
[5.645s] -- Up-to-date: /home/nishant/Documents/RL_Collision_Avoidance_Project/Collision_Avoidance_WS/install/my_env/share/my_env//urdf
[5.645s] -- Up-to-date: /home/nishant/Documents/RL_Collision_Avoidance_Project/Collision_Avoidance_WS/install/my_env/share/my_env//urdf/turtlebot3_burger.urdf
[5.645s] -- Up-to-date: /home/nishant/Documents/RL_Collision_Avoidance_Project/Collision_Avoidance_WS/install/my_env/share/my_env//models
[5.645s] -- Up-to-date: /home/nishant/Documents/RL_Collision_Avoidance_Project/Collision_Avoidance_WS/install/my_env/share/my_env//models/turtlebot3_waffle_pi
[5.645s] -- Up-to-date: /home/nishant/Documents/RL_Collision_Avoidance_Project/Collision_Avoidance_WS/install/my_env/share/my_env//models/turtlebot3_waffle_pi/model.sdf
[5.646s] -- Up-to-date: /home/nishant/Documents/RL_Collision_Avoidance_Project/Collision_Avoidance_WS/install/my_env/share/my_env//models/turtlebot3_waffle_pi/model-1_4_.sdf
[5.646s] -- Up-to-date: /home/nishant/Documents/RL_Collision_Avoidance_Project/Collision_Avoidance_WS/install/my_env/share/my_env//models/turtlebot3_waffle_pi/model.config
[5.646s] -- Up-to-date: /home/nishant/Documents/RL_Collision_Avoidance_Project/Collision_Avoidance_WS/install/my_env/share/my_env//models/turtlebot3_world
[5.646s] -- Up-to-date: /home/nishant/Documents/RL_Collision_Avoidance_Project/Collision_Avoidance_WS/install/my_env/share/my_env//models/turtlebot3_world/model.sdf
[5.646s] -- Up-to-date: /home/nishant/Documents/RL_Collision_Avoidance_Project/Collision_Avoidance_WS/install/my_env/share/my_env//models/turtlebot3_world/meshes
[5.646s] -- Up-to-date: /home/nishant/Documents/RL_Collision_Avoidance_Project/Collision_Avoidance_WS/install/my_env/share/my_env//models/turtlebot3_world/meshes/wall.dae
[5.646s] -- Up-to-date: /home/nishant/Documents/RL_Collision_Avoidance_Project/Collision_Avoidance_WS/install/my_env/share/my_env//models/turtlebot3_world/meshes/hexagon.dae
[5.646s] -- Up-to-date: /home/nishant/Documents/RL_Collision_Avoidance_Project/Collision_Avoidance_WS/install/my_env/share/my_env//models/turtlebot3_world/model.config
[5.646s] -- Up-to-date: /home/nishant/Documents/RL_Collision_Avoidance_Project/Collision_Avoidance_WS/install/my_env/share/my_env//models/turtlebot3_world/model-1_4.sdf
[5.646s] -- Up-to-date: /home/nishant/Documents/RL_Collision_Avoidance_Project/Collision_Avoidance_WS/install/my_env/share/my_env//models/turtlebot3_waffle
[5.646s] -- Up-to-date: /home/nishant/Documents/RL_Collision_Avoidance_Project/Collision_Avoidance_WS/install/my_env/share/my_env//models/turtlebot3_waffle/model.sdf
[5.646s] -- Up-to-date: /home/nishant/Documents/RL_Collision_Avoidance_Project/Collision_Avoidance_WS/install/my_env/share/my_env//models/turtlebot3_waffle/model.config
[5.646s] -- Up-to-date: /home/nishant/Documents/RL_Collision_Avoidance_Project/Collision_Avoidance_WS/install/my_env/share/my_env//models/turtlebot3_waffle/model-1_4.sdf
[5.646s] -- Up-to-date: /home/nishant/Documents/RL_Collision_Avoidance_Project/Collision_Avoidance_WS/install/my_env/share/my_env//models/turtlebot3_house
[5.646s] -- Up-to-date: /home/nishant/Documents/RL_Collision_Avoidance_Project/Collision_Avoidance_WS/install/my_env/share/my_env//models/turtlebot3_house/model.sdf
[5.647s] -- Up-to-date: /home/nishant/Documents/RL_Collision_Avoidance_Project/Collision_Avoidance_WS/install/my_env/share/my_env//models/turtlebot3_house/model.config
[5.647s] -- Up-to-date: /home/nishant/Documents/RL_Collision_Avoidance_Project/Collision_Avoidance_WS/install/my_env/share/my_env//models/turtlebot3_common
[5.647s] -- Up-to-date: /home/nishant/Documents/RL_Collision_Avoidance_Project/Collision_Avoidance_WS/install/my_env/share/my_env//models/turtlebot3_common/meshes
[5.647s] -- Up-to-date: /home/nishant/Documents/RL_Collision_Avoidance_Project/Collision_Avoidance_WS/install/my_env/share/my_env//models/turtlebot3_common/meshes/waffle_base.dae
[5.647s] -- Up-to-date: /home/nishant/Documents/RL_Collision_Avoidance_Project/Collision_Avoidance_WS/install/my_env/share/my_env//models/turtlebot3_common/meshes/lds.dae
[5.647s] -- Up-to-date: /home/nishant/Documents/RL_Collision_Avoidance_Project/Collision_Avoidance_WS/install/my_env/share/my_env//models/turtlebot3_common/meshes/tire.dae
[5.647s] -- Up-to-date: /home/nishant/Documents/RL_Collision_Avoidance_Project/Collision_Avoidance_WS/install/my_env/share/my_env//models/turtlebot3_common/meshes/r200.dae
[5.647s] -- Up-to-date: /home/nishant/Documents/RL_Collision_Avoidance_Project/Collision_Avoidance_WS/install/my_env/share/my_env//models/turtlebot3_common/meshes/waffle_pi_base.dae
[5.647s] -- Up-to-date: /home/nishant/Documents/RL_Collision_Avoidance_Project/Collision_Avoidance_WS/install/my_env/share/my_env//models/turtlebot3_common/meshes/burger_base.dae
[5.647s] -- Up-to-date: /home/nishant/Documents/RL_Collision_Avoidance_Project/Collision_Avoidance_WS/install/my_env/share/my_env//models/turtlebot3_common/model.config
[5.647s] -- Up-to-date: /home/nishant/Documents/RL_Collision_Avoidance_Project/Collision_Avoidance_WS/install/my_env/share/my_env//models/turtlebot3_burger
[5.647s] -- Up-to-date: /home/nishant/Documents/RL_Collision_Avoidance_Project/Collision_Avoidance_WS/install/my_env/share/my_env//models/turtlebot3_burger/model.sdf
[5.647s] -- Up-to-date: /home/nishant/Documents/RL_Collision_Avoidance_Project/Collision_Avoidance_WS/install/my_env/share/my_env//models/turtlebot3_burger/model.config
[5.647s] -- Up-to-date: /home/nishant/Documents/RL_Collision_Avoidance_Project/Collision_Avoidance_WS/install/my_env/share/my_env//models/turtlebot3_burger/model-1_4.sdf
[5.647s] -- Up-to-date: /home/nishant/Documents/RL_Collision_Avoidance_Project/Collision_Avoidance_WS/install/my_env/share/my_env//models/turtlebot3_dqn_world
[5.647s] -- Up-to-date: /home/nishant/Documents/RL_Collision_Avoidance_Project/Collision_Avoidance_WS/install/my_env/share/my_env//models/turtlebot3_dqn_world/model.sdf
[5.647s] -- Up-to-date: /home/nishant/Documents/RL_Collision_Avoidance_Project/Collision_Avoidance_WS/install/my_env/share/my_env//models/turtlebot3_dqn_world/obstacle_plugin
[5.647s] -- Up-to-date: /home/nishant/Documents/RL_Collision_Avoidance_Project/Collision_Avoidance_WS/install/my_env/share/my_env//models/turtlebot3_dqn_world/obstacle_plugin/CMakeLists.txt
[5.647s] -- Up-to-date: /home/nishant/Documents/RL_Collision_Avoidance_Project/Collision_Avoidance_WS/install/my_env/share/my_env//models/turtlebot3_dqn_world/obstacle_plugin/obstacle1.cc
[5.647s] -- Up-to-date: /home/nishant/Documents/RL_Collision_Avoidance_Project/Collision_Avoidance_WS/install/my_env/share/my_env//models/turtlebot3_dqn_world/obstacle_plugin/obstacle2.cc
[5.647s] -- Up-to-date: /home/nishant/Documents/RL_Collision_Avoidance_Project/Collision_Avoidance_WS/install/my_env/share/my_env//models/turtlebot3_dqn_world/obstacle_plugin/obstacles.cc
[5.648s] -- Up-to-date: /home/nishant/Documents/RL_Collision_Avoidance_Project/Collision_Avoidance_WS/install/my_env/share/my_env//models/turtlebot3_dqn_world/model.config
[5.648s] -- Up-to-date: /home/nishant/Documents/RL_Collision_Avoidance_Project/Collision_Avoidance_WS/install/my_env/share/my_env//models/turtlebot3_dqn_world/obstacles
[5.648s] -- Up-to-date: /home/nishant/Documents/RL_Collision_Avoidance_Project/Collision_Avoidance_WS/install/my_env/share/my_env//models/turtlebot3_dqn_world/obstacles/model.sdf
[5.648s] -- Up-to-date: /home/nishant/Documents/RL_Collision_Avoidance_Project/Collision_Avoidance_WS/install/my_env/share/my_env//models/turtlebot3_dqn_world/obstacles/model.config
[5.648s] -- Up-to-date: /home/nishant/Documents/RL_Collision_Avoidance_Project/Collision_Avoidance_WS/install/my_env/share/my_env//models/turtlebot3_dqn_world/obstacle2
[5.648s] -- Up-to-date: /home/nishant/Documents/RL_Collision_Avoidance_Project/Collision_Avoidance_WS/install/my_env/share/my_env//models/turtlebot3_dqn_world/obstacle2/model.sdf
[5.648s] -- Up-to-date: /home/nishant/Documents/RL_Collision_Avoidance_Project/Collision_Avoidance_WS/install/my_env/share/my_env//models/turtlebot3_dqn_world/obstacle2/model.config
[5.648s] -- Up-to-date: /home/nishant/Documents/RL_Collision_Avoidance_Project/Collision_Avoidance_WS/install/my_env/share/my_env//models/turtlebot3_dqn_world/goal_box
[5.648s] -- Up-to-date: /home/nishant/Documents/RL_Collision_Avoidance_Project/Collision_Avoidance_WS/install/my_env/share/my_env//models/turtlebot3_dqn_world/goal_box/model.sdf
[5.649s] -- Up-to-date: /home/nishant/Documents/RL_Collision_Avoidance_Project/Collision_Avoidance_WS/install/my_env/share/my_env//models/turtlebot3_dqn_world/goal_box/model.config
[5.649s] -- Up-to-date: /home/nishant/Documents/RL_Collision_Avoidance_Project/Collision_Avoidance_WS/install/my_env/share/my_env//models/turtlebot3_dqn_world/inner_walls
[5.649s] -- Up-to-date: /home/nishant/Documents/RL_Collision_Avoidance_Project/Collision_Avoidance_WS/install/my_env/share/my_env//models/turtlebot3_dqn_world/inner_walls/model.sdf
[5.649s] -- Up-to-date: /home/nishant/Documents/RL_Collision_Avoidance_Project/Collision_Avoidance_WS/install/my_env/share/my_env//models/turtlebot3_dqn_world/inner_walls/model.config
[5.649s] -- Up-to-date: /home/nishant/Documents/RL_Collision_Avoidance_Project/Collision_Avoidance_WS/install/my_env/share/my_env//models/turtlebot3_dqn_world/obstacle1
[5.649s] -- Up-to-date: /home/nishant/Documents/RL_Collision_Avoidance_Project/Collision_Avoidance_WS/install/my_env/share/my_env//models/turtlebot3_dqn_world/obstacle1/model.sdf
[5.649s] -- Up-to-date: /home/nishant/Documents/RL_Collision_Avoidance_Project/Collision_Avoidance_WS/install/my_env/share/my_env//models/turtlebot3_dqn_world/obstacle1/model.config
[5.649s] -- Up-to-date: /home/nishant/Documents/RL_Collision_Avoidance_Project/Collision_Avoidance_WS/install/my_env/share/my_env//worlds
[5.649s] -- Up-to-date: /home/nishant/Documents/RL_Collision_Avoidance_Project/Collision_Avoidance_WS/install/my_env/share/my_env//worlds/bot_with_people.world
[5.649s] -- Up-to-date: /home/nishant/Documents/RL_Collision_Avoidance_Project/Collision_Avoidance_WS/install/my_env/share/ament_index/resource_index/package_run_dependencies/my_env
[5.649s] -- Up-to-date: /home/nishant/Documents/RL_Collision_Avoidance_Project/Collision_Avoidance_WS/install/my_env/share/ament_index/resource_index/parent_prefix_path/my_env
[5.649s] -- Up-to-date: /home/nishant/Documents/RL_Collision_Avoidance_Project/Collision_Avoidance_WS/install/my_env/share/my_env/environment/ament_prefix_path.sh
[5.649s] -- Installing: /home/nishant/Documents/RL_Collision_Avoidance_Project/Collision_Avoidance_WS/install/my_env/share/my_env/environment/ament_prefix_path.dsv
[5.649s] -- Up-to-date: /home/nishant/Documents/RL_Collision_Avoidance_Project/Collision_Avoidance_WS/install/my_env/share/my_env/environment/path.sh
[5.649s] -- Installing: /home/nishant/Documents/RL_Collision_Avoidance_Project/Collision_Avoidance_WS/install/my_env/share/my_env/environment/path.dsv
[5.649s] -- Up-to-date: /home/nishant/Documents/RL_Collision_Avoidance_Project/Collision_Avoidance_WS/install/my_env/share/my_env/local_setup.bash
[5.650s] -- Up-to-date: /home/nishant/Documents/RL_Collision_Avoidance_Project/Collision_Avoidance_WS/install/my_env/share/my_env/local_setup.sh
[5.650s] -- Up-to-date: /home/nishant/Documents/RL_Collision_Avoidance_Project/Collision_Avoidance_WS/install/my_env/share/my_env/local_setup.zsh
[5.650s] -- Installing: /home/nishant/Documents/RL_Collision_Avoidance_Project/Collision_Avoidance_WS/install/my_env/share/my_env/local_setup.dsv
[5.650s] -- Installing: /home/nishant/Documents/RL_Collision_Avoidance_Project/Collision_Avoidance_WS/install/my_env/share/my_env/package.dsv
[5.650s] -- Up-to-date: /home/nishant/Documents/RL_Collision_Avoidance_Project/Collision_Avoidance_WS/install/my_env/share/ament_index/resource_index/packages/my_env
[5.650s] -- Up-to-date: /home/nishant/Documents/RL_Collision_Avoidance_Project/Collision_Avoidance_WS/install/my_env/share/my_env/cmake/my_envConfig.cmake
[5.650s] -- Up-to-date: /home/nishant/Documents/RL_Collision_Avoidance_Project/Collision_Avoidance_WS/install/my_env/share/my_env/cmake/my_envConfig-version.cmake
[5.650s] -- Up-to-date: /home/nishant/Documents/RL_Collision_Avoidance_Project/Collision_Avoidance_WS/install/my_env/share/my_env/package.xml
[5.650s] Invoked command in '/home/nishant/Documents/RL_Collision_Avoidance_Project/Collision_Avoidance_WS/build/my_env' returned '0': CMAKE_PREFIX_PATH=${CMAKE_PREFIX_PATH}:/opt/ros/humble /usr/bin/cmake --install /home/nishant/Documents/RL_Collision_Avoidance_Project/Collision_Avoidance_WS/build/my_env
