[0.012s] Invoking command in '/home/nishant/Documents/RL_Collision_Avoidance_Project/Main/build/turtlebot3_simulations': AMENT_PREFIX_PATH=/home/nishant/Documents/RL_Collision_Avoidance_Project/Main/install/turtlebot3_gazebo:/home/nishant/Documents/RL_Collision_Avoidance_Project/Main/install/turtlebot3_fake_node:${AMENT_PREFIX_PATH} CMAKE_PREFIX_PATH=/home/nishant/Documents/RL_Collision_Avoidance_Project/Main/install/turtlebot3_gazebo:/home/nishant/Documents/RL_Collision_Avoidance_Project/Main/install/turtlebot3_fake_node:/opt/ros/humble /usr/bin/cmake --build /home/nishant/Documents/RL_Collision_Avoidance_Project/Main/build/turtlebot3_simulations -- -j12 -l12
[0.063s] Invoked command in '/home/nishant/Documents/RL_Collision_Avoidance_Project/Main/build/turtlebot3_simulations' returned '0': AMENT_PREFIX_PATH=/home/nishant/Documents/RL_Collision_Avoidance_Project/Main/install/turtlebot3_gazebo:/home/nishant/Documents/RL_Collision_Avoidance_Project/Main/install/turtlebot3_fake_node:${AMENT_PREFIX_PATH} CMAKE_PREFIX_PATH=/home/nishant/Documents/RL_Collision_Avoidance_Project/Main/install/turtlebot3_gazebo:/home/nishant/Documents/RL_Collision_Avoidance_Project/Main/install/turtlebot3_fake_node:/opt/ros/humble /usr/bin/cmake --build /home/nishant/Documents/RL_Collision_Avoidance_Project/Main/build/turtlebot3_simulations -- -j12 -l12
[0.064s] Invoking command in '/home/nishant/Documents/RL_Collision_Avoidance_Project/Main/build/turtlebot3_simulations': AMENT_PREFIX_PATH=/home/nishant/Documents/RL_Collision_Avoidance_Project/Main/install/turtlebot3_gazebo:/home/nishant/Documents/RL_Collision_Avoidance_Project/Main/install/turtlebot3_fake_node:${AMENT_PREFIX_PATH} CMAKE_PREFIX_PATH=/home/nishant/Documents/RL_Collision_Avoidance_Project/Main/install/turtlebot3_gazebo:/home/nishant/Documents/RL_Collision_Avoidance_Project/Main/install/turtlebot3_fake_node:/opt/ros/humble /usr/bin/cmake --install /home/nishant/Documents/RL_Collision_Avoidance_Project/Main/build/turtlebot3_simulations
[0.070s] -- Install configuration: ""
[0.070s] -- Up-to-date: /home/nishant/Documents/RL_Collision_Avoidance_Project/Main/install/turtlebot3_simulations/share/ament_index/resource_index/package_run_dependencies/turtlebot3_simulations
[0.070s] -- Up-to-date: /home/nishant/Documents/RL_Collision_Avoidance_Project/Main/install/turtlebot3_simulations/share/ament_index/resource_index/parent_prefix_path/turtlebot3_simulations
[0.071s] -- Up-to-date: /home/nishant/Documents/RL_Collision_Avoidance_Project/Main/install/turtlebot3_simulations/share/turtlebot3_simulations/environment/ament_prefix_path.sh
[0.071s] -- Up-to-date: /home/nishant/Documents/RL_Collision_Avoidance_Project/Main/install/turtlebot3_simulations/share/turtlebot3_simulations/environment/ament_prefix_path.dsv
[0.071s] -- Up-to-date: /home/nishant/Documents/RL_Collision_Avoidance_Project/Main/install/turtlebot3_simulations/share/turtlebot3_simulations/environment/path.sh
[0.071s] -- Up-to-date: /home/nishant/Documents/RL_Collision_Avoidance_Project/Main/install/turtlebot3_simulations/share/turtlebot3_simulations/environment/path.dsv
[0.071s] -- Up-to-date: /home/nishant/Documents/RL_Collision_Avoidance_Project/Main/install/turtlebot3_simulations/share/turtlebot3_simulations/local_setup.bash
[0.071s] -- Up-to-date: /home/nishant/Documents/RL_Collision_Avoidance_Project/Main/install/turtlebot3_simulations/share/turtlebot3_simulations/local_setup.sh
[0.071s] -- Up-to-date: /home/nishant/Documents/RL_Collision_Avoidance_Project/Main/install/turtlebot3_simulations/share/turtlebot3_simulations/local_setup.zsh
[0.071s] -- Up-to-date: /home/nishant/Documents/RL_Collision_Avoidance_Project/Main/install/turtlebot3_simulations/share/turtlebot3_simulations/local_setup.dsv
[0.071s] -- Installing: /home/nishant/Documents/RL_Collision_Avoidance_Project/Main/install/turtlebot3_simulations/share/turtlebot3_simulations/package.dsv
[0.071s] -- Up-to-date: /home/nishant/Documents/RL_Collision_Avoidance_Project/Main/install/turtlebot3_simulations/share/ament_index/resource_index/packages/turtlebot3_simulations
[0.071s] -- Up-to-date: /home/nishant/Documents/RL_Collision_Avoidance_Project/Main/install/turtlebot3_simulations/share/turtlebot3_simulations/cmake/turtlebot3_simulationsConfig.cmake
[0.071s] -- Up-to-date: /home/nishant/Documents/RL_Collision_Avoidance_Project/Main/install/turtlebot3_simulations/share/turtlebot3_simulations/cmake/turtlebot3_simulationsConfig-version.cmake
[0.071s] -- Up-to-date: /home/nishant/Documents/RL_Collision_Avoidance_Project/Main/install/turtlebot3_simulations/share/turtlebot3_simulations/package.xml
[0.073s] Invoked command in '/home/nishant/Documents/RL_Collision_Avoidance_Project/Main/build/turtlebot3_simulations' returned '0': AMENT_PREFIX_PATH=/home/nishant/Documents/RL_Collision_Avoidance_Project/Main/install/turtlebot3_gazebo:/home/nishant/Documents/RL_Collision_Avoidance_Project/Main/install/turtlebot3_fake_node:${AMENT_PREFIX_PATH} CMAKE_PREFIX_PATH=/home/nishant/Documents/RL_Collision_Avoidance_Project/Main/install/turtlebot3_gazebo:/home/nishant/Documents/RL_Collision_Avoidance_Project/Main/install/turtlebot3_fake_node:/opt/ros/humble /usr/bin/cmake --install /home/nishant/Documents/RL_Collision_Avoidance_Project/Main/build/turtlebot3_simulations
