[0.011s] Invoking command in '/home/nishant/Documents/RL_Collision_Avoidance_Project/Collision_Avoidance_WS/build/my_env': CMAKE_PREFIX_PATH=${CMAKE_PREFIX_PATH}:/opt/ros/humble /usr/bin/cmake --build /home/nishant/Documents/RL_Collision_Avoidance_Project/Collision_Avoidance_WS/build/my_env -- -j12 -l12
[0.035s] -- Found ament_cmake: 1.3.11 (/opt/ros/humble/share/ament_cmake/cmake)
[0.129s] -- Override CMake install command with custom implementation using symlinks instead of copying resources
[0.134s] -- Found rclpy: 3.3.15 (/opt/ros/humble/share/rclpy/cmake)
[0.144s] [31mCMake Error at CMakeLists.txt:12 (find_package):
[0.144s]   By not providing "Findgazebo_ros.cmake" in CMAKE_MODULE_PATH this project
[0.144s]   has asked CMake to find a package configuration file provided by
[0.144s]   "gazebo_ros", but CMake did not find one.
[0.144s] 
[0.144s]   Could not find a package configuration file provided by "gazebo_ros" with
[0.144s]   any of the following names:
[0.144s] 
[0.144s]     gazebo_rosConfig.cmake
[0.144s]     gazebo_ros-config.cmake
[0.145s] 
[0.145s]   Add the installation prefix of "gazebo_ros" to CMAKE_PREFIX_PATH or set
[0.145s]   "gazebo_ros_DIR" to a directory containing one of the above files.  If
[0.145s]   "gazebo_ros" provides a separate development package or SDK, be sure it has
[0.145s]   been installed.
[0.145s] 
[0.145s] [0m
[0.145s] -- Configuring incomplete, errors occurred!
[0.145s] See also "/home/nishant/Documents/RL_Collision_Avoidance_Project/Collision_Avoidance_WS/build/my_env/CMakeFiles/CMakeOutput.log".
[0.146s] gmake: *** [Makefile:226: cmake_check_build_system] Error 1
[0.148s] Invoked command in '/home/nishant/Documents/RL_Collision_Avoidance_Project/Collision_Avoidance_WS/build/my_env' returned '2': CMAKE_PREFIX_PATH=${CMAKE_PREFIX_PATH}:/opt/ros/humble /usr/bin/cmake --build /home/nishant/Documents/RL_Collision_Avoidance_Project/Collision_Avoidance_WS/build/my_env -- -j12 -l12
