-- Install configuration: ""
-- Execute custom install script
-- Up-to-date symlink: /home/nishant/Documents/RL_Collision_Avoidance_Project/Collision_Avoidance_WS/install/my_env/share/my_env//launch/robot_state_publisher.launch.py
-- Up-to-date symlink: /home/nishant/Documents/RL_Collision_Avoidance_Project/Collision_Avoidance_WS/install/my_env/share/my_env//launch/spawn_turtlebot3.launch.py
-- Up-to-date symlink: /home/nishant/Documents/RL_Collision_Avoidance_Project/Collision_Avoidance_WS/install/my_env/share/my_env//launch/training_env.launch.py
-- Up-to-date symlink: /home/nishant/Documents/RL_Collision_Avoidance_Project/Collision_Avoidance_WS/install/my_env/share/my_env//urdf/turtlebot3_burger.urdf
-- Symlinking: /home/nishant/Documents/RL_Collision_Avoidance_Project/Collision_Avoidance_WS/install/my_env/share/my_env//person_walking/materials/textures/eyebrow001-unmodified.png
-- Symlinking: /home/nishant/Documents/RL_Collision_Avoidance_Project/Collision_Avoidance_WS/install/my_env/share/my_env//person_walking/materials/textures/eyebrow001.png
-- Symlinking: /home/nishant/Documents/RL_Collision_Avoidance_Project/Collision_Avoidance_WS/install/my_env/share/my_env//person_walking/materials/textures/green_eye.png
-- Symlinking: /home/nishant/Documents/RL_Collision_Avoidance_Project/Collision_Avoidance_WS/install/my_env/share/my_env//person_walking/materials/textures/jeans01_normals.png
-- Symlinking: /home/nishant/Documents/RL_Collision_Avoidance_Project/Collision_Avoidance_WS/install/my_env/share/my_env//person_walking/materials/textures/jeans_basic_diffuse.png
-- Symlinking: /home/nishant/Documents/RL_Collision_Avoidance_Project/Collision_Avoidance_WS/install/my_env/share/my_env//person_walking/materials/textures/male02_diffuse_black-unmodified.png
-- Symlinking: /home/nishant/Documents/RL_Collision_Avoidance_Project/Collision_Avoidance_WS/install/my_env/share/my_env//person_walking/materials/textures/male02_diffuse_black.png
-- Symlinking: /home/nishant/Documents/RL_Collision_Avoidance_Project/Collision_Avoidance_WS/install/my_env/share/my_env//person_walking/materials/textures/teeth.png
-- Symlinking: /home/nishant/Documents/RL_Collision_Avoidance_Project/Collision_Avoidance_WS/install/my_env/share/my_env//person_walking/materials/textures/tshirt02_normals.png
-- Symlinking: /home/nishant/Documents/RL_Collision_Avoidance_Project/Collision_Avoidance_WS/install/my_env/share/my_env//person_walking/materials/textures/tshirt02_texture.png
-- Symlinking: /home/nishant/Documents/RL_Collision_Avoidance_Project/Collision_Avoidance_WS/install/my_env/share/my_env//person_walking/materials/textures/young_lightskinned_male_diffuse.png
-- Symlinking: /home/nishant/Documents/RL_Collision_Avoidance_Project/Collision_Avoidance_WS/install/my_env/share/my_env//person_walking/meshes/walking.dae
-- Symlinking: /home/nishant/Documents/RL_Collision_Avoidance_Project/Collision_Avoidance_WS/install/my_env/share/my_env//person_walking/model.config
-- Symlinking: /home/nishant/Documents/RL_Collision_Avoidance_Project/Collision_Avoidance_WS/install/my_env/share/my_env//person_walking/model.sdf
-- Up-to-date symlink: /home/nishant/Documents/RL_Collision_Avoidance_Project/Collision_Avoidance_WS/install/my_env/share/my_env//turtlebot3_burger/model-1_4.sdf
-- Up-to-date symlink: /home/nishant/Documents/RL_Collision_Avoidance_Project/Collision_Avoidance_WS/install/my_env/share/my_env//turtlebot3_burger/model.config
-- Up-to-date symlink: /home/nishant/Documents/RL_Collision_Avoidance_Project/Collision_Avoidance_WS/install/my_env/share/my_env//turtlebot3_burger/model.sdf
-- Up-to-date symlink: /home/nishant/Documents/RL_Collision_Avoidance_Project/Collision_Avoidance_WS/install/my_env/share/my_env//turtlebot3_common/meshes/burger_base.dae
-- Up-to-date symlink: /home/nishant/Documents/RL_Collision_Avoidance_Project/Collision_Avoidance_WS/install/my_env/share/my_env//turtlebot3_common/meshes/lds.dae
-- Up-to-date symlink: /home/nishant/Documents/RL_Collision_Avoidance_Project/Collision_Avoidance_WS/install/my_env/share/my_env//turtlebot3_common/meshes/r200.dae
-- Up-to-date symlink: /home/nishant/Documents/RL_Collision_Avoidance_Project/Collision_Avoidance_WS/install/my_env/share/my_env//turtlebot3_common/meshes/tire.dae
-- Up-to-date symlink: /home/nishant/Documents/RL_Collision_Avoidance_Project/Collision_Avoidance_WS/install/my_env/share/my_env//turtlebot3_common/meshes/waffle_base.dae
-- Up-to-date symlink: /home/nishant/Documents/RL_Collision_Avoidance_Project/Collision_Avoidance_WS/install/my_env/share/my_env//turtlebot3_common/meshes/waffle_pi_base.dae
-- Up-to-date symlink: /home/nishant/Documents/RL_Collision_Avoidance_Project/Collision_Avoidance_WS/install/my_env/share/my_env//turtlebot3_common/model.config
-- Up-to-date symlink: /home/nishant/Documents/RL_Collision_Avoidance_Project/Collision_Avoidance_WS/install/my_env/share/my_env//turtlebot3_dqn_world/goal_box/model.config
-- Up-to-date symlink: /home/nishant/Documents/RL_Collision_Avoidance_Project/Collision_Avoidance_WS/install/my_env/share/my_env//turtlebot3_dqn_world/goal_box/model.sdf
-- Up-to-date symlink: /home/nishant/Documents/RL_Collision_Avoidance_Project/Collision_Avoidance_WS/install/my_env/share/my_env//turtlebot3_dqn_world/inner_walls/model.config
-- Up-to-date symlink: /home/nishant/Documents/RL_Collision_Avoidance_Project/Collision_Avoidance_WS/install/my_env/share/my_env//turtlebot3_dqn_world/inner_walls/model.sdf
-- Up-to-date symlink: /home/nishant/Documents/RL_Collision_Avoidance_Project/Collision_Avoidance_WS/install/my_env/share/my_env//turtlebot3_dqn_world/model.config
-- Up-to-date symlink: /home/nishant/Documents/RL_Collision_Avoidance_Project/Collision_Avoidance_WS/install/my_env/share/my_env//turtlebot3_dqn_world/model.sdf
-- Up-to-date symlink: /home/nishant/Documents/RL_Collision_Avoidance_Project/Collision_Avoidance_WS/install/my_env/share/my_env//turtlebot3_dqn_world/obstacle1/model.config
-- Up-to-date symlink: /home/nishant/Documents/RL_Collision_Avoidance_Project/Collision_Avoidance_WS/install/my_env/share/my_env//turtlebot3_dqn_world/obstacle1/model.sdf
-- Up-to-date symlink: /home/nishant/Documents/RL_Collision_Avoidance_Project/Collision_Avoidance_WS/install/my_env/share/my_env//turtlebot3_dqn_world/obstacle2/model.config
-- Up-to-date symlink: /home/nishant/Documents/RL_Collision_Avoidance_Project/Collision_Avoidance_WS/install/my_env/share/my_env//turtlebot3_dqn_world/obstacle2/model.sdf
-- Up-to-date symlink: /home/nishant/Documents/RL_Collision_Avoidance_Project/Collision_Avoidance_WS/install/my_env/share/my_env//turtlebot3_dqn_world/obstacle_plugin/CMakeLists.txt
-- Up-to-date symlink: /home/nishant/Documents/RL_Collision_Avoidance_Project/Collision_Avoidance_WS/install/my_env/share/my_env//turtlebot3_dqn_world/obstacle_plugin/obstacle1.cc
-- Up-to-date symlink: /home/nishant/Documents/RL_Collision_Avoidance_Project/Collision_Avoidance_WS/install/my_env/share/my_env//turtlebot3_dqn_world/obstacle_plugin/obstacle2.cc
-- Up-to-date symlink: /home/nishant/Documents/RL_Collision_Avoidance_Project/Collision_Avoidance_WS/install/my_env/share/my_env//turtlebot3_dqn_world/obstacle_plugin/obstacles.cc
-- Up-to-date symlink: /home/nishant/Documents/RL_Collision_Avoidance_Project/Collision_Avoidance_WS/install/my_env/share/my_env//turtlebot3_dqn_world/obstacles/model.config
-- Up-to-date symlink: /home/nishant/Documents/RL_Collision_Avoidance_Project/Collision_Avoidance_WS/install/my_env/share/my_env//turtlebot3_dqn_world/obstacles/model.sdf
-- Up-to-date symlink: /home/nishant/Documents/RL_Collision_Avoidance_Project/Collision_Avoidance_WS/install/my_env/share/my_env//turtlebot3_house/model.config
-- Up-to-date symlink: /home/nishant/Documents/RL_Collision_Avoidance_Project/Collision_Avoidance_WS/install/my_env/share/my_env//turtlebot3_house/model.sdf
-- Up-to-date symlink: /home/nishant/Documents/RL_Collision_Avoidance_Project/Collision_Avoidance_WS/install/my_env/share/my_env//turtlebot3_waffle/model-1_4.sdf
-- Up-to-date symlink: /home/nishant/Documents/RL_Collision_Avoidance_Project/Collision_Avoidance_WS/install/my_env/share/my_env//turtlebot3_waffle/model.config
-- Up-to-date symlink: /home/nishant/Documents/RL_Collision_Avoidance_Project/Collision_Avoidance_WS/install/my_env/share/my_env//turtlebot3_waffle/model.sdf
-- Up-to-date symlink: /home/nishant/Documents/RL_Collision_Avoidance_Project/Collision_Avoidance_WS/install/my_env/share/my_env//turtlebot3_waffle_pi/model-1_4_.sdf
-- Up-to-date symlink: /home/nishant/Documents/RL_Collision_Avoidance_Project/Collision_Avoidance_WS/install/my_env/share/my_env//turtlebot3_waffle_pi/model.config
-- Up-to-date symlink: /home/nishant/Documents/RL_Collision_Avoidance_Project/Collision_Avoidance_WS/install/my_env/share/my_env//turtlebot3_waffle_pi/model.sdf
-- Up-to-date symlink: /home/nishant/Documents/RL_Collision_Avoidance_Project/Collision_Avoidance_WS/install/my_env/share/my_env//turtlebot3_world/meshes/hexagon.dae
-- Up-to-date symlink: /home/nishant/Documents/RL_Collision_Avoidance_Project/Collision_Avoidance_WS/install/my_env/share/my_env//turtlebot3_world/meshes/wall.dae
-- Up-to-date symlink: /home/nishant/Documents/RL_Collision_Avoidance_Project/Collision_Avoidance_WS/install/my_env/share/my_env//turtlebot3_world/model-1_4.sdf
-- Up-to-date symlink: /home/nishant/Documents/RL_Collision_Avoidance_Project/Collision_Avoidance_WS/install/my_env/share/my_env//turtlebot3_world/model.config
-- Up-to-date symlink: /home/nishant/Documents/RL_Collision_Avoidance_Project/Collision_Avoidance_WS/install/my_env/share/my_env//turtlebot3_world/model.sdf
-- Up-to-date symlink: /home/nishant/Documents/RL_Collision_Avoidance_Project/Collision_Avoidance_WS/install/my_env/share/my_env//worlds/bot_with_people.world
-- Up-to-date symlink: /home/nishant/Documents/RL_Collision_Avoidance_Project/Collision_Avoidance_WS/install/my_env/share/ament_index/resource_index/package_run_dependencies/my_env
-- Up-to-date symlink: /home/nishant/Documents/RL_Collision_Avoidance_Project/Collision_Avoidance_WS/install/my_env/share/ament_index/resource_index/parent_prefix_path/my_env
-- Up-to-date symlink: /home/nishant/Documents/RL_Collision_Avoidance_Project/Collision_Avoidance_WS/install/my_env/share/my_env/environment/ament_prefix_path.sh
-- Up-to-date symlink: /home/nishant/Documents/RL_Collision_Avoidance_Project/Collision_Avoidance_WS/install/my_env/share/my_env/environment/ament_prefix_path.dsv
-- Up-to-date symlink: /home/nishant/Documents/RL_Collision_Avoidance_Project/Collision_Avoidance_WS/install/my_env/share/my_env/environment/path.sh
-- Up-to-date symlink: /home/nishant/Documents/RL_Collision_Avoidance_Project/Collision_Avoidance_WS/install/my_env/share/my_env/environment/path.dsv
-- Up-to-date symlink: /home/nishant/Documents/RL_Collision_Avoidance_Project/Collision_Avoidance_WS/install/my_env/share/my_env/local_setup.bash
-- Up-to-date symlink: /home/nishant/Documents/RL_Collision_Avoidance_Project/Collision_Avoidance_WS/install/my_env/share/my_env/local_setup.sh
-- Up-to-date symlink: /home/nishant/Documents/RL_Collision_Avoidance_Project/Collision_Avoidance_WS/install/my_env/share/my_env/local_setup.zsh
-- Up-to-date symlink: /home/nishant/Documents/RL_Collision_Avoidance_Project/Collision_Avoidance_WS/install/my_env/share/my_env/local_setup.dsv
-- Symlinking: /home/nishant/Documents/RL_Collision_Avoidance_Project/Collision_Avoidance_WS/install/my_env/share/my_env/package.dsv
-- Up-to-date symlink: /home/nishant/Documents/RL_Collision_Avoidance_Project/Collision_Avoidance_WS/install/my_env/share/ament_index/resource_index/packages/my_env
-- Up-to-date symlink: /home/nishant/Documents/RL_Collision_Avoidance_Project/Collision_Avoidance_WS/install/my_env/share/my_env/cmake/my_envConfig.cmake
-- Up-to-date symlink: /home/nishant/Documents/RL_Collision_Avoidance_Project/Collision_Avoidance_WS/install/my_env/share/my_env/cmake/my_envConfig-version.cmake
-- Up-to-date symlink: /home/nishant/Documents/RL_Collision_Avoidance_Project/Collision_Avoidance_WS/install/my_env/share/my_env/package.xml
