[0.071s] Invoking command in '/home/nishant/Documents/RL_Collision_Avoidance_Project/Main/build/bcr_bot': CMAKE_PREFIX_PATH=/opt/ros/humble /usr/bin/cmake /home/nishant/Documents/RL_Collision_Avoidance_Project/Main/src/bcr_bot -DCMAKE_INSTALL_PREFIX=/home/nishant/Documents/RL_Collision_Avoidance_Project/Main/install/bcr_bot
[2.152s] -- The C compiler identification is GNU 11.4.0
[3.465s] -- The CXX compiler identification is GNU 11.4.0
[3.677s] -- Detecting C compiler ABI info
[4.003s] -- Detecting C compiler ABI info - done
[4.011s] -- Check for working C compiler: /usr/lib/ccache/cc - skipped
[4.011s] -- Detecting C compile features
[4.033s] -- Detecting C compile features - done
[4.040s] -- Detecting CXX compiler ABI info
[4.245s] -- Detecting CXX compiler ABI info - done
[4.251s] -- Check for working CXX compiler: /usr/lib/ccache/c++ - skipped
[4.252s] -- Detecting CXX compile features
[4.252s] -- Detecting CXX compile features - done
[4.402s] -- Found ament_cmake: 1.3.11 (/opt/ros/humble/share/ament_cmake/cmake)
[4.826s] -- Found Python3: /usr/bin/python3 (found version "3.10.12") found components: Interpreter 
[5.194s] -- Configuring done
[5.196s] -- Generating done
[5.197s] -- Build files have been written to: /home/nishant/Documents/RL_Collision_Avoidance_Project/Main/build/bcr_bot
[5.199s] Invoked command in '/home/nishant/Documents/RL_Collision_Avoidance_Project/Main/build/bcr_bot' returned '0': CMAKE_PREFIX_PATH=/opt/ros/humble /usr/bin/cmake /home/nishant/Documents/RL_Collision_Avoidance_Project/Main/src/bcr_bot -DCMAKE_INSTALL_PREFIX=/home/nishant/Documents/RL_Collision_Avoidance_Project/Main/install/bcr_bot
[5.201s] Invoking command in '/home/nishant/Documents/RL_Collision_Avoidance_Project/Main/build/bcr_bot': CMAKE_PREFIX_PATH=/opt/ros/humble /usr/bin/cmake --build /home/nishant/Documents/RL_Collision_Avoidance_Project/Main/build/bcr_bot -- -j12 -l12
[5.249s] Invoked command in '/home/nishant/Documents/RL_Collision_Avoidance_Project/Main/build/bcr_bot' returned '0': CMAKE_PREFIX_PATH=/opt/ros/humble /usr/bin/cmake --build /home/nishant/Documents/RL_Collision_Avoidance_Project/Main/build/bcr_bot -- -j12 -l12
[5.260s] Invoking command in '/home/nishant/Documents/RL_Collision_Avoidance_Project/Main/build/bcr_bot': CMAKE_PREFIX_PATH=/opt/ros/humble /usr/bin/cmake --install /home/nishant/Documents/RL_Collision_Avoidance_Project/Main/build/bcr_bot
[5.269s] -- Install configuration: ""
[5.270s] -- Installing: /home/nishant/Documents/RL_Collision_Avoidance_Project/Main/install/bcr_bot/share/bcr_bot//launch
[5.270s] -- Installing: /home/nishant/Documents/RL_Collision_Avoidance_Project/Main/install/bcr_bot/share/bcr_bot//launch/gz.launch.py
[5.270s] -- Installing: /home/nishant/Documents/RL_Collision_Avoidance_Project/Main/install/bcr_bot/share/bcr_bot//launch/bcr_bot_gz_spawn.launch.py
[5.270s] -- Installing: /home/nishant/Documents/RL_Collision_Avoidance_Project/Main/install/bcr_bot/share/bcr_bot//launch/bcr_bot_ign_spawn.launch.py
[5.270s] -- Installing: /home/nishant/Documents/RL_Collision_Avoidance_Project/Main/install/bcr_bot/share/bcr_bot//launch/gazebo.launch.py
[5.270s] -- Installing: /home/nishant/Documents/RL_Collision_Avoidance_Project/Main/install/bcr_bot/share/bcr_bot//launch/mapping.launch.py
[5.270s] -- Installing: /home/nishant/Documents/RL_Collision_Avoidance_Project/Main/install/bcr_bot/share/bcr_bot//launch/nav2.launch.py
[5.270s] -- Installing: /home/nishant/Documents/RL_Collision_Avoidance_Project/Main/install/bcr_bot/share/bcr_bot//launch/rviz.launch.py
[5.270s] -- Installing: /home/nishant/Documents/RL_Collision_Avoidance_Project/Main/install/bcr_bot/share/bcr_bot//launch/ign.launch.py
[5.270s] -- Installing: /home/nishant/Documents/RL_Collision_Avoidance_Project/Main/install/bcr_bot/share/bcr_bot//launch/bcr_bot_gazebo_spawn.launch.py
[5.270s] -- Installing: /home/nishant/Documents/RL_Collision_Avoidance_Project/Main/install/bcr_bot/share/bcr_bot//meshes
[5.270s] -- Installing: /home/nishant/Documents/RL_Collision_Avoidance_Project/Main/install/bcr_bot/share/bcr_bot//meshes/logo.png
[5.270s] -- Installing: /home/nishant/Documents/RL_Collision_Avoidance_Project/Main/install/bcr_bot/share/bcr_bot//meshes/kinect
[5.271s] -- Installing: /home/nishant/Documents/RL_Collision_Avoidance_Project/Main/install/bcr_bot/share/bcr_bot//meshes/kinect/kinect.jpg
[5.271s] -- Installing: /home/nishant/Documents/RL_Collision_Avoidance_Project/Main/install/bcr_bot/share/bcr_bot//meshes/kinect/d415.dae
[5.271s] -- Installing: /home/nishant/Documents/RL_Collision_Avoidance_Project/Main/install/bcr_bot/share/bcr_bot//meshes/kinect/kinect.tga
[5.271s] -- Installing: /home/nishant/Documents/RL_Collision_Avoidance_Project/Main/install/bcr_bot/share/bcr_bot//meshes/kinect/kinect.dae
[5.271s] -- Installing: /home/nishant/Documents/RL_Collision_Avoidance_Project/Main/install/bcr_bot/share/bcr_bot//meshes/realsense_texture.png
[5.272s] -- Installing: /home/nishant/Documents/RL_Collision_Avoidance_Project/Main/install/bcr_bot/share/bcr_bot//meshes/bcr_bot_mesh.dae
[5.273s] -- Installing: /home/nishant/Documents/RL_Collision_Avoidance_Project/Main/install/bcr_bot/share/bcr_bot//models
[5.273s] -- Installing: /home/nishant/Documents/RL_Collision_Avoidance_Project/Main/install/bcr_bot/share/bcr_bot//models/aws_robomaker_warehouse_Bucket_01
[5.273s] -- Installing: /home/nishant/Documents/RL_Collision_Avoidance_Project/Main/install/bcr_bot/share/bcr_bot//models/aws_robomaker_warehouse_Bucket_01/.DS_Store
[5.273s] -- Installing: /home/nishant/Documents/RL_Collision_Avoidance_Project/Main/install/bcr_bot/share/bcr_bot//models/aws_robomaker_warehouse_Bucket_01/model.sdf
[5.273s] -- Installing: /home/nishant/Documents/RL_Collision_Avoidance_Project/Main/install/bcr_bot/share/bcr_bot//models/aws_robomaker_warehouse_Bucket_01/meshes
[5.273s] -- Installing: /home/nishant/Documents/RL_Collision_Avoidance_Project/Main/install/bcr_bot/share/bcr_bot//models/aws_robomaker_warehouse_Bucket_01/meshes/aws_robomaker_warehouse_Bucket_01_visual.DAE
[5.273s] -- Installing: /home/nishant/Documents/RL_Collision_Avoidance_Project/Main/install/bcr_bot/share/bcr_bot//models/aws_robomaker_warehouse_Bucket_01/meshes/aws_robomaker_warehouse_Bucket_01_collision.DAE
[5.273s] -- Installing: /home/nishant/Documents/RL_Collision_Avoidance_Project/Main/install/bcr_bot/share/bcr_bot//models/aws_robomaker_warehouse_Bucket_01/materials
[5.273s] -- Installing: /home/nishant/Documents/RL_Collision_Avoidance_Project/Main/install/bcr_bot/share/bcr_bot//models/aws_robomaker_warehouse_Bucket_01/materials/.DS_Store
[5.273s] -- Installing: /home/nishant/Documents/RL_Collision_Avoidance_Project/Main/install/bcr_bot/share/bcr_bot//models/aws_robomaker_warehouse_Bucket_01/materials/textures
[5.274s] -- Installing: /home/nishant/Documents/RL_Collision_Avoidance_Project/Main/install/bcr_bot/share/bcr_bot//models/aws_robomaker_warehouse_Bucket_01/materials/textures/aws_robomaker_warehouse_Bucket_01.png
[5.274s] -- Installing: /home/nishant/Documents/RL_Collision_Avoidance_Project/Main/install/bcr_bot/share/bcr_bot//models/aws_robomaker_warehouse_Bucket_01/model.config
[5.274s] -- Installing: /home/nishant/Documents/RL_Collision_Avoidance_Project/Main/install/bcr_bot/share/bcr_bot//models/aws_robomaker_warehouse_ClutteringD_01
[5.274s] -- Installing: /home/nishant/Documents/RL_Collision_Avoidance_Project/Main/install/bcr_bot/share/bcr_bot//models/aws_robomaker_warehouse_ClutteringD_01/model.sdf
[5.274s] -- Installing: /home/nishant/Documents/RL_Collision_Avoidance_Project/Main/install/bcr_bot/share/bcr_bot//models/aws_robomaker_warehouse_ClutteringD_01/meshes
[5.274s] -- Installing: /home/nishant/Documents/RL_Collision_Avoidance_Project/Main/install/bcr_bot/share/bcr_bot//models/aws_robomaker_warehouse_ClutteringD_01/meshes/aws_robomaker_warehouse_ClutteringD_01_collision.DAE
[5.274s] -- Installing: /home/nishant/Documents/RL_Collision_Avoidance_Project/Main/install/bcr_bot/share/bcr_bot//models/aws_robomaker_warehouse_ClutteringD_01/meshes/aws_robomaker_warehouse_ClutteringD_01_visual.DAE
[5.274s] -- Installing: /home/nishant/Documents/RL_Collision_Avoidance_Project/Main/install/bcr_bot/share/bcr_bot//models/aws_robomaker_warehouse_ClutteringD_01/materials
[5.274s] -- Installing: /home/nishant/Documents/RL_Collision_Avoidance_Project/Main/install/bcr_bot/share/bcr_bot//models/aws_robomaker_warehouse_ClutteringD_01/materials/textures
[5.274s] -- Installing: /home/nishant/Documents/RL_Collision_Avoidance_Project/Main/install/bcr_bot/share/bcr_bot//models/aws_robomaker_warehouse_ClutteringD_01/materials/textures/aws_robomaker_warehouse_ClutteringD_02.png
[5.274s] -- Installing: /home/nishant/Documents/RL_Collision_Avoidance_Project/Main/install/bcr_bot/share/bcr_bot//models/aws_robomaker_warehouse_ClutteringD_01/materials/textures/aws_robomaker_warehouse_ClutteringD_01.png
[5.275s] -- Installing: /home/nishant/Documents/RL_Collision_Avoidance_Project/Main/install/bcr_bot/share/bcr_bot//models/aws_robomaker_warehouse_ClutteringD_01/model.config
[5.275s] -- Installing: /home/nishant/Documents/RL_Collision_Avoidance_Project/Main/install/bcr_bot/share/bcr_bot//models/aws_robomaker_warehouse_GroundB_01
[5.275s] -- Installing: /home/nishant/Documents/RL_Collision_Avoidance_Project/Main/install/bcr_bot/share/bcr_bot//models/aws_robomaker_warehouse_GroundB_01/model.sdf
[5.275s] -- Installing: /home/nishant/Documents/RL_Collision_Avoidance_Project/Main/install/bcr_bot/share/bcr_bot//models/aws_robomaker_warehouse_GroundB_01/meshes
[5.275s] -- Installing: /home/nishant/Documents/RL_Collision_Avoidance_Project/Main/install/bcr_bot/share/bcr_bot//models/aws_robomaker_warehouse_GroundB_01/meshes/aws_robomaker_warehouse_GroundB_01_visual.DAE
[5.275s] -- Installing: /home/nishant/Documents/RL_Collision_Avoidance_Project/Main/install/bcr_bot/share/bcr_bot//models/aws_robomaker_warehouse_GroundB_01/meshes/aws_robomaker_warehouse_GroundB_01_collision.DAE
[5.275s] -- Installing: /home/nishant/Documents/RL_Collision_Avoidance_Project/Main/install/bcr_bot/share/bcr_bot//models/aws_robomaker_warehouse_GroundB_01/materials
[5.275s] -- Installing: /home/nishant/Documents/RL_Collision_Avoidance_Project/Main/install/bcr_bot/share/bcr_bot//models/aws_robomaker_warehouse_GroundB_01/materials/textures
[5.275s] -- Installing: /home/nishant/Documents/RL_Collision_Avoidance_Project/Main/install/bcr_bot/share/bcr_bot//models/aws_robomaker_warehouse_GroundB_01/materials/textures/aws_robomaker_warehouse_GroundB_02.png
[5.275s] -- Installing: /home/nishant/Documents/RL_Collision_Avoidance_Project/Main/install/bcr_bot/share/bcr_bot//models/aws_robomaker_warehouse_GroundB_01/materials/textures/aws_robomaker_warehouse_GroundB_01.png
[5.277s] -- Installing: /home/nishant/Documents/RL_Collision_Avoidance_Project/Main/install/bcr_bot/share/bcr_bot//models/aws_robomaker_warehouse_GroundB_01/model.config
[5.277s] -- Installing: /home/nishant/Documents/RL_Collision_Avoidance_Project/Main/install/bcr_bot/share/bcr_bot//models/aws_robomaker_warehouse_ShelfF_01
[5.277s] -- Installing: /home/nishant/Documents/RL_Collision_Avoidance_Project/Main/install/bcr_bot/share/bcr_bot//models/aws_robomaker_warehouse_ShelfF_01/model.sdf
[5.277s] -- Installing: /home/nishant/Documents/RL_Collision_Avoidance_Project/Main/install/bcr_bot/share/bcr_bot//models/aws_robomaker_warehouse_ShelfF_01/meshes
[5.277s] -- Installing: /home/nishant/Documents/RL_Collision_Avoidance_Project/Main/install/bcr_bot/share/bcr_bot//models/aws_robomaker_warehouse_ShelfF_01/meshes/aws_robomaker_warehouse_ShelfF_01_collision.DAE
[5.277s] -- Installing: /home/nishant/Documents/RL_Collision_Avoidance_Project/Main/install/bcr_bot/share/bcr_bot//models/aws_robomaker_warehouse_ShelfF_01/meshes/aws_robomaker_warehouse_ShelfF_01_visual.DAE
[5.277s] -- Installing: /home/nishant/Documents/RL_Collision_Avoidance_Project/Main/install/bcr_bot/share/bcr_bot//models/aws_robomaker_warehouse_ShelfF_01/materials
[5.277s] -- Installing: /home/nishant/Documents/RL_Collision_Avoidance_Project/Main/install/bcr_bot/share/bcr_bot//models/aws_robomaker_warehouse_ShelfF_01/materials/textures
[5.277s] -- Installing: /home/nishant/Documents/RL_Collision_Avoidance_Project/Main/install/bcr_bot/share/bcr_bot//models/aws_robomaker_warehouse_ShelfF_01/materials/textures/aws_robomaker_warehouse_ShelfF_03.png
[5.277s] -- Installing: /home/nishant/Documents/RL_Collision_Avoidance_Project/Main/install/bcr_bot/share/bcr_bot//models/aws_robomaker_warehouse_ShelfF_01/materials/textures/aws_robomaker_warehouse_ShelfF_01.png
[5.277s] -- Installing: /home/nishant/Documents/RL_Collision_Avoidance_Project/Main/install/bcr_bot/share/bcr_bot//models/aws_robomaker_warehouse_ShelfF_01/materials/textures/aws_robomaker_warehouse_ShelfF_02.png
[5.278s] -- Installing: /home/nishant/Documents/RL_Collision_Avoidance_Project/Main/install/bcr_bot/share/bcr_bot//models/aws_robomaker_warehouse_ShelfF_01/model.config
[5.278s] -- Installing: /home/nishant/Documents/RL_Collision_Avoidance_Project/Main/install/bcr_bot/share/bcr_bot//models/aws_robomaker_warehouse_ShelfD_01
[5.278s] -- Installing: /home/nishant/Documents/RL_Collision_Avoidance_Project/Main/install/bcr_bot/share/bcr_bot//models/aws_robomaker_warehouse_ShelfD_01/model.sdf
[5.278s] -- Installing: /home/nishant/Documents/RL_Collision_Avoidance_Project/Main/install/bcr_bot/share/bcr_bot//models/aws_robomaker_warehouse_ShelfD_01/meshes
[5.278s] -- Installing: /home/nishant/Documents/RL_Collision_Avoidance_Project/Main/install/bcr_bot/share/bcr_bot//models/aws_robomaker_warehouse_ShelfD_01/meshes/aws_robomaker_warehouse_ShelfD_01_collision.DAE
[5.278s] -- Installing: /home/nishant/Documents/RL_Collision_Avoidance_Project/Main/install/bcr_bot/share/bcr_bot//models/aws_robomaker_warehouse_ShelfD_01/meshes/aws_robomaker_warehouse_ShelfD_01_visual.DAE
[5.278s] -- Installing: /home/nishant/Documents/RL_Collision_Avoidance_Project/Main/install/bcr_bot/share/bcr_bot//models/aws_robomaker_warehouse_ShelfD_01/materials
[5.278s] -- Installing: /home/nishant/Documents/RL_Collision_Avoidance_Project/Main/install/bcr_bot/share/bcr_bot//models/aws_robomaker_warehouse_ShelfD_01/materials/textures
[5.278s] -- Installing: /home/nishant/Documents/RL_Collision_Avoidance_Project/Main/install/bcr_bot/share/bcr_bot//models/aws_robomaker_warehouse_ShelfD_01/materials/textures/aws_robomaker_warehouse_ShelfD_04.png
[5.278s] -- Installing: /home/nishant/Documents/RL_Collision_Avoidance_Project/Main/install/bcr_bot/share/bcr_bot//models/aws_robomaker_warehouse_ShelfD_01/materials/textures/aws_robomaker_warehouse_ShelfD_02.png
[5.278s] -- Installing: /home/nishant/Documents/RL_Collision_Avoidance_Project/Main/install/bcr_bot/share/bcr_bot//models/aws_robomaker_warehouse_ShelfD_01/materials/textures/aws_robomaker_warehouse_ShelfD_03.png
[5.279s] -- Installing: /home/nishant/Documents/RL_Collision_Avoidance_Project/Main/install/bcr_bot/share/bcr_bot//models/aws_robomaker_warehouse_ShelfD_01/materials/textures/aws_robomaker_warehouse_ShelfD_01.png
[5.279s] -- Installing: /home/nishant/Documents/RL_Collision_Avoidance_Project/Main/install/bcr_bot/share/bcr_bot//models/aws_robomaker_warehouse_ShelfD_01/model.config
[5.279s] -- Installing: /home/nishant/Documents/RL_Collision_Avoidance_Project/Main/install/bcr_bot/share/bcr_bot//models/aws_robomaker_warehouse_PalletJackB_01
[5.279s] -- Installing: /home/nishant/Documents/RL_Collision_Avoidance_Project/Main/install/bcr_bot/share/bcr_bot//models/aws_robomaker_warehouse_PalletJackB_01/.DS_Store
[5.279s] -- Installing: /home/nishant/Documents/RL_Collision_Avoidance_Project/Main/install/bcr_bot/share/bcr_bot//models/aws_robomaker_warehouse_PalletJackB_01/model.sdf
[5.279s] -- Installing: /home/nishant/Documents/RL_Collision_Avoidance_Project/Main/install/bcr_bot/share/bcr_bot//models/aws_robomaker_warehouse_PalletJackB_01/meshes
[5.279s] -- Installing: /home/nishant/Documents/RL_Collision_Avoidance_Project/Main/install/bcr_bot/share/bcr_bot//models/aws_robomaker_warehouse_PalletJackB_01/meshes/aws_robomaker_warehouse_PalletJackB_01_visual.DAE
[5.279s] -- Installing: /home/nishant/Documents/RL_Collision_Avoidance_Project/Main/install/bcr_bot/share/bcr_bot//models/aws_robomaker_warehouse_PalletJackB_01/meshes/aws_robomaker_warehouse_PalletJackB_01_collision.DAE
[5.279s] -- Installing: /home/nishant/Documents/RL_Collision_Avoidance_Project/Main/install/bcr_bot/share/bcr_bot//models/aws_robomaker_warehouse_PalletJackB_01/materials
[5.279s] -- Installing: /home/nishant/Documents/RL_Collision_Avoidance_Project/Main/install/bcr_bot/share/bcr_bot//models/aws_robomaker_warehouse_PalletJackB_01/materials/.DS_Store
[5.279s] -- Installing: /home/nishant/Documents/RL_Collision_Avoidance_Project/Main/install/bcr_bot/share/bcr_bot//models/aws_robomaker_warehouse_PalletJackB_01/materials/textures
[5.279s] -- Installing: /home/nishant/Documents/RL_Collision_Avoidance_Project/Main/install/bcr_bot/share/bcr_bot//models/aws_robomaker_warehouse_PalletJackB_01/materials/textures/aws_robomaker_warehouse_PalletJackB_02.png
[5.279s] -- Installing: /home/nishant/Documents/RL_Collision_Avoidance_Project/Main/install/bcr_bot/share/bcr_bot//models/aws_robomaker_warehouse_PalletJackB_01/materials/textures/aws_robomaker_warehouse_PalletJackB_01.png
[5.280s] -- Installing: /home/nishant/Documents/RL_Collision_Avoidance_Project/Main/install/bcr_bot/share/bcr_bot//models/aws_robomaker_warehouse_PalletJackB_01/model.config
[5.280s] -- Installing: /home/nishant/Documents/RL_Collision_Avoidance_Project/Main/install/bcr_bot/share/bcr_bot//models/aws_robomaker_warehouse_ShelfE_01
[5.280s] -- Installing: /home/nishant/Documents/RL_Collision_Avoidance_Project/Main/install/bcr_bot/share/bcr_bot//models/aws_robomaker_warehouse_ShelfE_01/.DS_Store
[5.280s] -- Installing: /home/nishant/Documents/RL_Collision_Avoidance_Project/Main/install/bcr_bot/share/bcr_bot//models/aws_robomaker_warehouse_ShelfE_01/model.sdf
[5.280s] -- Installing: /home/nishant/Documents/RL_Collision_Avoidance_Project/Main/install/bcr_bot/share/bcr_bot//models/aws_robomaker_warehouse_ShelfE_01/meshes
[5.280s] -- Installing: /home/nishant/Documents/RL_Collision_Avoidance_Project/Main/install/bcr_bot/share/bcr_bot//models/aws_robomaker_warehouse_ShelfE_01/meshes/aws_robomaker_warehouse_ShelfE_01_visual.DAE
[5.280s] -- Installing: /home/nishant/Documents/RL_Collision_Avoidance_Project/Main/install/bcr_bot/share/bcr_bot//models/aws_robomaker_warehouse_ShelfE_01/meshes/aws_robomaker_warehouse_ShelfE_01_collision.DAE
[5.280s] -- Installing: /home/nishant/Documents/RL_Collision_Avoidance_Project/Main/install/bcr_bot/share/bcr_bot//models/aws_robomaker_warehouse_ShelfE_01/materials
[5.280s] -- Installing: /home/nishant/Documents/RL_Collision_Avoidance_Project/Main/install/bcr_bot/share/bcr_bot//models/aws_robomaker_warehouse_ShelfE_01/materials/.DS_Store
[5.280s] -- Installing: /home/nishant/Documents/RL_Collision_Avoidance_Project/Main/install/bcr_bot/share/bcr_bot//models/aws_robomaker_warehouse_ShelfE_01/materials/textures
[5.280s] -- Installing: /home/nishant/Documents/RL_Collision_Avoidance_Project/Main/install/bcr_bot/share/bcr_bot//models/aws_robomaker_warehouse_ShelfE_01/materials/textures/aws_robomaker_warehouse_ShelfE_02.png
[5.280s] -- Installing: /home/nishant/Documents/RL_Collision_Avoidance_Project/Main/install/bcr_bot/share/bcr_bot//models/aws_robomaker_warehouse_ShelfE_01/materials/textures/aws_robomaker_warehouse_ShelfE_03.png
[5.280s] -- Installing: /home/nishant/Documents/RL_Collision_Avoidance_Project/Main/install/bcr_bot/share/bcr_bot//models/aws_robomaker_warehouse_ShelfE_01/materials/textures/aws_robomaker_warehouse_ShelfE_04.png
[5.281s] -- Installing: /home/nishant/Documents/RL_Collision_Avoidance_Project/Main/install/bcr_bot/share/bcr_bot//models/aws_robomaker_warehouse_ShelfE_01/materials/textures/aws_robomaker_warehouse_ShelfE_01.png
[5.281s] -- Installing: /home/nishant/Documents/RL_Collision_Avoidance_Project/Main/install/bcr_bot/share/bcr_bot//models/aws_robomaker_warehouse_ShelfE_01/model.config
[5.281s] -- Installing: /home/nishant/Documents/RL_Collision_Avoidance_Project/Main/install/bcr_bot/share/bcr_bot//models/aws_robomaker_warehouse_Lamp_01
[5.281s] -- Installing: /home/nishant/Documents/RL_Collision_Avoidance_Project/Main/install/bcr_bot/share/bcr_bot//models/aws_robomaker_warehouse_Lamp_01/model.sdf
[5.281s] -- Installing: /home/nishant/Documents/RL_Collision_Avoidance_Project/Main/install/bcr_bot/share/bcr_bot//models/aws_robomaker_warehouse_Lamp_01/meshes
[5.281s] -- Installing: /home/nishant/Documents/RL_Collision_Avoidance_Project/Main/install/bcr_bot/share/bcr_bot//models/aws_robomaker_warehouse_Lamp_01/meshes/aws_robomaker_warehouse_Lamp_01_collision.DAE
[5.281s] -- Installing: /home/nishant/Documents/RL_Collision_Avoidance_Project/Main/install/bcr_bot/share/bcr_bot//models/aws_robomaker_warehouse_Lamp_01/meshes/aws_robomaker_warehouse_Lamp_01_visual.DAE
[5.281s] -- Installing: /home/nishant/Documents/RL_Collision_Avoidance_Project/Main/install/bcr_bot/share/bcr_bot//models/aws_robomaker_warehouse_Lamp_01/materials
[5.281s] -- Installing: /home/nishant/Documents/RL_Collision_Avoidance_Project/Main/install/bcr_bot/share/bcr_bot//models/aws_robomaker_warehouse_Lamp_01/materials/textures
[5.281s] -- Installing: /home/nishant/Documents/RL_Collision_Avoidance_Project/Main/install/bcr_bot/share/bcr_bot//models/aws_robomaker_warehouse_Lamp_01/materials/textures/aws_robomaker_warehouse_Lamp_01.png
[5.281s] -- Installing: /home/nishant/Documents/RL_Collision_Avoidance_Project/Main/install/bcr_bot/share/bcr_bot//models/aws_robomaker_warehouse_Lamp_01/model.config
[5.281s] -- Installing: /home/nishant/Documents/RL_Collision_Avoidance_Project/Main/install/bcr_bot/share/bcr_bot//models/aws_robomaker_warehouse_TrashCanC_01
[5.281s] -- Installing: /home/nishant/Documents/RL_Collision_Avoidance_Project/Main/install/bcr_bot/share/bcr_bot//models/aws_robomaker_warehouse_TrashCanC_01/model.sdf
[5.281s] -- Installing: /home/nishant/Documents/RL_Collision_Avoidance_Project/Main/install/bcr_bot/share/bcr_bot//models/aws_robomaker_warehouse_TrashCanC_01/meshes
[5.281s] -- Installing: /home/nishant/Documents/RL_Collision_Avoidance_Project/Main/install/bcr_bot/share/bcr_bot//models/aws_robomaker_warehouse_TrashCanC_01/meshes/aws_robomaker_warehouse_TrashCanC_01_collision.DAE
[5.281s] -- Installing: /home/nishant/Documents/RL_Collision_Avoidance_Project/Main/install/bcr_bot/share/bcr_bot//models/aws_robomaker_warehouse_TrashCanC_01/meshes/aws_robomaker_warehouse_TrashCanC_01_visual.DAE
[5.281s] -- Installing: /home/nishant/Documents/RL_Collision_Avoidance_Project/Main/install/bcr_bot/share/bcr_bot//models/aws_robomaker_warehouse_TrashCanC_01/materials
[5.281s] -- Installing: /home/nishant/Documents/RL_Collision_Avoidance_Project/Main/install/bcr_bot/share/bcr_bot//models/aws_robomaker_warehouse_TrashCanC_01/materials/textures
[5.281s] -- Installing: /home/nishant/Documents/RL_Collision_Avoidance_Project/Main/install/bcr_bot/share/bcr_bot//models/aws_robomaker_warehouse_TrashCanC_01/materials/textures/aws_robomaker_warehouse_TrashCanC_01.png
[5.281s] -- Installing: /home/nishant/Documents/RL_Collision_Avoidance_Project/Main/install/bcr_bot/share/bcr_bot//models/aws_robomaker_warehouse_TrashCanC_01/model.config
[5.281s] -- Installing: /home/nishant/Documents/RL_Collision_Avoidance_Project/Main/install/bcr_bot/share/bcr_bot//models/aws_robomaker_warehouse_RoofB_01
[5.282s] -- Installing: /home/nishant/Documents/RL_Collision_Avoidance_Project/Main/install/bcr_bot/share/bcr_bot//models/aws_robomaker_warehouse_RoofB_01/model.sdf
[5.282s] -- Installing: /home/nishant/Documents/RL_Collision_Avoidance_Project/Main/install/bcr_bot/share/bcr_bot//models/aws_robomaker_warehouse_RoofB_01/meshes
[5.282s] -- Installing: /home/nishant/Documents/RL_Collision_Avoidance_Project/Main/install/bcr_bot/share/bcr_bot//models/aws_robomaker_warehouse_RoofB_01/meshes/aws_robomaker_warehouse_RoofB_01_visual.DAE
[5.282s] -- Installing: /home/nishant/Documents/RL_Collision_Avoidance_Project/Main/install/bcr_bot/share/bcr_bot//models/aws_robomaker_warehouse_RoofB_01/meshes/aws_robomaker_warehouse_RoofB_01_collision.DAE
[5.282s] -- Installing: /home/nishant/Documents/RL_Collision_Avoidance_Project/Main/install/bcr_bot/share/bcr_bot//models/aws_robomaker_warehouse_RoofB_01/materials
[5.282s] -- Installing: /home/nishant/Documents/RL_Collision_Avoidance_Project/Main/install/bcr_bot/share/bcr_bot//models/aws_robomaker_warehouse_RoofB_01/materials/textures
[5.282s] -- Installing: /home/nishant/Documents/RL_Collision_Avoidance_Project/Main/install/bcr_bot/share/bcr_bot//models/aws_robomaker_warehouse_RoofB_01/materials/textures/aws_robomaker_warehouse_RoofB_01.png
[5.282s] -- Installing: /home/nishant/Documents/RL_Collision_Avoidance_Project/Main/install/bcr_bot/share/bcr_bot//models/aws_robomaker_warehouse_RoofB_01/model.config
[5.282s] -- Installing: /home/nishant/Documents/RL_Collision_Avoidance_Project/Main/install/bcr_bot/share/bcr_bot//models/aws_robomaker_warehouse_ClutteringA_01
[5.282s] -- Installing: /home/nishant/Documents/RL_Collision_Avoidance_Project/Main/install/bcr_bot/share/bcr_bot//models/aws_robomaker_warehouse_ClutteringA_01/.DS_Store
[5.282s] -- Installing: /home/nishant/Documents/RL_Collision_Avoidance_Project/Main/install/bcr_bot/share/bcr_bot//models/aws_robomaker_warehouse_ClutteringA_01/model.sdf
[5.282s] -- Installing: /home/nishant/Documents/RL_Collision_Avoidance_Project/Main/install/bcr_bot/share/bcr_bot//models/aws_robomaker_warehouse_ClutteringA_01/meshes
[5.282s] -- Installing: /home/nishant/Documents/RL_Collision_Avoidance_Project/Main/install/bcr_bot/share/bcr_bot//models/aws_robomaker_warehouse_ClutteringA_01/meshes/aws_robomaker_warehouse_ClutteringA_01_collision.DAE
[5.282s] -- Installing: /home/nishant/Documents/RL_Collision_Avoidance_Project/Main/install/bcr_bot/share/bcr_bot//models/aws_robomaker_warehouse_ClutteringA_01/meshes/aws_robomaker_warehouse_ClutteringA_01_visual.DAE
[5.282s] -- Installing: /home/nishant/Documents/RL_Collision_Avoidance_Project/Main/install/bcr_bot/share/bcr_bot//models/aws_robomaker_warehouse_ClutteringA_01/materials
[5.282s] -- Installing: /home/nishant/Documents/RL_Collision_Avoidance_Project/Main/install/bcr_bot/share/bcr_bot//models/aws_robomaker_warehouse_ClutteringA_01/materials/.DS_Store
[5.282s] -- Installing: /home/nishant/Documents/RL_Collision_Avoidance_Project/Main/install/bcr_bot/share/bcr_bot//models/aws_robomaker_warehouse_ClutteringA_01/materials/textures
[5.282s] -- Installing: /home/nishant/Documents/RL_Collision_Avoidance_Project/Main/install/bcr_bot/share/bcr_bot//models/aws_robomaker_warehouse_ClutteringA_01/materials/textures/.DS_Store
[5.282s] -- Installing: /home/nishant/Documents/RL_Collision_Avoidance_Project/Main/install/bcr_bot/share/bcr_bot//models/aws_robomaker_warehouse_ClutteringA_01/materials/textures/aws_robomaker_warehouse_ClutteringA_01.png
[5.282s] -- Installing: /home/nishant/Documents/RL_Collision_Avoidance_Project/Main/install/bcr_bot/share/bcr_bot//models/aws_robomaker_warehouse_ClutteringA_01/materials/textures/aws_robomaker_warehouse_ClutteringA_02.png
[5.282s] -- Installing: /home/nishant/Documents/RL_Collision_Avoidance_Project/Main/install/bcr_bot/share/bcr_bot//models/aws_robomaker_warehouse_ClutteringA_01/materials/textures/aws_robomaker_warehouse_ClutteringA_03.png
[5.283s] -- Installing: /home/nishant/Documents/RL_Collision_Avoidance_Project/Main/install/bcr_bot/share/bcr_bot//models/aws_robomaker_warehouse_ClutteringA_01/model.config
[5.283s] -- Installing: /home/nishant/Documents/RL_Collision_Avoidance_Project/Main/install/bcr_bot/share/bcr_bot//models/aws_robomaker_warehouse_ClutteringC_01
[5.283s] -- Installing: /home/nishant/Documents/RL_Collision_Avoidance_Project/Main/install/bcr_bot/share/bcr_bot//models/aws_robomaker_warehouse_ClutteringC_01/model.sdf
[5.283s] -- Installing: /home/nishant/Documents/RL_Collision_Avoidance_Project/Main/install/bcr_bot/share/bcr_bot//models/aws_robomaker_warehouse_ClutteringC_01/meshes
[5.283s] -- Installing: /home/nishant/Documents/RL_Collision_Avoidance_Project/Main/install/bcr_bot/share/bcr_bot//models/aws_robomaker_warehouse_ClutteringC_01/meshes/aws_robomaker_warehouse_ClutteringC_01_collision.DAE
[5.283s] -- Installing: /home/nishant/Documents/RL_Collision_Avoidance_Project/Main/install/bcr_bot/share/bcr_bot//models/aws_robomaker_warehouse_ClutteringC_01/meshes/aws_robomaker_warehouse_ClutteringC_01_visual.DAE
[5.283s] -- Installing: /home/nishant/Documents/RL_Collision_Avoidance_Project/Main/install/bcr_bot/share/bcr_bot//models/aws_robomaker_warehouse_ClutteringC_01/materials
[5.283s] -- Installing: /home/nishant/Documents/RL_Collision_Avoidance_Project/Main/install/bcr_bot/share/bcr_bot//models/aws_robomaker_warehouse_ClutteringC_01/materials/textures
[5.283s] -- Installing: /home/nishant/Documents/RL_Collision_Avoidance_Project/Main/install/bcr_bot/share/bcr_bot//models/aws_robomaker_warehouse_ClutteringC_01/materials/textures/aws_robomaker_warehouse_ClutteringC_01.png
[5.283s] -- Installing: /home/nishant/Documents/RL_Collision_Avoidance_Project/Main/install/bcr_bot/share/bcr_bot//models/aws_robomaker_warehouse_ClutteringC_01/materials/textures/aws_robomaker_warehouse_ClutteringC_02.png
[5.283s] -- Installing: /home/nishant/Documents/RL_Collision_Avoidance_Project/Main/install/bcr_bot/share/bcr_bot//models/aws_robomaker_warehouse_ClutteringC_01/model.config
[5.283s] -- Installing: /home/nishant/Documents/RL_Collision_Avoidance_Project/Main/install/bcr_bot/share/bcr_bot//models/aws_robomaker_warehouse_DeskC_01
[5.283s] -- Installing: /home/nishant/Documents/RL_Collision_Avoidance_Project/Main/install/bcr_bot/share/bcr_bot//models/aws_robomaker_warehouse_DeskC_01/model.sdf
[5.283s] -- Installing: /home/nishant/Documents/RL_Collision_Avoidance_Project/Main/install/bcr_bot/share/bcr_bot//models/aws_robomaker_warehouse_DeskC_01/meshes
[5.283s] -- Installing: /home/nishant/Documents/RL_Collision_Avoidance_Project/Main/install/bcr_bot/share/bcr_bot//models/aws_robomaker_warehouse_DeskC_01/meshes/aws_robomaker_warehouse_DeskC_01_collision.DAE
[5.283s] -- Installing: /home/nishant/Documents/RL_Collision_Avoidance_Project/Main/install/bcr_bot/share/bcr_bot//models/aws_robomaker_warehouse_DeskC_01/meshes/aws_robomaker_warehouse_DeskC_01_visual.DAE
[5.284s] -- Installing: /home/nishant/Documents/RL_Collision_Avoidance_Project/Main/install/bcr_bot/share/bcr_bot//models/aws_robomaker_warehouse_DeskC_01/materials
[5.284s] -- Installing: /home/nishant/Documents/RL_Collision_Avoidance_Project/Main/install/bcr_bot/share/bcr_bot//models/aws_robomaker_warehouse_DeskC_01/materials/.DS_Store
[5.284s] -- Installing: /home/nishant/Documents/RL_Collision_Avoidance_Project/Main/install/bcr_bot/share/bcr_bot//models/aws_robomaker_warehouse_DeskC_01/materials/textures
[5.284s] -- Installing: /home/nishant/Documents/RL_Collision_Avoidance_Project/Main/install/bcr_bot/share/bcr_bot//models/aws_robomaker_warehouse_DeskC_01/materials/textures/aws_robomaker_warehouse_DeskC_03.png
[5.284s] -- Installing: /home/nishant/Documents/RL_Collision_Avoidance_Project/Main/install/bcr_bot/share/bcr_bot//models/aws_robomaker_warehouse_DeskC_01/materials/textures/aws_robomaker_warehouse_DeskC_01.png
[5.284s] -- Installing: /home/nishant/Documents/RL_Collision_Avoidance_Project/Main/install/bcr_bot/share/bcr_bot//models/aws_robomaker_warehouse_DeskC_01/materials/textures/aws_robomaker_warehouse_DeskC_03.psd
[5.285s] -- Installing: /home/nishant/Documents/RL_Collision_Avoidance_Project/Main/install/bcr_bot/share/bcr_bot//models/aws_robomaker_warehouse_DeskC_01/materials/textures/aws_robomaker_warehouse_DeskC_04.png
[5.285s] -- Installing: /home/nishant/Documents/RL_Collision_Avoidance_Project/Main/install/bcr_bot/share/bcr_bot//models/aws_robomaker_warehouse_DeskC_01/materials/textures/aws_robomaker_warehouse_DeskC_02.png
[5.285s] -- Installing: /home/nishant/Documents/RL_Collision_Avoidance_Project/Main/install/bcr_bot/share/bcr_bot//models/aws_robomaker_warehouse_DeskC_01/model.config
[5.285s] -- Installing: /home/nishant/Documents/RL_Collision_Avoidance_Project/Main/install/bcr_bot/share/bcr_bot//models/aws_robomaker_warehouse_WallB_01
[5.285s] -- Installing: /home/nishant/Documents/RL_Collision_Avoidance_Project/Main/install/bcr_bot/share/bcr_bot//models/aws_robomaker_warehouse_WallB_01/model.sdf
[5.285s] -- Installing: /home/nishant/Documents/RL_Collision_Avoidance_Project/Main/install/bcr_bot/share/bcr_bot//models/aws_robomaker_warehouse_WallB_01/meshes
[5.285s] -- Installing: /home/nishant/Documents/RL_Collision_Avoidance_Project/Main/install/bcr_bot/share/bcr_bot//models/aws_robomaker_warehouse_WallB_01/meshes/aws_robomaker_warehouse_WallB_01_visual.DAE
[5.285s] -- Installing: /home/nishant/Documents/RL_Collision_Avoidance_Project/Main/install/bcr_bot/share/bcr_bot//models/aws_robomaker_warehouse_WallB_01/meshes/aws_robomaker_warehouse_WallB_01_collision.DAE
[5.285s] -- Installing: /home/nishant/Documents/RL_Collision_Avoidance_Project/Main/install/bcr_bot/share/bcr_bot//models/aws_robomaker_warehouse_WallB_01/materials
[5.285s] -- Installing: /home/nishant/Documents/RL_Collision_Avoidance_Project/Main/install/bcr_bot/share/bcr_bot//models/aws_robomaker_warehouse_WallB_01/materials/textures
[5.285s] -- Installing: /home/nishant/Documents/RL_Collision_Avoidance_Project/Main/install/bcr_bot/share/bcr_bot//models/aws_robomaker_warehouse_WallB_01/materials/textures/aws_robomaker_warehouse_WallB_01.png
[5.286s] -- Installing: /home/nishant/Documents/RL_Collision_Avoidance_Project/Main/install/bcr_bot/share/bcr_bot//models/aws_robomaker_warehouse_WallB_01/model.config
[5.286s] -- Installing: /home/nishant/Documents/RL_Collision_Avoidance_Project/Main/install/bcr_bot/share/bcr_bot//urdf
[5.286s] -- Installing: /home/nishant/Documents/RL_Collision_Avoidance_Project/Main/install/bcr_bot/share/bcr_bot//urdf/gz.xacro
[5.286s] -- Installing: /home/nishant/Documents/RL_Collision_Avoidance_Project/Main/install/bcr_bot/share/bcr_bot//urdf/gazebo.xacro
[5.286s] -- Installing: /home/nishant/Documents/RL_Collision_Avoidance_Project/Main/install/bcr_bot/share/bcr_bot//urdf/ign.xacro
[5.286s] -- Installing: /home/nishant/Documents/RL_Collision_Avoidance_Project/Main/install/bcr_bot/share/bcr_bot//urdf/macros.xacro
[5.286s] -- Installing: /home/nishant/Documents/RL_Collision_Avoidance_Project/Main/install/bcr_bot/share/bcr_bot//urdf/bcr_bot.xacro
[5.286s] -- Installing: /home/nishant/Documents/RL_Collision_Avoidance_Project/Main/install/bcr_bot/share/bcr_bot//urdf/materials.xacro
[5.286s] -- Installing: /home/nishant/Documents/RL_Collision_Avoidance_Project/Main/install/bcr_bot/share/bcr_bot//worlds
[5.286s] -- Installing: /home/nishant/Documents/RL_Collision_Avoidance_Project/Main/install/bcr_bot/share/bcr_bot//worlds/empty.sdf
[5.286s] -- Installing: /home/nishant/Documents/RL_Collision_Avoidance_Project/Main/install/bcr_bot/share/bcr_bot//worlds/small_warehouse.sdf
[5.286s] -- Installing: /home/nishant/Documents/RL_Collision_Avoidance_Project/Main/install/bcr_bot/share/bcr_bot//rviz
[5.286s] -- Installing: /home/nishant/Documents/RL_Collision_Avoidance_Project/Main/install/bcr_bot/share/bcr_bot//rviz/entire_setup.rviz
[5.286s] -- Installing: /home/nishant/Documents/RL_Collision_Avoidance_Project/Main/install/bcr_bot/share/bcr_bot//rviz/map.rviz
[5.286s] -- Installing: /home/nishant/Documents/RL_Collision_Avoidance_Project/Main/install/bcr_bot/share/bcr_bot/config
[5.286s] -- Installing: /home/nishant/Documents/RL_Collision_Avoidance_Project/Main/install/bcr_bot/share/bcr_bot/config/bcr_map.yaml
[5.286s] -- Installing: /home/nishant/Documents/RL_Collision_Avoidance_Project/Main/install/bcr_bot/share/bcr_bot/config/mapper_params_online_async.yaml
[5.286s] -- Installing: /home/nishant/Documents/RL_Collision_Avoidance_Project/Main/install/bcr_bot/share/bcr_bot/config/bcr_map.pgm
[5.287s] -- Installing: /home/nishant/Documents/RL_Collision_Avoidance_Project/Main/install/bcr_bot/share/bcr_bot/config/nav2_params.yaml
[5.287s] -- Installing: /home/nishant/Documents/RL_Collision_Avoidance_Project/Main/install/bcr_bot/lib/bcr_bot/remapper.py
[5.287s] -- Installing: /home/nishant/Documents/RL_Collision_Avoidance_Project/Main/install/bcr_bot/share/ament_index/resource_index/package_run_dependencies/bcr_bot
[5.287s] -- Installing: /home/nishant/Documents/RL_Collision_Avoidance_Project/Main/install/bcr_bot/share/ament_index/resource_index/parent_prefix_path/bcr_bot
[5.287s] -- Installing: /home/nishant/Documents/RL_Collision_Avoidance_Project/Main/install/bcr_bot/share/bcr_bot/environment/ament_prefix_path.sh
[5.287s] -- Installing: /home/nishant/Documents/RL_Collision_Avoidance_Project/Main/install/bcr_bot/share/bcr_bot/environment/ament_prefix_path.dsv
[5.287s] -- Installing: /home/nishant/Documents/RL_Collision_Avoidance_Project/Main/install/bcr_bot/share/bcr_bot/environment/path.sh
[5.287s] -- Installing: /home/nishant/Documents/RL_Collision_Avoidance_Project/Main/install/bcr_bot/share/bcr_bot/environment/path.dsv
[5.287s] -- Installing: /home/nishant/Documents/RL_Collision_Avoidance_Project/Main/install/bcr_bot/share/bcr_bot/local_setup.bash
[5.287s] -- Installing: /home/nishant/Documents/RL_Collision_Avoidance_Project/Main/install/bcr_bot/share/bcr_bot/local_setup.sh
[5.287s] -- Installing: /home/nishant/Documents/RL_Collision_Avoidance_Project/Main/install/bcr_bot/share/bcr_bot/local_setup.zsh
[5.287s] -- Installing: /home/nishant/Documents/RL_Collision_Avoidance_Project/Main/install/bcr_bot/share/bcr_bot/local_setup.dsv
[5.287s] -- Installing: /home/nishant/Documents/RL_Collision_Avoidance_Project/Main/install/bcr_bot/share/bcr_bot/package.dsv
[5.287s] -- Installing: /home/nishant/Documents/RL_Collision_Avoidance_Project/Main/install/bcr_bot/share/ament_index/resource_index/packages/bcr_bot
[5.287s] -- Installing: /home/nishant/Documents/RL_Collision_Avoidance_Project/Main/install/bcr_bot/share/bcr_bot/cmake/bcr_botConfig.cmake
[5.287s] -- Installing: /home/nishant/Documents/RL_Collision_Avoidance_Project/Main/install/bcr_bot/share/bcr_bot/cmake/bcr_botConfig-version.cmake
[5.287s] -- Installing: /home/nishant/Documents/RL_Collision_Avoidance_Project/Main/install/bcr_bot/share/bcr_bot/package.xml
[5.289s] Invoked command in '/home/nishant/Documents/RL_Collision_Avoidance_Project/Main/build/bcr_bot' returned '0': CMAKE_PREFIX_PATH=/opt/ros/humble /usr/bin/cmake --install /home/nishant/Documents/RL_Collision_Avoidance_Project/Main/build/bcr_bot
