[0.013s] Invoking command in '/home/nishant/Documents/RL_Collision_Avoidance_Project/Collision_Avoidance_WS/build/my_env': CMAKE_PREFIX_PATH=${CMAKE_PREFIX_PATH}:/opt/ros/humble /usr/bin/cmake /home/nishant/Documents/RL_Collision_Avoidance_Project/Collision_Avoidance_WS/src/my_env -DCMAKE_INSTALL_PREFIX=/home/nishant/Documents/RL_Collision_Avoidance_Project/Collision_Avoidance_WS/install/my_env
[0.028s] -- Found ament_cmake: 1.3.11 (/opt/ros/humble/share/ament_cmake/cmake)
[0.120s] -- Override CMake install command with custom implementation using symlinks instead of copying resources
[0.124s] -- Found rclpy: 3.3.15 (/opt/ros/humble/share/rclpy/cmake)
[0.124s] -- Found gazebo_ros: 3.7.0 (/opt/ros/humble/share/gazebo_ros/cmake)
[0.146s] -- Found rosidl_generator_c: 3.1.6 (/opt/ros/humble/share/rosidl_generator_c/cmake)
[0.147s] -- Found rosidl_adapter: 3.1.6 (/opt/ros/humble/share/rosidl_adapter/cmake)
[0.151s] -- Found rosidl_generator_cpp: 3.1.6 (/opt/ros/humble/share/rosidl_generator_cpp/cmake)
[0.157s] -- Using all available rosidl_typesupport_c: rosidl_typesupport_fastrtps_c;rosidl_typesupport_introspection_c
[0.165s] -- Using all available rosidl_typesupport_cpp: rosidl_typesupport_fastrtps_cpp;rosidl_typesupport_introspection_cpp
[0.186s] -- Found rmw_implementation_cmake: 6.1.2 (/opt/ros/humble/share/rmw_implementation_cmake/cmake)
[0.186s] -- Found rmw_fastrtps_cpp: 6.2.7 (/opt/ros/humble/share/rmw_fastrtps_cpp/cmake)
[0.285s] -- Using RMW implementation 'rmw_fastrtps_cpp' as default
[0.347s] -- Found DART: /usr/include (Required is at least version "6.6") found components: dart 
[0.375s] -- Found Protobuf: /usr/lib/x86_64-linux-gnu/libprotobuf.so (found version "3.12.4") 
[0.376s] -- Looking for ignition-math6 -- found version 6.15.1
[0.379s] -- Searching for dependencies of ignition-math6
[0.380s] -- Looking for OGRE...
[0.386s] -- Found Ogre Ghadamon (1.9.0)
[0.386s] -- Found OGRE: optimized;/usr/lib/x86_64-linux-gnu/libOgreMain.so;debug;/usr/lib/x86_64-linux-gnu/libOgreMain.so
[0.393s] -- Looking for OGRE_Paging...
[0.394s] -- Found OGRE_Paging: optimized;/usr/lib/x86_64-linux-gnu/libOgrePaging.so;debug;/usr/lib/x86_64-linux-gnu/libOgrePaging.so
[0.394s] -- Looking for OGRE_Terrain...
[0.394s] -- Found OGRE_Terrain: optimized;/usr/lib/x86_64-linux-gnu/libOgreTerrain.so;debug;/usr/lib/x86_64-linux-gnu/libOgreTerrain.so
[0.394s] -- Looking for OGRE_Property...
[0.394s] -- Found OGRE_Property: optimized;/usr/lib/x86_64-linux-gnu/libOgreProperty.so;debug;/usr/lib/x86_64-linux-gnu/libOgreProperty.so
[0.394s] -- Looking for OGRE_RTShaderSystem...
[0.394s] -- Found OGRE_RTShaderSystem: optimized;/usr/lib/x86_64-linux-gnu/libOgreRTShaderSystem.so;debug;/usr/lib/x86_64-linux-gnu/libOgreRTShaderSystem.so
[0.394s] -- Looking for OGRE_Volume...
[0.394s] -- Found OGRE_Volume: optimized;/usr/lib/x86_64-linux-gnu/libOgreVolume.so;debug;/usr/lib/x86_64-linux-gnu/libOgreVolume.so
[0.394s] -- Looking for OGRE_Overlay...
[0.394s] -- Found OGRE_Overlay: optimized;/usr/lib/x86_64-linux-gnu/libOgreOverlay.so;debug;/usr/lib/x86_64-linux-gnu/libOgreOverlay.so
[0.432s] -- Looking for ignition-math6 -- found version 6.15.1
[0.432s] -- Looking for ignition-transport8 -- found version 8.2.1
[0.432s] -- Searching for dependencies of ignition-transport8
[0.448s] -- Found Protobuf: /usr/lib/x86_64-linux-gnu/libprotobuf.so (found suitable version "3.12.4", minimum required is "3") 
[0.458s] -- Config-file not installed for ZeroMQ -- checking for pkg-config
[0.463s] -- Checking for module 'libzmq >= 4'
[0.482s] --   Found libzmq , version 4.3.4
[0.576s] -- Checking for module 'uuid'
[0.605s] --   Found uuid, version 2.37.2
[0.679s] -- Looking for ignition-msgs5 -- found version 5.8.1
[0.679s] -- Searching for dependencies of ignition-msgs5
[0.707s] -- Looking for ignition-math6 -- found version 6.15.1
[0.715s] -- Checking for module 'tinyxml2'
[0.751s] --   Found tinyxml2, version 9.0.0
[0.838s] -- Looking for ignition-msgs5 -- found version 5.8.1
[0.839s] -- Looking for ignition-common3 -- found version 3.14.0
[0.839s] -- Searching for dependencies of ignition-common3
[0.839s] -- Looking for dlfcn.h - found
[0.839s] -- Looking for libdl - found
[0.856s] -- Searching for <ignition-common3> component [graphics]
[0.857s] -- Looking for ignition-common3-graphics -- found version 3.14.0
[0.857s] -- Searching for dependencies of ignition-common3-graphics
[0.858s] -- Looking for ignition-math6 -- found version 6.15.1
[0.858s] -- Looking for ignition-fuel_tools4 -- found version 4.4.0
[0.859s] -- Searching for dependencies of ignition-fuel_tools4
[0.909s] -- Checking for module 'jsoncpp'
[0.936s] --   Found jsoncpp, version 1.9.5
[1.012s] -- Checking for module 'libzip'
[1.040s] --   Found libzip, version 1.7.3
[1.108s] -- Looking for ignition-common3 -- found version 3.14.0
[1.109s] -- Looking for ignition-math6 -- found version 6.15.1
[1.109s] -- Looking for ignition-msgs5 -- found version 5.8.1
[1.112s] -- Gazebo version: 11.10
[1.115s] -- Found ament_lint_auto: 0.12.11 (/opt/ros/humble/share/ament_lint_auto/cmake)
[1.180s] -- Added test 'cppcheck' to perform static code analysis on C / C++ code
[1.180s] -- Configured cppcheck include dirs: 
[1.180s] -- Configured cppcheck exclude dirs and/or files: 
[1.181s] -- Added test 'flake8' to check Python code syntax and style conventions
[1.181s] -- Added test 'lint_cmake' to check CMake code style
[1.182s] -- Added test 'pep257' to check Python code against some of the docstring style conventions in PEP 257
[1.184s] -- Added test 'uncrustify' to check C / C++ code style
[1.184s] -- Configured uncrustify additional arguments: 
[1.184s] -- Added test 'xmllint' to check XML markup files
[1.185s] -- Configuring done
[1.189s] -- Generating done
[1.191s] -- Build files have been written to: /home/nishant/Documents/RL_Collision_Avoidance_Project/Collision_Avoidance_WS/build/my_env
[1.198s] Invoked command in '/home/nishant/Documents/RL_Collision_Avoidance_Project/Collision_Avoidance_WS/build/my_env' returned '0': CMAKE_PREFIX_PATH=${CMAKE_PREFIX_PATH}:/opt/ros/humble /usr/bin/cmake /home/nishant/Documents/RL_Collision_Avoidance_Project/Collision_Avoidance_WS/src/my_env -DCMAKE_INSTALL_PREFIX=/home/nishant/Documents/RL_Collision_Avoidance_Project/Collision_Avoidance_WS/install/my_env
[1.200s] Invoking command in '/home/nishant/Documents/RL_Collision_Avoidance_Project/Collision_Avoidance_WS/build/my_env': CMAKE_PREFIX_PATH=${CMAKE_PREFIX_PATH}:/opt/ros/humble /usr/bin/cmake --build /home/nishant/Documents/RL_Collision_Avoidance_Project/Collision_Avoidance_WS/build/my_env -- -j12 -l12
[1.252s] Invoked command in '/home/nishant/Documents/RL_Collision_Avoidance_Project/Collision_Avoidance_WS/build/my_env' returned '0': CMAKE_PREFIX_PATH=${CMAKE_PREFIX_PATH}:/opt/ros/humble /usr/bin/cmake --build /home/nishant/Documents/RL_Collision_Avoidance_Project/Collision_Avoidance_WS/build/my_env -- -j12 -l12
[1.265s] Invoking command in '/home/nishant/Documents/RL_Collision_Avoidance_Project/Collision_Avoidance_WS/build/my_env': CMAKE_PREFIX_PATH=${CMAKE_PREFIX_PATH}:/opt/ros/humble /usr/bin/cmake --install /home/nishant/Documents/RL_Collision_Avoidance_Project/Collision_Avoidance_WS/build/my_env
[1.274s] -- Install configuration: ""
[1.275s] -- Execute custom install script
[1.275s] -- Up-to-date symlink: /home/nishant/Documents/RL_Collision_Avoidance_Project/Collision_Avoidance_WS/install/my_env/share/my_env//launch/robot_state_publisher.launch.py
[1.275s] -- Up-to-date symlink: /home/nishant/Documents/RL_Collision_Avoidance_Project/Collision_Avoidance_WS/install/my_env/share/my_env//launch/spawn_turtlebot3.launch.py
[1.276s] -- Up-to-date symlink: /home/nishant/Documents/RL_Collision_Avoidance_Project/Collision_Avoidance_WS/install/my_env/share/my_env//launch/training_env.launch.py
[1.276s] -- Up-to-date symlink: /home/nishant/Documents/RL_Collision_Avoidance_Project/Collision_Avoidance_WS/install/my_env/share/my_env//urdf/turtlebot3_burger.urdf
[1.277s] -- Up-to-date symlink: /home/nishant/Documents/RL_Collision_Avoidance_Project/Collision_Avoidance_WS/install/my_env/share/my_env//turtlebot3_burger/model-1_4.sdf
[1.277s] -- Up-to-date symlink: /home/nishant/Documents/RL_Collision_Avoidance_Project/Collision_Avoidance_WS/install/my_env/share/my_env//turtlebot3_burger/model.config
[1.277s] -- Up-to-date symlink: /home/nishant/Documents/RL_Collision_Avoidance_Project/Collision_Avoidance_WS/install/my_env/share/my_env//turtlebot3_burger/model.sdf
[1.277s] -- Up-to-date symlink: /home/nishant/Documents/RL_Collision_Avoidance_Project/Collision_Avoidance_WS/install/my_env/share/my_env//turtlebot3_common/meshes/burger_base.dae
[1.277s] -- Up-to-date symlink: /home/nishant/Documents/RL_Collision_Avoidance_Project/Collision_Avoidance_WS/install/my_env/share/my_env//turtlebot3_common/meshes/lds.dae
[1.277s] -- Up-to-date symlink: /home/nishant/Documents/RL_Collision_Avoidance_Project/Collision_Avoidance_WS/install/my_env/share/my_env//turtlebot3_common/meshes/r200.dae
[1.277s] -- Up-to-date symlink: /home/nishant/Documents/RL_Collision_Avoidance_Project/Collision_Avoidance_WS/install/my_env/share/my_env//turtlebot3_common/meshes/tire.dae
[1.277s] -- Up-to-date symlink: /home/nishant/Documents/RL_Collision_Avoidance_Project/Collision_Avoidance_WS/install/my_env/share/my_env//turtlebot3_common/meshes/waffle_base.dae
[1.277s] -- Up-to-date symlink: /home/nishant/Documents/RL_Collision_Avoidance_Project/Collision_Avoidance_WS/install/my_env/share/my_env//turtlebot3_common/meshes/waffle_pi_base.dae
[1.277s] -- Up-to-date symlink: /home/nishant/Documents/RL_Collision_Avoidance_Project/Collision_Avoidance_WS/install/my_env/share/my_env//turtlebot3_common/model.config
[1.278s] -- Up-to-date symlink: /home/nishant/Documents/RL_Collision_Avoidance_Project/Collision_Avoidance_WS/install/my_env/share/my_env//turtlebot3_dqn_world/goal_box/model.config
[1.278s] -- Up-to-date symlink: /home/nishant/Documents/RL_Collision_Avoidance_Project/Collision_Avoidance_WS/install/my_env/share/my_env//turtlebot3_dqn_world/goal_box/model.sdf
[1.278s] -- Up-to-date symlink: /home/nishant/Documents/RL_Collision_Avoidance_Project/Collision_Avoidance_WS/install/my_env/share/my_env//turtlebot3_dqn_world/inner_walls/model.config
[1.278s] -- Up-to-date symlink: /home/nishant/Documents/RL_Collision_Avoidance_Project/Collision_Avoidance_WS/install/my_env/share/my_env//turtlebot3_dqn_world/inner_walls/model.sdf
[1.278s] -- Up-to-date symlink: /home/nishant/Documents/RL_Collision_Avoidance_Project/Collision_Avoidance_WS/install/my_env/share/my_env//turtlebot3_dqn_world/model.config
[1.278s] -- Up-to-date symlink: /home/nishant/Documents/RL_Collision_Avoidance_Project/Collision_Avoidance_WS/install/my_env/share/my_env//turtlebot3_dqn_world/model.sdf
[1.278s] -- Up-to-date symlink: /home/nishant/Documents/RL_Collision_Avoidance_Project/Collision_Avoidance_WS/install/my_env/share/my_env//turtlebot3_dqn_world/obstacle1/model.config
[1.278s] -- Up-to-date symlink: /home/nishant/Documents/RL_Collision_Avoidance_Project/Collision_Avoidance_WS/install/my_env/share/my_env//turtlebot3_dqn_world/obstacle1/model.sdf
[1.278s] -- Up-to-date symlink: /home/nishant/Documents/RL_Collision_Avoidance_Project/Collision_Avoidance_WS/install/my_env/share/my_env//turtlebot3_dqn_world/obstacle2/model.config
[1.278s] -- Up-to-date symlink: /home/nishant/Documents/RL_Collision_Avoidance_Project/Collision_Avoidance_WS/install/my_env/share/my_env//turtlebot3_dqn_world/obstacle2/model.sdf
[1.278s] -- Up-to-date symlink: /home/nishant/Documents/RL_Collision_Avoidance_Project/Collision_Avoidance_WS/install/my_env/share/my_env//turtlebot3_dqn_world/obstacle_plugin/CMakeLists.txt
[1.278s] -- Up-to-date symlink: /home/nishant/Documents/RL_Collision_Avoidance_Project/Collision_Avoidance_WS/install/my_env/share/my_env//turtlebot3_dqn_world/obstacle_plugin/obstacle1.cc
[1.278s] -- Up-to-date symlink: /home/nishant/Documents/RL_Collision_Avoidance_Project/Collision_Avoidance_WS/install/my_env/share/my_env//turtlebot3_dqn_world/obstacle_plugin/obstacle2.cc
[1.279s] -- Up-to-date symlink: /home/nishant/Documents/RL_Collision_Avoidance_Project/Collision_Avoidance_WS/install/my_env/share/my_env//turtlebot3_dqn_world/obstacle_plugin/obstacles.cc
[1.279s] -- Up-to-date symlink: /home/nishant/Documents/RL_Collision_Avoidance_Project/Collision_Avoidance_WS/install/my_env/share/my_env//turtlebot3_dqn_world/obstacles/model.config
[1.279s] -- Up-to-date symlink: /home/nishant/Documents/RL_Collision_Avoidance_Project/Collision_Avoidance_WS/install/my_env/share/my_env//turtlebot3_dqn_world/obstacles/model.sdf
[1.279s] -- Up-to-date symlink: /home/nishant/Documents/RL_Collision_Avoidance_Project/Collision_Avoidance_WS/install/my_env/share/my_env//turtlebot3_house/model.config
[1.279s] -- Up-to-date symlink: /home/nishant/Documents/RL_Collision_Avoidance_Project/Collision_Avoidance_WS/install/my_env/share/my_env//turtlebot3_house/model.sdf
[1.279s] -- Up-to-date symlink: /home/nishant/Documents/RL_Collision_Avoidance_Project/Collision_Avoidance_WS/install/my_env/share/my_env//turtlebot3_waffle/model-1_4.sdf
[1.279s] -- Up-to-date symlink: /home/nishant/Documents/RL_Collision_Avoidance_Project/Collision_Avoidance_WS/install/my_env/share/my_env//turtlebot3_waffle/model.config
[1.279s] -- Up-to-date symlink: /home/nishant/Documents/RL_Collision_Avoidance_Project/Collision_Avoidance_WS/install/my_env/share/my_env//turtlebot3_waffle/model.sdf
[1.279s] -- Up-to-date symlink: /home/nishant/Documents/RL_Collision_Avoidance_Project/Collision_Avoidance_WS/install/my_env/share/my_env//turtlebot3_waffle_pi/model-1_4_.sdf
[1.279s] -- Up-to-date symlink: /home/nishant/Documents/RL_Collision_Avoidance_Project/Collision_Avoidance_WS/install/my_env/share/my_env//turtlebot3_waffle_pi/model.config
[1.279s] -- Up-to-date symlink: /home/nishant/Documents/RL_Collision_Avoidance_Project/Collision_Avoidance_WS/install/my_env/share/my_env//turtlebot3_waffle_pi/model.sdf
[1.279s] -- Up-to-date symlink: /home/nishant/Documents/RL_Collision_Avoidance_Project/Collision_Avoidance_WS/install/my_env/share/my_env//turtlebot3_world/meshes/hexagon.dae
[1.279s] -- Up-to-date symlink: /home/nishant/Documents/RL_Collision_Avoidance_Project/Collision_Avoidance_WS/install/my_env/share/my_env//turtlebot3_world/meshes/wall.dae
[1.280s] -- Up-to-date symlink: /home/nishant/Documents/RL_Collision_Avoidance_Project/Collision_Avoidance_WS/install/my_env/share/my_env//turtlebot3_world/model-1_4.sdf
[1.280s] -- Up-to-date symlink: /home/nishant/Documents/RL_Collision_Avoidance_Project/Collision_Avoidance_WS/install/my_env/share/my_env//turtlebot3_world/model.config
[1.280s] -- Up-to-date symlink: /home/nishant/Documents/RL_Collision_Avoidance_Project/Collision_Avoidance_WS/install/my_env/share/my_env//turtlebot3_world/model.sdf
[1.280s] -- Up-to-date symlink: /home/nishant/Documents/RL_Collision_Avoidance_Project/Collision_Avoidance_WS/install/my_env/share/my_env//worlds/bot_with_people.world
[1.280s] -- Up-to-date symlink: /home/nishant/Documents/RL_Collision_Avoidance_Project/Collision_Avoidance_WS/install/my_env/share/ament_index/resource_index/package_run_dependencies/my_env
[1.280s] -- Up-to-date symlink: /home/nishant/Documents/RL_Collision_Avoidance_Project/Collision_Avoidance_WS/install/my_env/share/ament_index/resource_index/parent_prefix_path/my_env
[1.280s] -- Up-to-date symlink: /home/nishant/Documents/RL_Collision_Avoidance_Project/Collision_Avoidance_WS/install/my_env/share/my_env/environment/ament_prefix_path.sh
[1.280s] -- Up-to-date symlink: /home/nishant/Documents/RL_Collision_Avoidance_Project/Collision_Avoidance_WS/install/my_env/share/my_env/environment/ament_prefix_path.dsv
[1.281s] -- Up-to-date symlink: /home/nishant/Documents/RL_Collision_Avoidance_Project/Collision_Avoidance_WS/install/my_env/share/my_env/environment/path.sh
[1.281s] -- Up-to-date symlink: /home/nishant/Documents/RL_Collision_Avoidance_Project/Collision_Avoidance_WS/install/my_env/share/my_env/environment/path.dsv
[1.281s] -- Up-to-date symlink: /home/nishant/Documents/RL_Collision_Avoidance_Project/Collision_Avoidance_WS/install/my_env/share/my_env/local_setup.bash
[1.281s] -- Up-to-date symlink: /home/nishant/Documents/RL_Collision_Avoidance_Project/Collision_Avoidance_WS/install/my_env/share/my_env/local_setup.sh
[1.281s] -- Up-to-date symlink: /home/nishant/Documents/RL_Collision_Avoidance_Project/Collision_Avoidance_WS/install/my_env/share/my_env/local_setup.zsh
[1.281s] -- Up-to-date symlink: /home/nishant/Documents/RL_Collision_Avoidance_Project/Collision_Avoidance_WS/install/my_env/share/my_env/local_setup.dsv
[1.281s] -- Symlinking: /home/nishant/Documents/RL_Collision_Avoidance_Project/Collision_Avoidance_WS/install/my_env/share/my_env/package.dsv
[1.288s] -- Up-to-date symlink: /home/nishant/Documents/RL_Collision_Avoidance_Project/Collision_Avoidance_WS/install/my_env/share/ament_index/resource_index/packages/my_env
[1.288s] -- Up-to-date symlink: /home/nishant/Documents/RL_Collision_Avoidance_Project/Collision_Avoidance_WS/install/my_env/share/my_env/cmake/my_envConfig.cmake
[1.288s] -- Up-to-date symlink: /home/nishant/Documents/RL_Collision_Avoidance_Project/Collision_Avoidance_WS/install/my_env/share/my_env/cmake/my_envConfig-version.cmake
[1.288s] -- Up-to-date symlink: /home/nishant/Documents/RL_Collision_Avoidance_Project/Collision_Avoidance_WS/install/my_env/share/my_env/package.xml
[1.290s] Invoked command in '/home/nishant/Documents/RL_Collision_Avoidance_Project/Collision_Avoidance_WS/build/my_env' returned '0': CMAKE_PREFIX_PATH=${CMAKE_PREFIX_PATH}:/opt/ros/humble /usr/bin/cmake --install /home/nishant/Documents/RL_Collision_Avoidance_Project/Collision_Avoidance_WS/build/my_env
