[0.011s] Invoking command in '/home/nishant/Documents/RL_Collision_Avoidance_Project/Main/build/turtlebot3_fake_node': CMAKE_PREFIX_PATH=${CMAKE_PREFIX_PATH}:/opt/ros/humble /usr/bin/cmake /home/nishant/Documents/RL_Collision_Avoidance_Project/Main/src/turtlebot3_simulations/turtlebot3_fake_node -DCMAKE_INSTALL_PREFIX=/home/nishant/Documents/RL_Collision_Avoidance_Project/Main/install/turtlebot3_fake_node
[1.990s] -- The C compiler identification is GNU 11.4.0
[3.374s] -- The CXX compiler identification is GNU 11.4.0
[3.649s] -- Detecting C compiler ABI info
[4.309s] -- Detecting C compiler ABI info - done
[4.318s] -- Check for working C compiler: /usr/lib/ccache/cc - skipped
[4.319s] -- Detecting C compile features
[4.336s] -- Detecting C compile features - done
[4.340s] -- Detecting CXX compiler ABI info
[4.678s] -- Detecting CXX compiler ABI info - done
[4.684s] -- Check for working CXX compiler: /usr/lib/ccache/c++ - skipped
[4.684s] -- Detecting CXX compile features
[4.685s] -- Detecting CXX compile features - done
[4.785s] -- Found ament_cmake: 1.3.11 (/opt/ros/humble/share/ament_cmake/cmake)
[5.190s] -- Found Python3: /usr/bin/python3 (found version "3.10.12") found components: Interpreter 
[5.553s] -- Found geometry_msgs: 4.2.4 (/opt/ros/humble/share/geometry_msgs/cmake)
[6.397s] -- Found rosidl_generator_c: 3.1.6 (/opt/ros/humble/share/rosidl_generator_c/cmake)
[6.576s] -- Found rosidl_adapter: 3.1.6 (/opt/ros/humble/share/rosidl_adapter/cmake)
[6.745s] -- Found rosidl_generator_cpp: 3.1.6 (/opt/ros/humble/share/rosidl_generator_cpp/cmake)
[7.036s] -- Using all available rosidl_typesupport_c: rosidl_typesupport_fastrtps_c;rosidl_typesupport_introspection_c
[7.443s] -- Using all available rosidl_typesupport_cpp: rosidl_typesupport_fastrtps_cpp;rosidl_typesupport_introspection_cpp
[7.968s] -- Found nav_msgs: 4.2.4 (/opt/ros/humble/share/nav_msgs/cmake)
[8.157s] -- Found rclcpp: 16.0.11 (/opt/ros/humble/share/rclcpp/cmake)
[8.684s] -- Found rmw_implementation_cmake: 6.1.2 (/opt/ros/humble/share/rmw_implementation_cmake/cmake)
[8.728s] -- Found rmw_fastrtps_cpp: 6.2.7 (/opt/ros/humble/share/rmw_fastrtps_cpp/cmake)
[9.289s] -- Found OpenSSL: /usr/lib/x86_64-linux-gnu/libcrypto.so (found version "3.0.2")  
[9.339s] -- Found FastRTPS: /opt/ros/humble/include  
[9.409s] -- Using RMW implementation 'rmw_fastrtps_cpp' as default
[9.433s] -- Looking for pthread.h
[9.740s] -- Looking for pthread.h - found
[9.740s] -- Performing Test CMAKE_HAVE_LIBC_PTHREAD
[9.933s] -- Performing Test CMAKE_HAVE_LIBC_PTHREAD - Success
[9.935s] -- Found Threads: TRUE  
[10.103s] -- Found sensor_msgs: 4.2.4 (/opt/ros/humble/share/sensor_msgs/cmake)
[10.181s] -- Found tf2: 0.25.9 (/opt/ros/humble/share/tf2/cmake)
[10.354s] -- Found tf2_msgs: 0.25.9 (/opt/ros/humble/share/tf2_msgs/cmake)
[10.558s] -- Found turtlebot3_msgs: 2.2.3 (/opt/ros/humble/share/turtlebot3_msgs/cmake)
[10.686s] -- Configuring done
[10.702s] -- Generating done
[10.705s] -- Build files have been written to: /home/nishant/Documents/RL_Collision_Avoidance_Project/Main/build/turtlebot3_fake_node
[10.713s] Invoked command in '/home/nishant/Documents/RL_Collision_Avoidance_Project/Main/build/turtlebot3_fake_node' returned '0': CMAKE_PREFIX_PATH=${CMAKE_PREFIX_PATH}:/opt/ros/humble /usr/bin/cmake /home/nishant/Documents/RL_Collision_Avoidance_Project/Main/src/turtlebot3_simulations/turtlebot3_fake_node -DCMAKE_INSTALL_PREFIX=/home/nishant/Documents/RL_Collision_Avoidance_Project/Main/install/turtlebot3_fake_node
[10.713s] Invoking command in '/home/nishant/Documents/RL_Collision_Avoidance_Project/Main/build/turtlebot3_fake_node': CMAKE_PREFIX_PATH=${CMAKE_PREFIX_PATH}:/opt/ros/humble /usr/bin/cmake --build /home/nishant/Documents/RL_Collision_Avoidance_Project/Main/build/turtlebot3_fake_node -- -j12 -l12
[10.777s] [ 50%] [32mBuilding CXX object CMakeFiles/turtlebot3_fake_node.dir/src/turtlebot3_fake_node.cpp.o[0m
[18.346s] [100%] [32m[1mLinking CXX executable turtlebot3_fake_node[0m
[20.366s] [100%] Built target turtlebot3_fake_node
[20.374s] Invoked command in '/home/nishant/Documents/RL_Collision_Avoidance_Project/Main/build/turtlebot3_fake_node' returned '0': CMAKE_PREFIX_PATH=${CMAKE_PREFIX_PATH}:/opt/ros/humble /usr/bin/cmake --build /home/nishant/Documents/RL_Collision_Avoidance_Project/Main/build/turtlebot3_fake_node -- -j12 -l12
[20.375s] Invoking command in '/home/nishant/Documents/RL_Collision_Avoidance_Project/Main/build/turtlebot3_fake_node': CMAKE_PREFIX_PATH=${CMAKE_PREFIX_PATH}:/opt/ros/humble /usr/bin/cmake --install /home/nishant/Documents/RL_Collision_Avoidance_Project/Main/build/turtlebot3_fake_node
[20.384s] -- Install configuration: ""
[20.384s] -- Installing: /home/nishant/Documents/RL_Collision_Avoidance_Project/Main/install/turtlebot3_fake_node/lib/turtlebot3_fake_node/turtlebot3_fake_node
[20.387s] -- Set runtime path of "/home/nishant/Documents/RL_Collision_Avoidance_Project/Main/install/turtlebot3_fake_node/lib/turtlebot3_fake_node/turtlebot3_fake_node" to ""
[20.387s] -- Installing: /home/nishant/Documents/RL_Collision_Avoidance_Project/Main/install/turtlebot3_fake_node/share/turtlebot3_fake_node/launch
[20.387s] -- Installing: /home/nishant/Documents/RL_Collision_Avoidance_Project/Main/install/turtlebot3_fake_node/share/turtlebot3_fake_node/launch/rviz2.launch.py
[20.419s] -- Installing: /home/nishant/Documents/RL_Collision_Avoidance_Project/Main/install/turtlebot3_fake_node/share/turtlebot3_fake_node/launch/turtlebot3_fake_node.launch.py
[20.441s] -- Installing: /home/nishant/Documents/RL_Collision_Avoidance_Project/Main/install/turtlebot3_fake_node/share/turtlebot3_fake_node/param
[20.441s] -- Installing: /home/nishant/Documents/RL_Collision_Avoidance_Project/Main/install/turtlebot3_fake_node/share/turtlebot3_fake_node/param/burger.yaml
[20.456s] -- Installing: /home/nishant/Documents/RL_Collision_Avoidance_Project/Main/install/turtlebot3_fake_node/share/turtlebot3_fake_node/param/waffle.yaml
[20.457s] -- Installing: /home/nishant/Documents/RL_Collision_Avoidance_Project/Main/install/turtlebot3_fake_node/share/turtlebot3_fake_node/param/waffle_pi.yaml
[20.468s] -- Installing: /home/nishant/Documents/RL_Collision_Avoidance_Project/Main/install/turtlebot3_fake_node/include/
[20.468s] -- Installing: /home/nishant/Documents/RL_Collision_Avoidance_Project/Main/install/turtlebot3_fake_node/include//turtlebot3_fake_node
[20.469s] -- Installing: /home/nishant/Documents/RL_Collision_Avoidance_Project/Main/install/turtlebot3_fake_node/include//turtlebot3_fake_node/turtlebot3_fake_node.hpp
[20.469s] -- Installing: /home/nishant/Documents/RL_Collision_Avoidance_Project/Main/install/turtlebot3_fake_node/share/ament_index/resource_index/package_run_dependencies/turtlebot3_fake_node
[20.469s] -- Installing: /home/nishant/Documents/RL_Collision_Avoidance_Project/Main/install/turtlebot3_fake_node/share/ament_index/resource_index/parent_prefix_path/turtlebot3_fake_node
[20.469s] -- Installing: /home/nishant/Documents/RL_Collision_Avoidance_Project/Main/install/turtlebot3_fake_node/share/turtlebot3_fake_node/environment/ament_prefix_path.sh
[20.469s] -- Installing: /home/nishant/Documents/RL_Collision_Avoidance_Project/Main/install/turtlebot3_fake_node/share/turtlebot3_fake_node/environment/ament_prefix_path.dsv
[20.469s] -- Installing: /home/nishant/Documents/RL_Collision_Avoidance_Project/Main/install/turtlebot3_fake_node/share/turtlebot3_fake_node/environment/path.sh
[20.469s] -- Installing: /home/nishant/Documents/RL_Collision_Avoidance_Project/Main/install/turtlebot3_fake_node/share/turtlebot3_fake_node/environment/path.dsv
[20.470s] -- Installing: /home/nishant/Documents/RL_Collision_Avoidance_Project/Main/install/turtlebot3_fake_node/share/turtlebot3_fake_node/local_setup.bash
[20.470s] -- Installing: /home/nishant/Documents/RL_Collision_Avoidance_Project/Main/install/turtlebot3_fake_node/share/turtlebot3_fake_node/local_setup.sh
[20.470s] -- Installing: /home/nishant/Documents/RL_Collision_Avoidance_Project/Main/install/turtlebot3_fake_node/share/turtlebot3_fake_node/local_setup.zsh
[20.470s] -- Installing: /home/nishant/Documents/RL_Collision_Avoidance_Project/Main/install/turtlebot3_fake_node/share/turtlebot3_fake_node/local_setup.dsv
[20.470s] -- Installing: /home/nishant/Documents/RL_Collision_Avoidance_Project/Main/install/turtlebot3_fake_node/share/turtlebot3_fake_node/package.dsv
[20.471s] -- Installing: /home/nishant/Documents/RL_Collision_Avoidance_Project/Main/install/turtlebot3_fake_node/share/ament_index/resource_index/packages/turtlebot3_fake_node
[20.471s] -- Installing: /home/nishant/Documents/RL_Collision_Avoidance_Project/Main/install/turtlebot3_fake_node/share/turtlebot3_fake_node/cmake/ament_cmake_export_include_directories-extras.cmake
[20.471s] -- Installing: /home/nishant/Documents/RL_Collision_Avoidance_Project/Main/install/turtlebot3_fake_node/share/turtlebot3_fake_node/cmake/ament_cmake_export_dependencies-extras.cmake
[20.471s] -- Installing: /home/nishant/Documents/RL_Collision_Avoidance_Project/Main/install/turtlebot3_fake_node/share/turtlebot3_fake_node/cmake/turtlebot3_fake_nodeConfig.cmake
[20.471s] -- Installing: /home/nishant/Documents/RL_Collision_Avoidance_Project/Main/install/turtlebot3_fake_node/share/turtlebot3_fake_node/cmake/turtlebot3_fake_nodeConfig-version.cmake
[20.471s] -- Installing: /home/nishant/Documents/RL_Collision_Avoidance_Project/Main/install/turtlebot3_fake_node/share/turtlebot3_fake_node/package.xml
[20.474s] Invoked command in '/home/nishant/Documents/RL_Collision_Avoidance_Project/Main/build/turtlebot3_fake_node' returned '0': CMAKE_PREFIX_PATH=${CMAKE_PREFIX_PATH}:/opt/ros/humble /usr/bin/cmake --install /home/nishant/Documents/RL_Collision_Avoidance_Project/Main/build/turtlebot3_fake_node
