[0.101s] DEBUG:colcon:Command line arguments: ['/usr/bin/colcon', 'build']
[0.101s] DEBUG:colcon:Parsed command line arguments: Namespace(log_base=None, log_level=None, verb_name='build', build_base='build', install_base='install', merge_install=False, symlink_install=False, test_result_base=None, continue_on_error=False, executor='parallel', parallel_workers=12, event_handlers=None, ignore_user_meta=False, metas=['./colcon.meta'], base_paths=['.'], packages_ignore=None, packages_ignore_regex=None, paths=None, packages_up_to=None, packages_up_to_regex=None, packages_above=None, packages_above_and_dependencies=None, packages_above_depth=None, packages_select_by_dep=None, packages_skip_by_dep=None, packages_skip_up_to=None, packages_select_build_failed=False, packages_skip_build_finished=False, packages_select_test_failures=False, packages_skip_test_passed=False, packages_select=None, packages_skip=None, packages_select_regex=None, packages_skip_regex=None, packages_start=None, packages_end=None, allow_overriding=[], cmake_args=None, cmake_target=None, cmake_target_skip_unavailable=False, cmake_clean_cache=False, cmake_clean_first=False, cmake_force_configure=False, ament_cmake_args=None, catkin_cmake_args=None, catkin_skip_building_tests=False, mixin_files=None, mixin=None, verb_parser=<colcon_mixin.mixin.mixin_argument.MixinArgumentDecorator object at 0x7261d6cd8ee0>, verb_extension=<colcon_core.verb.build.BuildVerb object at 0x7261d6eb3250>, main=<bound method BuildVerb.main of <colcon_core.verb.build.BuildVerb object at 0x7261d6eb3250>>, mixin_verb=('build',))
[0.131s] Level 1:colcon.colcon_core.package_discovery:discover_packages(colcon_meta) check parameters
[0.131s] Level 1:colcon.colcon_core.package_discovery:discover_packages(recursive) check parameters
[0.131s] Level 1:colcon.colcon_core.package_discovery:discover_packages(ignore) check parameters
[0.131s] Level 1:colcon.colcon_core.package_discovery:discover_packages(path) check parameters
[0.131s] Level 1:colcon.colcon_core.package_discovery:discover_packages(colcon_meta) discover
[0.131s] Level 1:colcon.colcon_core.package_discovery:discover_packages(recursive) discover
[0.131s] INFO:colcon.colcon_core.package_discovery:Crawling recursively for packages in '/home/nishant/Documents/RL_Collision_Avoidance_Project/Main'
[0.131s] Level 1:colcon.colcon_core.package_identification:_identify(.) by extensions ['ignore', 'ignore_ament_install']
[0.131s] Level 1:colcon.colcon_core.package_identification:_identify(.) by extension 'ignore'
[0.131s] Level 1:colcon.colcon_core.package_identification:_identify(.) by extension 'ignore_ament_install'
[0.132s] Level 1:colcon.colcon_core.package_identification:_identify(.) by extensions ['colcon_pkg']
[0.132s] Level 1:colcon.colcon_core.package_identification:_identify(.) by extension 'colcon_pkg'
[0.132s] Level 1:colcon.colcon_core.package_identification:_identify(.) by extensions ['colcon_meta']
[0.132s] Level 1:colcon.colcon_core.package_identification:_identify(.) by extension 'colcon_meta'
[0.132s] Level 1:colcon.colcon_core.package_identification:_identify(.) by extensions ['ros']
[0.132s] Level 1:colcon.colcon_core.package_identification:_identify(.) by extension 'ros'
[0.143s] Level 1:colcon.colcon_core.package_identification:_identify(.) by extensions ['cmake', 'python']
[0.143s] Level 1:colcon.colcon_core.package_identification:_identify(.) by extension 'cmake'
[0.143s] Level 1:colcon.colcon_core.package_identification:_identify(.) by extension 'python'
[0.143s] Level 1:colcon.colcon_core.package_identification:_identify(.) by extensions ['python_setup_py']
[0.143s] Level 1:colcon.colcon_core.package_identification:_identify(.) by extension 'python_setup_py'
[0.143s] Level 1:colcon.colcon_core.package_identification:_identify(build) by extensions ['ignore', 'ignore_ament_install']
[0.143s] Level 1:colcon.colcon_core.package_identification:_identify(build) by extension 'ignore'
[0.143s] Level 1:colcon.colcon_core.package_identification:_identify(build) ignored
[0.143s] Level 1:colcon.colcon_core.package_identification:_identify(install) by extensions ['ignore', 'ignore_ament_install']
[0.143s] Level 1:colcon.colcon_core.package_identification:_identify(install) by extension 'ignore'
[0.143s] Level 1:colcon.colcon_core.package_identification:_identify(install) ignored
[0.143s] Level 1:colcon.colcon_core.package_identification:_identify(log) by extensions ['ignore', 'ignore_ament_install']
[0.143s] Level 1:colcon.colcon_core.package_identification:_identify(log) by extension 'ignore'
[0.143s] Level 1:colcon.colcon_core.package_identification:_identify(log) ignored
[0.143s] Level 1:colcon.colcon_core.package_identification:_identify(src) by extensions ['ignore', 'ignore_ament_install']
[0.143s] Level 1:colcon.colcon_core.package_identification:_identify(src) by extension 'ignore'
[0.143s] Level 1:colcon.colcon_core.package_identification:_identify(src) by extension 'ignore_ament_install'
[0.144s] Level 1:colcon.colcon_core.package_identification:_identify(src) by extensions ['colcon_pkg']
[0.144s] Level 1:colcon.colcon_core.package_identification:_identify(src) by extension 'colcon_pkg'
[0.144s] Level 1:colcon.colcon_core.package_identification:_identify(src) by extensions ['colcon_meta']
[0.144s] Level 1:colcon.colcon_core.package_identification:_identify(src) by extension 'colcon_meta'
[0.144s] Level 1:colcon.colcon_core.package_identification:_identify(src) by extensions ['ros']
[0.144s] Level 1:colcon.colcon_core.package_identification:_identify(src) by extension 'ros'
[0.144s] Level 1:colcon.colcon_core.package_identification:_identify(src) by extensions ['cmake', 'python']
[0.144s] Level 1:colcon.colcon_core.package_identification:_identify(src) by extension 'cmake'
[0.144s] Level 1:colcon.colcon_core.package_identification:_identify(src) by extension 'python'
[0.144s] Level 1:colcon.colcon_core.package_identification:_identify(src) by extensions ['python_setup_py']
[0.144s] Level 1:colcon.colcon_core.package_identification:_identify(src) by extension 'python_setup_py'
[0.144s] Level 1:colcon.colcon_core.package_identification:_identify(src/Scripts) by extensions ['ignore', 'ignore_ament_install']
[0.144s] Level 1:colcon.colcon_core.package_identification:_identify(src/Scripts) by extension 'ignore'
[0.144s] Level 1:colcon.colcon_core.package_identification:_identify(src/Scripts) by extension 'ignore_ament_install'
[0.144s] Level 1:colcon.colcon_core.package_identification:_identify(src/Scripts) by extensions ['colcon_pkg']
[0.144s] Level 1:colcon.colcon_core.package_identification:_identify(src/Scripts) by extension 'colcon_pkg'
[0.144s] Level 1:colcon.colcon_core.package_identification:_identify(src/Scripts) by extensions ['colcon_meta']
[0.144s] Level 1:colcon.colcon_core.package_identification:_identify(src/Scripts) by extension 'colcon_meta'
[0.144s] Level 1:colcon.colcon_core.package_identification:_identify(src/Scripts) by extensions ['ros']
[0.144s] Level 1:colcon.colcon_core.package_identification:_identify(src/Scripts) by extension 'ros'
[0.144s] Level 1:colcon.colcon_core.package_identification:_identify(src/Scripts) by extensions ['cmake', 'python']
[0.144s] Level 1:colcon.colcon_core.package_identification:_identify(src/Scripts) by extension 'cmake'
[0.144s] Level 1:colcon.colcon_core.package_identification:_identify(src/Scripts) by extension 'python'
[0.144s] Level 1:colcon.colcon_core.package_identification:_identify(src/Scripts) by extensions ['python_setup_py']
[0.144s] Level 1:colcon.colcon_core.package_identification:_identify(src/Scripts) by extension 'python_setup_py'
[0.144s] Level 1:colcon.colcon_core.package_identification:_identify(src/bcr_bot) by extensions ['ignore', 'ignore_ament_install']
[0.144s] Level 1:colcon.colcon_core.package_identification:_identify(src/bcr_bot) by extension 'ignore'
[0.144s] Level 1:colcon.colcon_core.package_identification:_identify(src/bcr_bot) by extension 'ignore_ament_install'
[0.144s] Level 1:colcon.colcon_core.package_identification:_identify(src/bcr_bot) by extensions ['colcon_pkg']
[0.144s] Level 1:colcon.colcon_core.package_identification:_identify(src/bcr_bot) by extension 'colcon_pkg'
[0.144s] Level 1:colcon.colcon_core.package_identification:_identify(src/bcr_bot) by extensions ['colcon_meta']
[0.144s] Level 1:colcon.colcon_core.package_identification:_identify(src/bcr_bot) by extension 'colcon_meta'
[0.144s] Level 1:colcon.colcon_core.package_identification:_identify(src/bcr_bot) by extensions ['ros']
[0.144s] Level 1:colcon.colcon_core.package_identification:_identify(src/bcr_bot) by extension 'ros'
[0.146s] DEBUG:colcon.colcon_core.package_identification:Package 'src/bcr_bot' with type 'ros.ament_cmake' and name 'bcr_bot'
[0.146s] Level 1:colcon.colcon_core.package_discovery:discover_packages(recursive) using defaults
[0.146s] Level 1:colcon.colcon_core.package_discovery:discover_packages(ignore) discover
[0.146s] Level 1:colcon.colcon_core.package_discovery:discover_packages(ignore) using defaults
[0.146s] Level 1:colcon.colcon_core.package_discovery:discover_packages(path) discover
[0.146s] Level 1:colcon.colcon_core.package_discovery:discover_packages(path) using defaults
[0.161s] Level 1:colcon.colcon_core.package_discovery:discover_packages(prefix_path) check parameters
[0.161s] Level 1:colcon.colcon_core.package_discovery:discover_packages(prefix_path) discover
[0.162s] DEBUG:colcon.colcon_installed_package_information.package_discovery:Found 4 installed packages in /home/nishant/Documents/RL_Collision_Avoidance_Project/Main/install
[0.162s] DEBUG:colcon.colcon_installed_package_information.package_discovery:Found 2 installed packages in /home/nishant/Documents/RL_Collision_Avoidance_Project/Collision_Avoidance_WS/install
[0.164s] DEBUG:colcon.colcon_installed_package_information.package_discovery:Found 454 installed packages in /opt/ros/humble
[0.165s] Level 1:colcon.colcon_core.package_discovery:discover_packages(prefix_path) using defaults
[0.211s] Level 5:colcon.colcon_core.verb:set package 'bcr_bot' build argument 'cmake_args' from command line to 'None'
[0.212s] Level 5:colcon.colcon_core.verb:set package 'bcr_bot' build argument 'cmake_target' from command line to 'None'
[0.212s] Level 5:colcon.colcon_core.verb:set package 'bcr_bot' build argument 'cmake_target_skip_unavailable' from command line to 'False'
[0.212s] Level 5:colcon.colcon_core.verb:set package 'bcr_bot' build argument 'cmake_clean_cache' from command line to 'False'
[0.212s] Level 5:colcon.colcon_core.verb:set package 'bcr_bot' build argument 'cmake_clean_first' from command line to 'False'
[0.212s] Level 5:colcon.colcon_core.verb:set package 'bcr_bot' build argument 'cmake_force_configure' from command line to 'False'
[0.212s] Level 5:colcon.colcon_core.verb:set package 'bcr_bot' build argument 'ament_cmake_args' from command line to 'None'
[0.212s] Level 5:colcon.colcon_core.verb:set package 'bcr_bot' build argument 'catkin_cmake_args' from command line to 'None'
[0.212s] Level 5:colcon.colcon_core.verb:set package 'bcr_bot' build argument 'catkin_skip_building_tests' from command line to 'False'
[0.212s] DEBUG:colcon.colcon_core.verb:Building package 'bcr_bot' with the following arguments: {'ament_cmake_args': None, 'build_base': '/home/nishant/Documents/RL_Collision_Avoidance_Project/Main/build/bcr_bot', 'catkin_cmake_args': None, 'catkin_skip_building_tests': False, 'cmake_args': None, 'cmake_clean_cache': False, 'cmake_clean_first': False, 'cmake_force_configure': False, 'cmake_target': None, 'cmake_target_skip_unavailable': False, 'install_base': '/home/nishant/Documents/RL_Collision_Avoidance_Project/Main/install/bcr_bot', 'merge_install': False, 'path': '/home/nishant/Documents/RL_Collision_Avoidance_Project/Main/src/bcr_bot', 'symlink_install': False, 'test_result_base': None}
[0.212s] INFO:colcon.colcon_core.executor:Executing jobs using 'parallel' executor
[0.213s] DEBUG:colcon.colcon_parallel_executor.executor.parallel:run_until_complete
[0.213s] INFO:colcon.colcon_ros.task.ament_cmake.build:Building ROS package in '/home/nishant/Documents/RL_Collision_Avoidance_Project/Main/src/bcr_bot' with build type 'ament_cmake'
[0.213s] INFO:colcon.colcon_cmake.task.cmake.build:Building CMake package in '/home/nishant/Documents/RL_Collision_Avoidance_Project/Main/src/bcr_bot'
[0.214s] INFO:colcon.colcon_core.plugin_system:Skipping extension 'colcon_core.shell.bat': Not used on non-Windows systems
[0.214s] INFO:colcon.colcon_core.shell:Skip shell extension 'powershell' for command environment: Not usable outside of PowerShell
[0.214s] DEBUG:colcon.colcon_core.shell:Skip shell extension 'dsv' for command environment
[0.227s] DEBUG:colcon.colcon_core.event_handler.log_command:Invoking command in '/home/nishant/Documents/RL_Collision_Avoidance_Project/Main/build/bcr_bot': CMAKE_PREFIX_PATH=${CMAKE_PREFIX_PATH}:/opt/ros/humble /usr/bin/cmake --build /home/nishant/Documents/RL_Collision_Avoidance_Project/Main/build/bcr_bot -- -j12 -l12
[0.272s] DEBUG:colcon.colcon_core.event_handler.log_command:Invoked command in '/home/nishant/Documents/RL_Collision_Avoidance_Project/Main/build/bcr_bot' returned '0': CMAKE_PREFIX_PATH=${CMAKE_PREFIX_PATH}:/opt/ros/humble /usr/bin/cmake --build /home/nishant/Documents/RL_Collision_Avoidance_Project/Main/build/bcr_bot -- -j12 -l12
[0.280s] DEBUG:colcon.colcon_core.event_handler.log_command:Invoking command in '/home/nishant/Documents/RL_Collision_Avoidance_Project/Main/build/bcr_bot': CMAKE_PREFIX_PATH=${CMAKE_PREFIX_PATH}:/opt/ros/humble /usr/bin/cmake --install /home/nishant/Documents/RL_Collision_Avoidance_Project/Main/build/bcr_bot
[0.299s] Level 1:colcon.colcon_core.environment:create_environment_scripts_only(bcr_bot)
[0.305s] DEBUG:colcon.colcon_core.event_handler.log_command:Invoked command in '/home/nishant/Documents/RL_Collision_Avoidance_Project/Main/build/bcr_bot' returned '0': CMAKE_PREFIX_PATH=${CMAKE_PREFIX_PATH}:/opt/ros/humble /usr/bin/cmake --install /home/nishant/Documents/RL_Collision_Avoidance_Project/Main/build/bcr_bot
[0.306s] Level 1:colcon.colcon_core.environment:checking '/home/nishant/Documents/RL_Collision_Avoidance_Project/Main/install/bcr_bot' for CMake module files
[0.306s] Level 1:colcon.colcon_core.environment:checking '/home/nishant/Documents/RL_Collision_Avoidance_Project/Main/install/bcr_bot' for CMake config files
[0.306s] Level 1:colcon.colcon_core.shell:create_environment_hook('bcr_bot', 'cmake_prefix_path')
[0.306s] INFO:colcon.colcon_core.shell:Creating environment hook '/home/nishant/Documents/RL_Collision_Avoidance_Project/Main/install/bcr_bot/share/bcr_bot/hook/cmake_prefix_path.ps1'
[0.307s] INFO:colcon.colcon_core.shell:Creating environment descriptor '/home/nishant/Documents/RL_Collision_Avoidance_Project/Main/install/bcr_bot/share/bcr_bot/hook/cmake_prefix_path.dsv'
[0.307s] INFO:colcon.colcon_core.shell:Creating environment hook '/home/nishant/Documents/RL_Collision_Avoidance_Project/Main/install/bcr_bot/share/bcr_bot/hook/cmake_prefix_path.sh'
[0.308s] Level 1:colcon.colcon_core.environment:checking '/home/nishant/Documents/RL_Collision_Avoidance_Project/Main/install/bcr_bot/lib'
[0.308s] Level 1:colcon.colcon_core.environment:checking '/home/nishant/Documents/RL_Collision_Avoidance_Project/Main/install/bcr_bot/bin'
[0.308s] Level 1:colcon.colcon_core.environment:checking '/home/nishant/Documents/RL_Collision_Avoidance_Project/Main/install/bcr_bot/lib/pkgconfig/bcr_bot.pc'
[0.308s] Level 1:colcon.colcon_core.environment:checking '/home/nishant/Documents/RL_Collision_Avoidance_Project/Main/install/bcr_bot/lib/python3.10/site-packages'
[0.308s] Level 1:colcon.colcon_core.environment:checking '/home/nishant/Documents/RL_Collision_Avoidance_Project/Main/install/bcr_bot/bin'
[0.308s] INFO:colcon.colcon_core.shell:Creating package script '/home/nishant/Documents/RL_Collision_Avoidance_Project/Main/install/bcr_bot/share/bcr_bot/package.ps1'
[0.309s] INFO:colcon.colcon_core.shell:Creating package descriptor '/home/nishant/Documents/RL_Collision_Avoidance_Project/Main/install/bcr_bot/share/bcr_bot/package.dsv'
[0.309s] INFO:colcon.colcon_core.shell:Creating package script '/home/nishant/Documents/RL_Collision_Avoidance_Project/Main/install/bcr_bot/share/bcr_bot/package.sh'
[0.310s] INFO:colcon.colcon_core.shell:Creating package script '/home/nishant/Documents/RL_Collision_Avoidance_Project/Main/install/bcr_bot/share/bcr_bot/package.bash'
[0.310s] INFO:colcon.colcon_core.shell:Creating package script '/home/nishant/Documents/RL_Collision_Avoidance_Project/Main/install/bcr_bot/share/bcr_bot/package.zsh'
[0.310s] Level 1:colcon.colcon_core.environment:create_file_with_runtime_dependencies(/home/nishant/Documents/RL_Collision_Avoidance_Project/Main/install/bcr_bot/share/colcon-core/packages/bcr_bot)
[0.311s] Level 1:colcon.colcon_core.environment:create_environment_scripts_only(bcr_bot)
[0.311s] Level 1:colcon.colcon_core.environment:checking '/home/nishant/Documents/RL_Collision_Avoidance_Project/Main/install/bcr_bot' for CMake module files
[0.311s] Level 1:colcon.colcon_core.environment:checking '/home/nishant/Documents/RL_Collision_Avoidance_Project/Main/install/bcr_bot' for CMake config files
[0.311s] Level 1:colcon.colcon_core.shell:create_environment_hook('bcr_bot', 'cmake_prefix_path')
[0.311s] INFO:colcon.colcon_core.shell:Creating environment hook '/home/nishant/Documents/RL_Collision_Avoidance_Project/Main/install/bcr_bot/share/bcr_bot/hook/cmake_prefix_path.ps1'
[0.312s] INFO:colcon.colcon_core.shell:Creating environment descriptor '/home/nishant/Documents/RL_Collision_Avoidance_Project/Main/install/bcr_bot/share/bcr_bot/hook/cmake_prefix_path.dsv'
[0.312s] INFO:colcon.colcon_core.shell:Creating environment hook '/home/nishant/Documents/RL_Collision_Avoidance_Project/Main/install/bcr_bot/share/bcr_bot/hook/cmake_prefix_path.sh'
[0.312s] Level 1:colcon.colcon_core.environment:checking '/home/nishant/Documents/RL_Collision_Avoidance_Project/Main/install/bcr_bot/lib'
[0.312s] Level 1:colcon.colcon_core.environment:checking '/home/nishant/Documents/RL_Collision_Avoidance_Project/Main/install/bcr_bot/bin'
[0.312s] Level 1:colcon.colcon_core.environment:checking '/home/nishant/Documents/RL_Collision_Avoidance_Project/Main/install/bcr_bot/lib/pkgconfig/bcr_bot.pc'
[0.313s] Level 1:colcon.colcon_core.environment:checking '/home/nishant/Documents/RL_Collision_Avoidance_Project/Main/install/bcr_bot/lib/python3.10/site-packages'
[0.313s] Level 1:colcon.colcon_core.environment:checking '/home/nishant/Documents/RL_Collision_Avoidance_Project/Main/install/bcr_bot/bin'
[0.313s] INFO:colcon.colcon_core.shell:Creating package script '/home/nishant/Documents/RL_Collision_Avoidance_Project/Main/install/bcr_bot/share/bcr_bot/package.ps1'
[0.313s] INFO:colcon.colcon_core.shell:Creating package descriptor '/home/nishant/Documents/RL_Collision_Avoidance_Project/Main/install/bcr_bot/share/bcr_bot/package.dsv'
[0.314s] INFO:colcon.colcon_core.shell:Creating package script '/home/nishant/Documents/RL_Collision_Avoidance_Project/Main/install/bcr_bot/share/bcr_bot/package.sh'
[0.314s] INFO:colcon.colcon_core.shell:Creating package script '/home/nishant/Documents/RL_Collision_Avoidance_Project/Main/install/bcr_bot/share/bcr_bot/package.bash'
[0.314s] INFO:colcon.colcon_core.shell:Creating package script '/home/nishant/Documents/RL_Collision_Avoidance_Project/Main/install/bcr_bot/share/bcr_bot/package.zsh'
[0.314s] Level 1:colcon.colcon_core.environment:create_file_with_runtime_dependencies(/home/nishant/Documents/RL_Collision_Avoidance_Project/Main/install/bcr_bot/share/colcon-core/packages/bcr_bot)
[0.315s] DEBUG:colcon.colcon_parallel_executor.executor.parallel:closing loop
[0.315s] DEBUG:colcon.colcon_parallel_executor.executor.parallel:loop closed
[0.315s] DEBUG:colcon.colcon_parallel_executor.executor.parallel:run_until_complete finished with '0'
[0.315s] DEBUG:colcon.colcon_core.event_reactor:joining thread
[0.318s] INFO:colcon.colcon_core.plugin_system:Skipping extension 'colcon_notification.desktop_notification.terminal_notifier': Not used on non-Darwin systems
[0.319s] INFO:colcon.colcon_core.plugin_system:Skipping extension 'colcon_notification.desktop_notification.win32': Not used on non-Windows systems
[0.319s] INFO:colcon.colcon_notification.desktop_notification:Sending desktop notification using 'notify2'
[0.326s] DEBUG:colcon.colcon_core.event_reactor:joined thread
[0.326s] INFO:colcon.colcon_core.shell:Creating prefix script '/home/nishant/Documents/RL_Collision_Avoidance_Project/Main/install/local_setup.ps1'
[0.327s] INFO:colcon.colcon_core.shell:Creating prefix util module '/home/nishant/Documents/RL_Collision_Avoidance_Project/Main/install/_local_setup_util_ps1.py'
[0.329s] INFO:colcon.colcon_core.shell:Creating prefix chain script '/home/nishant/Documents/RL_Collision_Avoidance_Project/Main/install/setup.ps1'
[0.329s] INFO:colcon.colcon_core.shell:Creating prefix script '/home/nishant/Documents/RL_Collision_Avoidance_Project/Main/install/local_setup.sh'
[0.330s] INFO:colcon.colcon_core.shell:Creating prefix util module '/home/nishant/Documents/RL_Collision_Avoidance_Project/Main/install/_local_setup_util_sh.py'
[0.330s] INFO:colcon.colcon_core.shell:Creating prefix chain script '/home/nishant/Documents/RL_Collision_Avoidance_Project/Main/install/setup.sh'
[0.331s] INFO:colcon.colcon_core.shell:Creating prefix script '/home/nishant/Documents/RL_Collision_Avoidance_Project/Main/install/local_setup.bash'
[0.331s] INFO:colcon.colcon_core.shell:Creating prefix chain script '/home/nishant/Documents/RL_Collision_Avoidance_Project/Main/install/setup.bash'
[0.332s] INFO:colcon.colcon_core.shell:Creating prefix script '/home/nishant/Documents/RL_Collision_Avoidance_Project/Main/install/local_setup.zsh'
[0.332s] INFO:colcon.colcon_core.shell:Creating prefix chain script '/home/nishant/Documents/RL_Collision_Avoidance_Project/Main/install/setup.zsh'
