[0.011s] Invoking command in '/home/nishant/Documents/RL_Collision_Avoidance_Project/Main/build/bcr_bot': CMAKE_PREFIX_PATH=${CMAKE_PREFIX_PATH}:/opt/ros/humble /usr/bin/cmake --build /home/nishant/Documents/RL_Collision_Avoidance_Project/Main/build/bcr_bot -- -j12 -l12
[0.152s] Invoked command in '/home/nishant/Documents/RL_Collision_Avoidance_Project/Main/build/bcr_bot' returned '0': CMAKE_PREFIX_PATH=${CMAKE_PREFIX_PATH}:/opt/ros/humble /usr/bin/cmake --build /home/nishant/Documents/RL_Collision_Avoidance_Project/Main/build/bcr_bot -- -j12 -l12
[0.167s] Invoking command in '/home/nishant/Documents/RL_Collision_Avoidance_Project/Main/build/bcr_bot': CMAKE_PREFIX_PATH=${CMAKE_PREFIX_PATH}:/opt/ros/humble /usr/bin/cmake --install /home/nishant/Documents/RL_Collision_Avoidance_Project/Main/build/bcr_bot
[0.179s] -- Install configuration: ""
[0.180s] -- Up-to-date: /home/nishant/Documents/RL_Collision_Avoidance_Project/Main/install/bcr_bot/share/bcr_bot//launch
[0.180s] -- Up-to-date: /home/nishant/Documents/RL_Collision_Avoidance_Project/Main/install/bcr_bot/share/bcr_bot//launch/gz.launch.py
[0.180s] -- Up-to-date: /home/nishant/Documents/RL_Collision_Avoidance_Project/Main/install/bcr_bot/share/bcr_bot//launch/bcr_bot_gz_spawn.launch.py
[0.180s] -- Up-to-date: /home/nishant/Documents/RL_Collision_Avoidance_Project/Main/install/bcr_bot/share/bcr_bot//launch/bcr_bot_ign_spawn.launch.py
[0.181s] -- Installing: /home/nishant/Documents/RL_Collision_Avoidance_Project/Main/install/bcr_bot/share/bcr_bot//launch/gazebo.launch.py
[0.181s] -- Up-to-date: /home/nishant/Documents/RL_Collision_Avoidance_Project/Main/install/bcr_bot/share/bcr_bot//launch/mapping.launch.py
[0.181s] -- Up-to-date: /home/nishant/Documents/RL_Collision_Avoidance_Project/Main/install/bcr_bot/share/bcr_bot//launch/nav2.launch.py
[0.181s] -- Up-to-date: /home/nishant/Documents/RL_Collision_Avoidance_Project/Main/install/bcr_bot/share/bcr_bot//launch/rviz.launch.py
[0.181s] -- Up-to-date: /home/nishant/Documents/RL_Collision_Avoidance_Project/Main/install/bcr_bot/share/bcr_bot//launch/ign.launch.py
[0.181s] -- Up-to-date: /home/nishant/Documents/RL_Collision_Avoidance_Project/Main/install/bcr_bot/share/bcr_bot//launch/bcr_bot_gazebo_spawn.launch.py
[0.182s] -- Up-to-date: /home/nishant/Documents/RL_Collision_Avoidance_Project/Main/install/bcr_bot/share/bcr_bot//meshes
[0.182s] -- Up-to-date: /home/nishant/Documents/RL_Collision_Avoidance_Project/Main/install/bcr_bot/share/bcr_bot//meshes/logo.png
[0.182s] -- Up-to-date: /home/nishant/Documents/RL_Collision_Avoidance_Project/Main/install/bcr_bot/share/bcr_bot//meshes/kinect
[0.182s] -- Up-to-date: /home/nishant/Documents/RL_Collision_Avoidance_Project/Main/install/bcr_bot/share/bcr_bot//meshes/kinect/kinect.jpg
[0.183s] -- Up-to-date: /home/nishant/Documents/RL_Collision_Avoidance_Project/Main/install/bcr_bot/share/bcr_bot//meshes/kinect/d415.dae
[0.183s] -- Up-to-date: /home/nishant/Documents/RL_Collision_Avoidance_Project/Main/install/bcr_bot/share/bcr_bot//meshes/kinect/kinect.tga
[0.183s] -- Up-to-date: /home/nishant/Documents/RL_Collision_Avoidance_Project/Main/install/bcr_bot/share/bcr_bot//meshes/kinect/kinect.dae
[0.183s] -- Up-to-date: /home/nishant/Documents/RL_Collision_Avoidance_Project/Main/install/bcr_bot/share/bcr_bot//meshes/realsense_texture.png
[0.183s] -- Up-to-date: /home/nishant/Documents/RL_Collision_Avoidance_Project/Main/install/bcr_bot/share/bcr_bot//meshes/bcr_bot_mesh.dae
[0.183s] -- Up-to-date: /home/nishant/Documents/RL_Collision_Avoidance_Project/Main/install/bcr_bot/share/bcr_bot//models
[0.184s] -- Up-to-date: /home/nishant/Documents/RL_Collision_Avoidance_Project/Main/install/bcr_bot/share/bcr_bot//models/aws_robomaker_warehouse_Bucket_01
[0.184s] -- Up-to-date: /home/nishant/Documents/RL_Collision_Avoidance_Project/Main/install/bcr_bot/share/bcr_bot//models/aws_robomaker_warehouse_Bucket_01/.DS_Store
[0.184s] -- Up-to-date: /home/nishant/Documents/RL_Collision_Avoidance_Project/Main/install/bcr_bot/share/bcr_bot//models/aws_robomaker_warehouse_Bucket_01/model.sdf
[0.184s] -- Up-to-date: /home/nishant/Documents/RL_Collision_Avoidance_Project/Main/install/bcr_bot/share/bcr_bot//models/aws_robomaker_warehouse_Bucket_01/meshes
[0.184s] -- Up-to-date: /home/nishant/Documents/RL_Collision_Avoidance_Project/Main/install/bcr_bot/share/bcr_bot//models/aws_robomaker_warehouse_Bucket_01/meshes/aws_robomaker_warehouse_Bucket_01_visual.DAE
[0.184s] -- Up-to-date: /home/nishant/Documents/RL_Collision_Avoidance_Project/Main/install/bcr_bot/share/bcr_bot//models/aws_robomaker_warehouse_Bucket_01/meshes/aws_robomaker_warehouse_Bucket_01_collision.DAE
[0.184s] -- Up-to-date: /home/nishant/Documents/RL_Collision_Avoidance_Project/Main/install/bcr_bot/share/bcr_bot//models/aws_robomaker_warehouse_Bucket_01/materials
[0.185s] -- Up-to-date: /home/nishant/Documents/RL_Collision_Avoidance_Project/Main/install/bcr_bot/share/bcr_bot//models/aws_robomaker_warehouse_Bucket_01/materials/.DS_Store
[0.185s] -- Up-to-date: /home/nishant/Documents/RL_Collision_Avoidance_Project/Main/install/bcr_bot/share/bcr_bot//models/aws_robomaker_warehouse_Bucket_01/materials/textures
[0.185s] -- Up-to-date: /home/nishant/Documents/RL_Collision_Avoidance_Project/Main/install/bcr_bot/share/bcr_bot//models/aws_robomaker_warehouse_Bucket_01/materials/textures/aws_robomaker_warehouse_Bucket_01.png
[0.185s] -- Up-to-date: /home/nishant/Documents/RL_Collision_Avoidance_Project/Main/install/bcr_bot/share/bcr_bot//models/aws_robomaker_warehouse_Bucket_01/model.config
[0.185s] -- Up-to-date: /home/nishant/Documents/RL_Collision_Avoidance_Project/Main/install/bcr_bot/share/bcr_bot//models/aws_robomaker_warehouse_ClutteringD_01
[0.185s] -- Up-to-date: /home/nishant/Documents/RL_Collision_Avoidance_Project/Main/install/bcr_bot/share/bcr_bot//models/aws_robomaker_warehouse_ClutteringD_01/model.sdf
[0.185s] -- Up-to-date: /home/nishant/Documents/RL_Collision_Avoidance_Project/Main/install/bcr_bot/share/bcr_bot//models/aws_robomaker_warehouse_ClutteringD_01/meshes
[0.185s] -- Up-to-date: /home/nishant/Documents/RL_Collision_Avoidance_Project/Main/install/bcr_bot/share/bcr_bot//models/aws_robomaker_warehouse_ClutteringD_01/meshes/aws_robomaker_warehouse_ClutteringD_01_collision.DAE
[0.185s] -- Up-to-date: /home/nishant/Documents/RL_Collision_Avoidance_Project/Main/install/bcr_bot/share/bcr_bot//models/aws_robomaker_warehouse_ClutteringD_01/meshes/aws_robomaker_warehouse_ClutteringD_01_visual.DAE
[0.185s] -- Up-to-date: /home/nishant/Documents/RL_Collision_Avoidance_Project/Main/install/bcr_bot/share/bcr_bot//models/aws_robomaker_warehouse_ClutteringD_01/materials
[0.186s] -- Up-to-date: /home/nishant/Documents/RL_Collision_Avoidance_Project/Main/install/bcr_bot/share/bcr_bot//models/aws_robomaker_warehouse_ClutteringD_01/materials/textures
[0.186s] -- Up-to-date: /home/nishant/Documents/RL_Collision_Avoidance_Project/Main/install/bcr_bot/share/bcr_bot//models/aws_robomaker_warehouse_ClutteringD_01/materials/textures/aws_robomaker_warehouse_ClutteringD_02.png
[0.186s] -- Up-to-date: /home/nishant/Documents/RL_Collision_Avoidance_Project/Main/install/bcr_bot/share/bcr_bot//models/aws_robomaker_warehouse_ClutteringD_01/materials/textures/aws_robomaker_warehouse_ClutteringD_01.png
[0.186s] -- Up-to-date: /home/nishant/Documents/RL_Collision_Avoidance_Project/Main/install/bcr_bot/share/bcr_bot//models/aws_robomaker_warehouse_ClutteringD_01/model.config
[0.186s] -- Up-to-date: /home/nishant/Documents/RL_Collision_Avoidance_Project/Main/install/bcr_bot/share/bcr_bot//models/aws_robomaker_warehouse_GroundB_01
[0.186s] -- Up-to-date: /home/nishant/Documents/RL_Collision_Avoidance_Project/Main/install/bcr_bot/share/bcr_bot//models/aws_robomaker_warehouse_GroundB_01/model.sdf
[0.186s] -- Up-to-date: /home/nishant/Documents/RL_Collision_Avoidance_Project/Main/install/bcr_bot/share/bcr_bot//models/aws_robomaker_warehouse_GroundB_01/meshes
[0.187s] -- Up-to-date: /home/nishant/Documents/RL_Collision_Avoidance_Project/Main/install/bcr_bot/share/bcr_bot//models/aws_robomaker_warehouse_GroundB_01/meshes/aws_robomaker_warehouse_GroundB_01_visual.DAE
[0.187s] -- Up-to-date: /home/nishant/Documents/RL_Collision_Avoidance_Project/Main/install/bcr_bot/share/bcr_bot//models/aws_robomaker_warehouse_GroundB_01/meshes/aws_robomaker_warehouse_GroundB_01_collision.DAE
[0.187s] -- Up-to-date: /home/nishant/Documents/RL_Collision_Avoidance_Project/Main/install/bcr_bot/share/bcr_bot//models/aws_robomaker_warehouse_GroundB_01/materials
[0.187s] -- Up-to-date: /home/nishant/Documents/RL_Collision_Avoidance_Project/Main/install/bcr_bot/share/bcr_bot//models/aws_robomaker_warehouse_GroundB_01/materials/textures
[0.187s] -- Up-to-date: /home/nishant/Documents/RL_Collision_Avoidance_Project/Main/install/bcr_bot/share/bcr_bot//models/aws_robomaker_warehouse_GroundB_01/materials/textures/aws_robomaker_warehouse_GroundB_02.png
[0.187s] -- Up-to-date: /home/nishant/Documents/RL_Collision_Avoidance_Project/Main/install/bcr_bot/share/bcr_bot//models/aws_robomaker_warehouse_GroundB_01/materials/textures/aws_robomaker_warehouse_GroundB_01.png
[0.187s] -- Up-to-date: /home/nishant/Documents/RL_Collision_Avoidance_Project/Main/install/bcr_bot/share/bcr_bot//models/aws_robomaker_warehouse_GroundB_01/model.config
[0.188s] -- Up-to-date: /home/nishant/Documents/RL_Collision_Avoidance_Project/Main/install/bcr_bot/share/bcr_bot//models/aws_robomaker_warehouse_ShelfF_01
[0.188s] -- Up-to-date: /home/nishant/Documents/RL_Collision_Avoidance_Project/Main/install/bcr_bot/share/bcr_bot//models/aws_robomaker_warehouse_ShelfF_01/model.sdf
[0.188s] -- Up-to-date: /home/nishant/Documents/RL_Collision_Avoidance_Project/Main/install/bcr_bot/share/bcr_bot//models/aws_robomaker_warehouse_ShelfF_01/meshes
[0.188s] -- Up-to-date: /home/nishant/Documents/RL_Collision_Avoidance_Project/Main/install/bcr_bot/share/bcr_bot//models/aws_robomaker_warehouse_ShelfF_01/meshes/aws_robomaker_warehouse_ShelfF_01_collision.DAE
[0.188s] -- Up-to-date: /home/nishant/Documents/RL_Collision_Avoidance_Project/Main/install/bcr_bot/share/bcr_bot//models/aws_robomaker_warehouse_ShelfF_01/meshes/aws_robomaker_warehouse_ShelfF_01_visual.DAE
[0.188s] -- Up-to-date: /home/nishant/Documents/RL_Collision_Avoidance_Project/Main/install/bcr_bot/share/bcr_bot//models/aws_robomaker_warehouse_ShelfF_01/materials
[0.188s] -- Up-to-date: /home/nishant/Documents/RL_Collision_Avoidance_Project/Main/install/bcr_bot/share/bcr_bot//models/aws_robomaker_warehouse_ShelfF_01/materials/textures
[0.188s] -- Up-to-date: /home/nishant/Documents/RL_Collision_Avoidance_Project/Main/install/bcr_bot/share/bcr_bot//models/aws_robomaker_warehouse_ShelfF_01/materials/textures/aws_robomaker_warehouse_ShelfF_03.png
[0.188s] -- Up-to-date: /home/nishant/Documents/RL_Collision_Avoidance_Project/Main/install/bcr_bot/share/bcr_bot//models/aws_robomaker_warehouse_ShelfF_01/materials/textures/aws_robomaker_warehouse_ShelfF_01.png
[0.188s] -- Up-to-date: /home/nishant/Documents/RL_Collision_Avoidance_Project/Main/install/bcr_bot/share/bcr_bot//models/aws_robomaker_warehouse_ShelfF_01/materials/textures/aws_robomaker_warehouse_ShelfF_02.png
[0.188s] -- Up-to-date: /home/nishant/Documents/RL_Collision_Avoidance_Project/Main/install/bcr_bot/share/bcr_bot//models/aws_robomaker_warehouse_ShelfF_01/model.config
[0.188s] -- Up-to-date: /home/nishant/Documents/RL_Collision_Avoidance_Project/Main/install/bcr_bot/share/bcr_bot//models/aws_robomaker_warehouse_ShelfD_01
[0.188s] -- Up-to-date: /home/nishant/Documents/RL_Collision_Avoidance_Project/Main/install/bcr_bot/share/bcr_bot//models/aws_robomaker_warehouse_ShelfD_01/model.sdf
[0.188s] -- Up-to-date: /home/nishant/Documents/RL_Collision_Avoidance_Project/Main/install/bcr_bot/share/bcr_bot//models/aws_robomaker_warehouse_ShelfD_01/meshes
[0.188s] -- Up-to-date: /home/nishant/Documents/RL_Collision_Avoidance_Project/Main/install/bcr_bot/share/bcr_bot//models/aws_robomaker_warehouse_ShelfD_01/meshes/aws_robomaker_warehouse_ShelfD_01_collision.DAE
[0.189s] -- Up-to-date: /home/nishant/Documents/RL_Collision_Avoidance_Project/Main/install/bcr_bot/share/bcr_bot//models/aws_robomaker_warehouse_ShelfD_01/meshes/aws_robomaker_warehouse_ShelfD_01_visual.DAE
[0.189s] -- Up-to-date: /home/nishant/Documents/RL_Collision_Avoidance_Project/Main/install/bcr_bot/share/bcr_bot//models/aws_robomaker_warehouse_ShelfD_01/materials
[0.189s] -- Up-to-date: /home/nishant/Documents/RL_Collision_Avoidance_Project/Main/install/bcr_bot/share/bcr_bot//models/aws_robomaker_warehouse_ShelfD_01/materials/textures
[0.189s] -- Up-to-date: /home/nishant/Documents/RL_Collision_Avoidance_Project/Main/install/bcr_bot/share/bcr_bot//models/aws_robomaker_warehouse_ShelfD_01/materials/textures/aws_robomaker_warehouse_ShelfD_04.png
[0.189s] -- Up-to-date: /home/nishant/Documents/RL_Collision_Avoidance_Project/Main/install/bcr_bot/share/bcr_bot//models/aws_robomaker_warehouse_ShelfD_01/materials/textures/aws_robomaker_warehouse_ShelfD_02.png
[0.189s] -- Up-to-date: /home/nishant/Documents/RL_Collision_Avoidance_Project/Main/install/bcr_bot/share/bcr_bot//models/aws_robomaker_warehouse_ShelfD_01/materials/textures/aws_robomaker_warehouse_ShelfD_03.png
[0.189s] -- Up-to-date: /home/nishant/Documents/RL_Collision_Avoidance_Project/Main/install/bcr_bot/share/bcr_bot//models/aws_robomaker_warehouse_ShelfD_01/materials/textures/aws_robomaker_warehouse_ShelfD_01.png
[0.189s] -- Up-to-date: /home/nishant/Documents/RL_Collision_Avoidance_Project/Main/install/bcr_bot/share/bcr_bot//models/aws_robomaker_warehouse_ShelfD_01/model.config
[0.189s] -- Up-to-date: /home/nishant/Documents/RL_Collision_Avoidance_Project/Main/install/bcr_bot/share/bcr_bot//models/aws_robomaker_warehouse_PalletJackB_01
[0.189s] -- Up-to-date: /home/nishant/Documents/RL_Collision_Avoidance_Project/Main/install/bcr_bot/share/bcr_bot//models/aws_robomaker_warehouse_PalletJackB_01/.DS_Store
[0.189s] -- Up-to-date: /home/nishant/Documents/RL_Collision_Avoidance_Project/Main/install/bcr_bot/share/bcr_bot//models/aws_robomaker_warehouse_PalletJackB_01/model.sdf
[0.189s] -- Up-to-date: /home/nishant/Documents/RL_Collision_Avoidance_Project/Main/install/bcr_bot/share/bcr_bot//models/aws_robomaker_warehouse_PalletJackB_01/meshes
[0.189s] -- Up-to-date: /home/nishant/Documents/RL_Collision_Avoidance_Project/Main/install/bcr_bot/share/bcr_bot//models/aws_robomaker_warehouse_PalletJackB_01/meshes/aws_robomaker_warehouse_PalletJackB_01_visual.DAE
[0.189s] -- Up-to-date: /home/nishant/Documents/RL_Collision_Avoidance_Project/Main/install/bcr_bot/share/bcr_bot//models/aws_robomaker_warehouse_PalletJackB_01/meshes/aws_robomaker_warehouse_PalletJackB_01_collision.DAE
[0.189s] -- Up-to-date: /home/nishant/Documents/RL_Collision_Avoidance_Project/Main/install/bcr_bot/share/bcr_bot//models/aws_robomaker_warehouse_PalletJackB_01/materials
[0.190s] -- Up-to-date: /home/nishant/Documents/RL_Collision_Avoidance_Project/Main/install/bcr_bot/share/bcr_bot//models/aws_robomaker_warehouse_PalletJackB_01/materials/.DS_Store
[0.190s] -- Up-to-date: /home/nishant/Documents/RL_Collision_Avoidance_Project/Main/install/bcr_bot/share/bcr_bot//models/aws_robomaker_warehouse_PalletJackB_01/materials/textures
[0.190s] -- Up-to-date: /home/nishant/Documents/RL_Collision_Avoidance_Project/Main/install/bcr_bot/share/bcr_bot//models/aws_robomaker_warehouse_PalletJackB_01/materials/textures/aws_robomaker_warehouse_PalletJackB_02.png
[0.190s] -- Up-to-date: /home/nishant/Documents/RL_Collision_Avoidance_Project/Main/install/bcr_bot/share/bcr_bot//models/aws_robomaker_warehouse_PalletJackB_01/materials/textures/aws_robomaker_warehouse_PalletJackB_01.png
[0.190s] -- Up-to-date: /home/nishant/Documents/RL_Collision_Avoidance_Project/Main/install/bcr_bot/share/bcr_bot//models/aws_robomaker_warehouse_PalletJackB_01/model.config
[0.190s] -- Up-to-date: /home/nishant/Documents/RL_Collision_Avoidance_Project/Main/install/bcr_bot/share/bcr_bot//models/aws_robomaker_warehouse_ShelfE_01
[0.190s] -- Up-to-date: /home/nishant/Documents/RL_Collision_Avoidance_Project/Main/install/bcr_bot/share/bcr_bot//models/aws_robomaker_warehouse_ShelfE_01/.DS_Store
[0.190s] -- Up-to-date: /home/nishant/Documents/RL_Collision_Avoidance_Project/Main/install/bcr_bot/share/bcr_bot//models/aws_robomaker_warehouse_ShelfE_01/model.sdf
[0.190s] -- Up-to-date: /home/nishant/Documents/RL_Collision_Avoidance_Project/Main/install/bcr_bot/share/bcr_bot//models/aws_robomaker_warehouse_ShelfE_01/meshes
[0.190s] -- Up-to-date: /home/nishant/Documents/RL_Collision_Avoidance_Project/Main/install/bcr_bot/share/bcr_bot//models/aws_robomaker_warehouse_ShelfE_01/meshes/aws_robomaker_warehouse_ShelfE_01_visual.DAE
[0.190s] -- Up-to-date: /home/nishant/Documents/RL_Collision_Avoidance_Project/Main/install/bcr_bot/share/bcr_bot//models/aws_robomaker_warehouse_ShelfE_01/meshes/aws_robomaker_warehouse_ShelfE_01_collision.DAE
[0.190s] -- Up-to-date: /home/nishant/Documents/RL_Collision_Avoidance_Project/Main/install/bcr_bot/share/bcr_bot//models/aws_robomaker_warehouse_ShelfE_01/materials
[0.190s] -- Up-to-date: /home/nishant/Documents/RL_Collision_Avoidance_Project/Main/install/bcr_bot/share/bcr_bot//models/aws_robomaker_warehouse_ShelfE_01/materials/.DS_Store
[0.190s] -- Up-to-date: /home/nishant/Documents/RL_Collision_Avoidance_Project/Main/install/bcr_bot/share/bcr_bot//models/aws_robomaker_warehouse_ShelfE_01/materials/textures
[0.190s] -- Up-to-date: /home/nishant/Documents/RL_Collision_Avoidance_Project/Main/install/bcr_bot/share/bcr_bot//models/aws_robomaker_warehouse_ShelfE_01/materials/textures/aws_robomaker_warehouse_ShelfE_02.png
[0.190s] -- Up-to-date: /home/nishant/Documents/RL_Collision_Avoidance_Project/Main/install/bcr_bot/share/bcr_bot//models/aws_robomaker_warehouse_ShelfE_01/materials/textures/aws_robomaker_warehouse_ShelfE_03.png
[0.190s] -- Up-to-date: /home/nishant/Documents/RL_Collision_Avoidance_Project/Main/install/bcr_bot/share/bcr_bot//models/aws_robomaker_warehouse_ShelfE_01/materials/textures/aws_robomaker_warehouse_ShelfE_04.png
[0.190s] -- Up-to-date: /home/nishant/Documents/RL_Collision_Avoidance_Project/Main/install/bcr_bot/share/bcr_bot//models/aws_robomaker_warehouse_ShelfE_01/materials/textures/aws_robomaker_warehouse_ShelfE_01.png
[0.190s] -- Up-to-date: /home/nishant/Documents/RL_Collision_Avoidance_Project/Main/install/bcr_bot/share/bcr_bot//models/aws_robomaker_warehouse_ShelfE_01/model.config
[0.191s] -- Up-to-date: /home/nishant/Documents/RL_Collision_Avoidance_Project/Main/install/bcr_bot/share/bcr_bot//models/aws_robomaker_warehouse_Lamp_01
[0.191s] -- Up-to-date: /home/nishant/Documents/RL_Collision_Avoidance_Project/Main/install/bcr_bot/share/bcr_bot//models/aws_robomaker_warehouse_Lamp_01/model.sdf
[0.191s] -- Up-to-date: /home/nishant/Documents/RL_Collision_Avoidance_Project/Main/install/bcr_bot/share/bcr_bot//models/aws_robomaker_warehouse_Lamp_01/meshes
[0.191s] -- Up-to-date: /home/nishant/Documents/RL_Collision_Avoidance_Project/Main/install/bcr_bot/share/bcr_bot//models/aws_robomaker_warehouse_Lamp_01/meshes/aws_robomaker_warehouse_Lamp_01_collision.DAE
[0.191s] -- Up-to-date: /home/nishant/Documents/RL_Collision_Avoidance_Project/Main/install/bcr_bot/share/bcr_bot//models/aws_robomaker_warehouse_Lamp_01/meshes/aws_robomaker_warehouse_Lamp_01_visual.DAE
[0.191s] -- Up-to-date: /home/nishant/Documents/RL_Collision_Avoidance_Project/Main/install/bcr_bot/share/bcr_bot//models/aws_robomaker_warehouse_Lamp_01/materials
[0.191s] -- Up-to-date: /home/nishant/Documents/RL_Collision_Avoidance_Project/Main/install/bcr_bot/share/bcr_bot//models/aws_robomaker_warehouse_Lamp_01/materials/textures
[0.191s] -- Up-to-date: /home/nishant/Documents/RL_Collision_Avoidance_Project/Main/install/bcr_bot/share/bcr_bot//models/aws_robomaker_warehouse_Lamp_01/materials/textures/aws_robomaker_warehouse_Lamp_01.png
[0.191s] -- Up-to-date: /home/nishant/Documents/RL_Collision_Avoidance_Project/Main/install/bcr_bot/share/bcr_bot//models/aws_robomaker_warehouse_Lamp_01/model.config
[0.191s] -- Up-to-date: /home/nishant/Documents/RL_Collision_Avoidance_Project/Main/install/bcr_bot/share/bcr_bot//models/aws_robomaker_warehouse_TrashCanC_01
[0.191s] -- Up-to-date: /home/nishant/Documents/RL_Collision_Avoidance_Project/Main/install/bcr_bot/share/bcr_bot//models/aws_robomaker_warehouse_TrashCanC_01/model.sdf
[0.191s] -- Up-to-date: /home/nishant/Documents/RL_Collision_Avoidance_Project/Main/install/bcr_bot/share/bcr_bot//models/aws_robomaker_warehouse_TrashCanC_01/meshes
[0.191s] -- Up-to-date: /home/nishant/Documents/RL_Collision_Avoidance_Project/Main/install/bcr_bot/share/bcr_bot//models/aws_robomaker_warehouse_TrashCanC_01/meshes/aws_robomaker_warehouse_TrashCanC_01_collision.DAE
[0.191s] -- Up-to-date: /home/nishant/Documents/RL_Collision_Avoidance_Project/Main/install/bcr_bot/share/bcr_bot//models/aws_robomaker_warehouse_TrashCanC_01/meshes/aws_robomaker_warehouse_TrashCanC_01_visual.DAE
[0.191s] -- Up-to-date: /home/nishant/Documents/RL_Collision_Avoidance_Project/Main/install/bcr_bot/share/bcr_bot//models/aws_robomaker_warehouse_TrashCanC_01/materials
[0.191s] -- Up-to-date: /home/nishant/Documents/RL_Collision_Avoidance_Project/Main/install/bcr_bot/share/bcr_bot//models/aws_robomaker_warehouse_TrashCanC_01/materials/textures
[0.191s] -- Up-to-date: /home/nishant/Documents/RL_Collision_Avoidance_Project/Main/install/bcr_bot/share/bcr_bot//models/aws_robomaker_warehouse_TrashCanC_01/materials/textures/aws_robomaker_warehouse_TrashCanC_01.png
[0.191s] -- Up-to-date: /home/nishant/Documents/RL_Collision_Avoidance_Project/Main/install/bcr_bot/share/bcr_bot//models/aws_robomaker_warehouse_TrashCanC_01/model.config
[0.191s] -- Up-to-date: /home/nishant/Documents/RL_Collision_Avoidance_Project/Main/install/bcr_bot/share/bcr_bot//models/aws_robomaker_warehouse_RoofB_01
[0.191s] -- Up-to-date: /home/nishant/Documents/RL_Collision_Avoidance_Project/Main/install/bcr_bot/share/bcr_bot//models/aws_robomaker_warehouse_RoofB_01/model.sdf
[0.191s] -- Up-to-date: /home/nishant/Documents/RL_Collision_Avoidance_Project/Main/install/bcr_bot/share/bcr_bot//models/aws_robomaker_warehouse_RoofB_01/meshes
[0.191s] -- Up-to-date: /home/nishant/Documents/RL_Collision_Avoidance_Project/Main/install/bcr_bot/share/bcr_bot//models/aws_robomaker_warehouse_RoofB_01/meshes/aws_robomaker_warehouse_RoofB_01_visual.DAE
[0.192s] -- Up-to-date: /home/nishant/Documents/RL_Collision_Avoidance_Project/Main/install/bcr_bot/share/bcr_bot//models/aws_robomaker_warehouse_RoofB_01/meshes/aws_robomaker_warehouse_RoofB_01_collision.DAE
[0.192s] -- Up-to-date: /home/nishant/Documents/RL_Collision_Avoidance_Project/Main/install/bcr_bot/share/bcr_bot//models/aws_robomaker_warehouse_RoofB_01/materials
[0.192s] -- Up-to-date: /home/nishant/Documents/RL_Collision_Avoidance_Project/Main/install/bcr_bot/share/bcr_bot//models/aws_robomaker_warehouse_RoofB_01/materials/textures
[0.192s] -- Up-to-date: /home/nishant/Documents/RL_Collision_Avoidance_Project/Main/install/bcr_bot/share/bcr_bot//models/aws_robomaker_warehouse_RoofB_01/materials/textures/aws_robomaker_warehouse_RoofB_01.png
[0.192s] -- Up-to-date: /home/nishant/Documents/RL_Collision_Avoidance_Project/Main/install/bcr_bot/share/bcr_bot//models/aws_robomaker_warehouse_RoofB_01/model.config
[0.192s] -- Up-to-date: /home/nishant/Documents/RL_Collision_Avoidance_Project/Main/install/bcr_bot/share/bcr_bot//models/aws_robomaker_warehouse_ClutteringA_01
[0.192s] -- Up-to-date: /home/nishant/Documents/RL_Collision_Avoidance_Project/Main/install/bcr_bot/share/bcr_bot//models/aws_robomaker_warehouse_ClutteringA_01/.DS_Store
[0.192s] -- Up-to-date: /home/nishant/Documents/RL_Collision_Avoidance_Project/Main/install/bcr_bot/share/bcr_bot//models/aws_robomaker_warehouse_ClutteringA_01/model.sdf
[0.192s] -- Up-to-date: /home/nishant/Documents/RL_Collision_Avoidance_Project/Main/install/bcr_bot/share/bcr_bot//models/aws_robomaker_warehouse_ClutteringA_01/meshes
[0.192s] -- Up-to-date: /home/nishant/Documents/RL_Collision_Avoidance_Project/Main/install/bcr_bot/share/bcr_bot//models/aws_robomaker_warehouse_ClutteringA_01/meshes/aws_robomaker_warehouse_ClutteringA_01_collision.DAE
[0.192s] -- Up-to-date: /home/nishant/Documents/RL_Collision_Avoidance_Project/Main/install/bcr_bot/share/bcr_bot//models/aws_robomaker_warehouse_ClutteringA_01/meshes/aws_robomaker_warehouse_ClutteringA_01_visual.DAE
[0.192s] -- Up-to-date: /home/nishant/Documents/RL_Collision_Avoidance_Project/Main/install/bcr_bot/share/bcr_bot//models/aws_robomaker_warehouse_ClutteringA_01/materials
[0.192s] -- Up-to-date: /home/nishant/Documents/RL_Collision_Avoidance_Project/Main/install/bcr_bot/share/bcr_bot//models/aws_robomaker_warehouse_ClutteringA_01/materials/.DS_Store
[0.192s] -- Up-to-date: /home/nishant/Documents/RL_Collision_Avoidance_Project/Main/install/bcr_bot/share/bcr_bot//models/aws_robomaker_warehouse_ClutteringA_01/materials/textures
[0.192s] -- Up-to-date: /home/nishant/Documents/RL_Collision_Avoidance_Project/Main/install/bcr_bot/share/bcr_bot//models/aws_robomaker_warehouse_ClutteringA_01/materials/textures/.DS_Store
[0.192s] -- Up-to-date: /home/nishant/Documents/RL_Collision_Avoidance_Project/Main/install/bcr_bot/share/bcr_bot//models/aws_robomaker_warehouse_ClutteringA_01/materials/textures/aws_robomaker_warehouse_ClutteringA_01.png
[0.192s] -- Up-to-date: /home/nishant/Documents/RL_Collision_Avoidance_Project/Main/install/bcr_bot/share/bcr_bot//models/aws_robomaker_warehouse_ClutteringA_01/materials/textures/aws_robomaker_warehouse_ClutteringA_02.png
[0.192s] -- Up-to-date: /home/nishant/Documents/RL_Collision_Avoidance_Project/Main/install/bcr_bot/share/bcr_bot//models/aws_robomaker_warehouse_ClutteringA_01/materials/textures/aws_robomaker_warehouse_ClutteringA_03.png
[0.192s] -- Up-to-date: /home/nishant/Documents/RL_Collision_Avoidance_Project/Main/install/bcr_bot/share/bcr_bot//models/aws_robomaker_warehouse_ClutteringA_01/model.config
[0.192s] -- Up-to-date: /home/nishant/Documents/RL_Collision_Avoidance_Project/Main/install/bcr_bot/share/bcr_bot//models/aws_robomaker_warehouse_ClutteringC_01
[0.192s] -- Up-to-date: /home/nishant/Documents/RL_Collision_Avoidance_Project/Main/install/bcr_bot/share/bcr_bot//models/aws_robomaker_warehouse_ClutteringC_01/model.sdf
[0.192s] -- Up-to-date: /home/nishant/Documents/RL_Collision_Avoidance_Project/Main/install/bcr_bot/share/bcr_bot//models/aws_robomaker_warehouse_ClutteringC_01/meshes
[0.193s] -- Up-to-date: /home/nishant/Documents/RL_Collision_Avoidance_Project/Main/install/bcr_bot/share/bcr_bot//models/aws_robomaker_warehouse_ClutteringC_01/meshes/aws_robomaker_warehouse_ClutteringC_01_collision.DAE
[0.193s] -- Up-to-date: /home/nishant/Documents/RL_Collision_Avoidance_Project/Main/install/bcr_bot/share/bcr_bot//models/aws_robomaker_warehouse_ClutteringC_01/meshes/aws_robomaker_warehouse_ClutteringC_01_visual.DAE
[0.193s] -- Up-to-date: /home/nishant/Documents/RL_Collision_Avoidance_Project/Main/install/bcr_bot/share/bcr_bot//models/aws_robomaker_warehouse_ClutteringC_01/materials
[0.193s] -- Up-to-date: /home/nishant/Documents/RL_Collision_Avoidance_Project/Main/install/bcr_bot/share/bcr_bot//models/aws_robomaker_warehouse_ClutteringC_01/materials/textures
[0.193s] -- Up-to-date: /home/nishant/Documents/RL_Collision_Avoidance_Project/Main/install/bcr_bot/share/bcr_bot//models/aws_robomaker_warehouse_ClutteringC_01/materials/textures/aws_robomaker_warehouse_ClutteringC_01.png
[0.193s] -- Up-to-date: /home/nishant/Documents/RL_Collision_Avoidance_Project/Main/install/bcr_bot/share/bcr_bot//models/aws_robomaker_warehouse_ClutteringC_01/materials/textures/aws_robomaker_warehouse_ClutteringC_02.png
[0.193s] -- Up-to-date: /home/nishant/Documents/RL_Collision_Avoidance_Project/Main/install/bcr_bot/share/bcr_bot//models/aws_robomaker_warehouse_ClutteringC_01/model.config
[0.193s] -- Up-to-date: /home/nishant/Documents/RL_Collision_Avoidance_Project/Main/install/bcr_bot/share/bcr_bot//models/aws_robomaker_warehouse_DeskC_01
[0.193s] -- Up-to-date: /home/nishant/Documents/RL_Collision_Avoidance_Project/Main/install/bcr_bot/share/bcr_bot//models/aws_robomaker_warehouse_DeskC_01/model.sdf
[0.193s] -- Up-to-date: /home/nishant/Documents/RL_Collision_Avoidance_Project/Main/install/bcr_bot/share/bcr_bot//models/aws_robomaker_warehouse_DeskC_01/meshes
[0.193s] -- Up-to-date: /home/nishant/Documents/RL_Collision_Avoidance_Project/Main/install/bcr_bot/share/bcr_bot//models/aws_robomaker_warehouse_DeskC_01/meshes/aws_robomaker_warehouse_DeskC_01_collision.DAE
[0.193s] -- Up-to-date: /home/nishant/Documents/RL_Collision_Avoidance_Project/Main/install/bcr_bot/share/bcr_bot//models/aws_robomaker_warehouse_DeskC_01/meshes/aws_robomaker_warehouse_DeskC_01_visual.DAE
[0.193s] -- Up-to-date: /home/nishant/Documents/RL_Collision_Avoidance_Project/Main/install/bcr_bot/share/bcr_bot//models/aws_robomaker_warehouse_DeskC_01/materials
[0.193s] -- Up-to-date: /home/nishant/Documents/RL_Collision_Avoidance_Project/Main/install/bcr_bot/share/bcr_bot//models/aws_robomaker_warehouse_DeskC_01/materials/.DS_Store
[0.193s] -- Up-to-date: /home/nishant/Documents/RL_Collision_Avoidance_Project/Main/install/bcr_bot/share/bcr_bot//models/aws_robomaker_warehouse_DeskC_01/materials/textures
[0.193s] -- Up-to-date: /home/nishant/Documents/RL_Collision_Avoidance_Project/Main/install/bcr_bot/share/bcr_bot//models/aws_robomaker_warehouse_DeskC_01/materials/textures/aws_robomaker_warehouse_DeskC_03.png
[0.193s] -- Up-to-date: /home/nishant/Documents/RL_Collision_Avoidance_Project/Main/install/bcr_bot/share/bcr_bot//models/aws_robomaker_warehouse_DeskC_01/materials/textures/aws_robomaker_warehouse_DeskC_01.png
[0.193s] -- Up-to-date: /home/nishant/Documents/RL_Collision_Avoidance_Project/Main/install/bcr_bot/share/bcr_bot//models/aws_robomaker_warehouse_DeskC_01/materials/textures/aws_robomaker_warehouse_DeskC_03.psd
[0.193s] -- Up-to-date: /home/nishant/Documents/RL_Collision_Avoidance_Project/Main/install/bcr_bot/share/bcr_bot//models/aws_robomaker_warehouse_DeskC_01/materials/textures/aws_robomaker_warehouse_DeskC_04.png
[0.193s] -- Up-to-date: /home/nishant/Documents/RL_Collision_Avoidance_Project/Main/install/bcr_bot/share/bcr_bot//models/aws_robomaker_warehouse_DeskC_01/materials/textures/aws_robomaker_warehouse_DeskC_02.png
[0.193s] -- Up-to-date: /home/nishant/Documents/RL_Collision_Avoidance_Project/Main/install/bcr_bot/share/bcr_bot//models/aws_robomaker_warehouse_DeskC_01/model.config
[0.193s] -- Up-to-date: /home/nishant/Documents/RL_Collision_Avoidance_Project/Main/install/bcr_bot/share/bcr_bot//models/aws_robomaker_warehouse_WallB_01
[0.193s] -- Up-to-date: /home/nishant/Documents/RL_Collision_Avoidance_Project/Main/install/bcr_bot/share/bcr_bot//models/aws_robomaker_warehouse_WallB_01/model.sdf
[0.193s] -- Up-to-date: /home/nishant/Documents/RL_Collision_Avoidance_Project/Main/install/bcr_bot/share/bcr_bot//models/aws_robomaker_warehouse_WallB_01/meshes
[0.193s] -- Up-to-date: /home/nishant/Documents/RL_Collision_Avoidance_Project/Main/install/bcr_bot/share/bcr_bot//models/aws_robomaker_warehouse_WallB_01/meshes/aws_robomaker_warehouse_WallB_01_visual.DAE
[0.193s] -- Up-to-date: /home/nishant/Documents/RL_Collision_Avoidance_Project/Main/install/bcr_bot/share/bcr_bot//models/aws_robomaker_warehouse_WallB_01/meshes/aws_robomaker_warehouse_WallB_01_collision.DAE
[0.193s] -- Up-to-date: /home/nishant/Documents/RL_Collision_Avoidance_Project/Main/install/bcr_bot/share/bcr_bot//models/aws_robomaker_warehouse_WallB_01/materials
[0.194s] -- Up-to-date: /home/nishant/Documents/RL_Collision_Avoidance_Project/Main/install/bcr_bot/share/bcr_bot//models/aws_robomaker_warehouse_WallB_01/materials/textures
[0.194s] -- Up-to-date: /home/nishant/Documents/RL_Collision_Avoidance_Project/Main/install/bcr_bot/share/bcr_bot//models/aws_robomaker_warehouse_WallB_01/materials/textures/aws_robomaker_warehouse_WallB_01.png
[0.194s] -- Up-to-date: /home/nishant/Documents/RL_Collision_Avoidance_Project/Main/install/bcr_bot/share/bcr_bot//models/aws_robomaker_warehouse_WallB_01/model.config
[0.194s] -- Up-to-date: /home/nishant/Documents/RL_Collision_Avoidance_Project/Main/install/bcr_bot/share/bcr_bot//urdf
[0.194s] -- Up-to-date: /home/nishant/Documents/RL_Collision_Avoidance_Project/Main/install/bcr_bot/share/bcr_bot//urdf/gz.xacro
[0.194s] -- Up-to-date: /home/nishant/Documents/RL_Collision_Avoidance_Project/Main/install/bcr_bot/share/bcr_bot//urdf/gazebo.xacro
[0.194s] -- Up-to-date: /home/nishant/Documents/RL_Collision_Avoidance_Project/Main/install/bcr_bot/share/bcr_bot//urdf/ign.xacro
[0.194s] -- Up-to-date: /home/nishant/Documents/RL_Collision_Avoidance_Project/Main/install/bcr_bot/share/bcr_bot//urdf/macros.xacro
[0.194s] -- Up-to-date: /home/nishant/Documents/RL_Collision_Avoidance_Project/Main/install/bcr_bot/share/bcr_bot//urdf/bcr_bot.xacro
[0.194s] -- Up-to-date: /home/nishant/Documents/RL_Collision_Avoidance_Project/Main/install/bcr_bot/share/bcr_bot//urdf/materials.xacro
[0.194s] -- Up-to-date: /home/nishant/Documents/RL_Collision_Avoidance_Project/Main/install/bcr_bot/share/bcr_bot//worlds
[0.194s] -- Installing: /home/nishant/Documents/RL_Collision_Avoidance_Project/Main/install/bcr_bot/share/bcr_bot//worlds/empty.sdf
[0.194s] -- Up-to-date: /home/nishant/Documents/RL_Collision_Avoidance_Project/Main/install/bcr_bot/share/bcr_bot//worlds/small_warehouse.sdf
[0.194s] -- Up-to-date: /home/nishant/Documents/RL_Collision_Avoidance_Project/Main/install/bcr_bot/share/bcr_bot//rviz
[0.194s] -- Up-to-date: /home/nishant/Documents/RL_Collision_Avoidance_Project/Main/install/bcr_bot/share/bcr_bot//rviz/entire_setup.rviz
[0.194s] -- Up-to-date: /home/nishant/Documents/RL_Collision_Avoidance_Project/Main/install/bcr_bot/share/bcr_bot//rviz/map.rviz
[0.194s] -- Up-to-date: /home/nishant/Documents/RL_Collision_Avoidance_Project/Main/install/bcr_bot/share/bcr_bot/config
[0.194s] -- Up-to-date: /home/nishant/Documents/RL_Collision_Avoidance_Project/Main/install/bcr_bot/share/bcr_bot/config/bcr_map.yaml
[0.194s] -- Up-to-date: /home/nishant/Documents/RL_Collision_Avoidance_Project/Main/install/bcr_bot/share/bcr_bot/config/mapper_params_online_async.yaml
[0.194s] -- Up-to-date: /home/nishant/Documents/RL_Collision_Avoidance_Project/Main/install/bcr_bot/share/bcr_bot/config/bcr_map.pgm
[0.194s] -- Up-to-date: /home/nishant/Documents/RL_Collision_Avoidance_Project/Main/install/bcr_bot/share/bcr_bot/config/nav2_params.yaml
[0.194s] -- Up-to-date: /home/nishant/Documents/RL_Collision_Avoidance_Project/Main/install/bcr_bot/lib/bcr_bot/remapper.py
[0.194s] -- Up-to-date: /home/nishant/Documents/RL_Collision_Avoidance_Project/Main/install/bcr_bot/share/ament_index/resource_index/package_run_dependencies/bcr_bot
[0.194s] -- Up-to-date: /home/nishant/Documents/RL_Collision_Avoidance_Project/Main/install/bcr_bot/share/ament_index/resource_index/parent_prefix_path/bcr_bot
[0.194s] -- Up-to-date: /home/nishant/Documents/RL_Collision_Avoidance_Project/Main/install/bcr_bot/share/bcr_bot/environment/ament_prefix_path.sh
[0.194s] -- Up-to-date: /home/nishant/Documents/RL_Collision_Avoidance_Project/Main/install/bcr_bot/share/bcr_bot/environment/ament_prefix_path.dsv
[0.194s] -- Up-to-date: /home/nishant/Documents/RL_Collision_Avoidance_Project/Main/install/bcr_bot/share/bcr_bot/environment/path.sh
[0.195s] -- Up-to-date: /home/nishant/Documents/RL_Collision_Avoidance_Project/Main/install/bcr_bot/share/bcr_bot/environment/path.dsv
[0.195s] -- Up-to-date: /home/nishant/Documents/RL_Collision_Avoidance_Project/Main/install/bcr_bot/share/bcr_bot/local_setup.bash
[0.195s] -- Up-to-date: /home/nishant/Documents/RL_Collision_Avoidance_Project/Main/install/bcr_bot/share/bcr_bot/local_setup.sh
[0.195s] -- Up-to-date: /home/nishant/Documents/RL_Collision_Avoidance_Project/Main/install/bcr_bot/share/bcr_bot/local_setup.zsh
[0.195s] -- Up-to-date: /home/nishant/Documents/RL_Collision_Avoidance_Project/Main/install/bcr_bot/share/bcr_bot/local_setup.dsv
[0.195s] -- Installing: /home/nishant/Documents/RL_Collision_Avoidance_Project/Main/install/bcr_bot/share/bcr_bot/package.dsv
[0.195s] -- Up-to-date: /home/nishant/Documents/RL_Collision_Avoidance_Project/Main/install/bcr_bot/share/ament_index/resource_index/packages/bcr_bot
[0.195s] -- Up-to-date: /home/nishant/Documents/RL_Collision_Avoidance_Project/Main/install/bcr_bot/share/bcr_bot/cmake/bcr_botConfig.cmake
[0.195s] -- Up-to-date: /home/nishant/Documents/RL_Collision_Avoidance_Project/Main/install/bcr_bot/share/bcr_bot/cmake/bcr_botConfig-version.cmake
[0.195s] -- Up-to-date: /home/nishant/Documents/RL_Collision_Avoidance_Project/Main/install/bcr_bot/share/bcr_bot/package.xml
[0.195s] Invoked command in '/home/nishant/Documents/RL_Collision_Avoidance_Project/Main/build/bcr_bot' returned '0': CMAKE_PREFIX_PATH=${CMAKE_PREFIX_PATH}:/opt/ros/humble /usr/bin/cmake --install /home/nishant/Documents/RL_Collision_Avoidance_Project/Main/build/bcr_bot
