[0.013s] Invoking command in '/home/nishant/Documents/RL_Collision_Avoidance_Project/Collision_Avoidance_WS/build/hybrid_rl_training': /usr/bin/cmake /home/nishant/Documents/RL_Collision_Avoidance_Project/Collision_Avoidance_WS/src/DWA-RL/hybrid_rl_training -DCATKIN_INSTALL_INTO_PREFIX_ROOT=0 -DCMAKE_INSTALL_PREFIX=/home/nishant/Documents/RL_Collision_Avoidance_Project/Collision_Avoidance_WS/install/hybrid_rl_training
[0.135s] [0mCMake Deprecation Warning at CMakeLists.txt:1 (cmake_minimum_required):
[0.135s]   Compatibility with CMake < 2.8.12 will be removed from a future version of
[0.135s]   CMake.
[0.135s] 
[0.135s]   Update the VERSION argument <min> value or use a ...<max> suffix to tell
[0.135s]   CMake that the project does not need compatibility with older versions.
[0.135s] 
[0.135s] [0m
[1.356s] -- The C compiler identification is GNU 11.4.0
[2.548s] -- The CXX compiler identification is GNU 11.4.0
[2.736s] -- Detecting C compiler ABI info
[3.076s] -- Detecting C compiler ABI info - done
[3.090s] -- Check for working C compiler: /usr/lib/ccache/cc - skipped
[3.090s] -- Detecting C compile features
[3.090s] -- Detecting C compile features - done
[3.094s] -- Detecting CXX compiler ABI info
[3.413s] -- Detecting CXX compiler ABI info - done
[3.419s] -- Check for working CXX compiler: /usr/lib/ccache/c++ - skipped
[3.419s] -- Detecting CXX compile features
[3.420s] -- Detecting CXX compile features - done
[3.430s] [31mCMake Error at CMakeLists.txt:10 (find_package):
[3.430s]   By not providing "Findcatkin.cmake" in CMAKE_MODULE_PATH this project has
[3.430s]   asked CMake to find a package configuration file provided by "catkin", but
[3.430s]   CMake did not find one.
[3.430s] 
[3.430s]   Could not find a package configuration file provided by "catkin" with any
[3.430s]   of the following names:
[3.430s] 
[3.430s]     catkinConfig.cmake
[3.430s]     catkin-config.cmake
[3.430s] 
[3.430s]   Add the installation prefix of "catkin" to CMAKE_PREFIX_PATH or set
[3.431s]   "catkin_DIR" to a directory containing one of the above files.  If "catkin"
[3.431s]   provides a separate development package or SDK, be sure it has been
[3.431s]   installed.
[3.431s] 
[3.431s] [0m
[3.431s] -- Configuring incomplete, errors occurred!
[3.431s] See also "/home/nishant/Documents/RL_Collision_Avoidance_Project/Collision_Avoidance_WS/build/hybrid_rl_training/CMakeFiles/CMakeOutput.log".
