[0.088s] Invoking command in '/home/nishant/Documents/RL_Collision_Avoidance_Project/Main/build/turtlebot3_fake_node': CMAKE_PREFIX_PATH=/opt/ros/humble /usr/bin/cmake --build /home/nishant/Documents/RL_Collision_Avoidance_Project/Main/build/turtlebot3_fake_node -- -j12 -l12
[3.136s] [100%] Built target turtlebot3_fake_node
[3.323s] Invoked command in '/home/nishant/Documents/RL_Collision_Avoidance_Project/Main/build/turtlebot3_fake_node' returned '0': CMAKE_PREFIX_PATH=/opt/ros/humble /usr/bin/cmake --build /home/nishant/Documents/RL_Collision_Avoidance_Project/Main/build/turtlebot3_fake_node -- -j12 -l12
[3.369s] Invoking command in '/home/nishant/Documents/RL_Collision_Avoidance_Project/Main/build/turtlebot3_fake_node': CMAKE_PREFIX_PATH=/opt/ros/humble /usr/bin/cmake --install /home/nishant/Documents/RL_Collision_Avoidance_Project/Main/build/turtlebot3_fake_node
[3.395s] -- Install configuration: ""
[3.435s] -- Up-to-date: /home/nishant/Documents/RL_Collision_Avoidance_Project/Main/install/turtlebot3_fake_node/lib/turtlebot3_fake_node/turtlebot3_fake_node
[3.471s] -- Up-to-date: /home/nishant/Documents/RL_Collision_Avoidance_Project/Main/install/turtlebot3_fake_node/share/turtlebot3_fake_node/launch
[3.473s] -- Up-to-date: /home/nishant/Documents/RL_Collision_Avoidance_Project/Main/install/turtlebot3_fake_node/share/turtlebot3_fake_node/launch/rviz2.launch.py
[3.473s] -- Up-to-date: /home/nishant/Documents/RL_Collision_Avoidance_Project/Main/install/turtlebot3_fake_node/share/turtlebot3_fake_node/launch/turtlebot3_fake_node.launch.py
[3.473s] -- Up-to-date: /home/nishant/Documents/RL_Collision_Avoidance_Project/Main/install/turtlebot3_fake_node/share/turtlebot3_fake_node/param
[3.491s] -- Up-to-date: /home/nishant/Documents/RL_Collision_Avoidance_Project/Main/install/turtlebot3_fake_node/share/turtlebot3_fake_node/param/burger.yaml
[3.491s] -- Up-to-date: /home/nishant/Documents/RL_Collision_Avoidance_Project/Main/install/turtlebot3_fake_node/share/turtlebot3_fake_node/param/waffle.yaml
[3.492s] -- Up-to-date: /home/nishant/Documents/RL_Collision_Avoidance_Project/Main/install/turtlebot3_fake_node/share/turtlebot3_fake_node/param/waffle_pi.yaml
[3.492s] -- Up-to-date: /home/nishant/Documents/RL_Collision_Avoidance_Project/Main/install/turtlebot3_fake_node/include/
[3.492s] -- Up-to-date: /home/nishant/Documents/RL_Collision_Avoidance_Project/Main/install/turtlebot3_fake_node/include//turtlebot3_fake_node
[3.492s] -- Up-to-date: /home/nishant/Documents/RL_Collision_Avoidance_Project/Main/install/turtlebot3_fake_node/include//turtlebot3_fake_node/turtlebot3_fake_node.hpp
[3.494s] -- Up-to-date: /home/nishant/Documents/RL_Collision_Avoidance_Project/Main/install/turtlebot3_fake_node/share/ament_index/resource_index/package_run_dependencies/turtlebot3_fake_node
[3.519s] -- Up-to-date: /home/nishant/Documents/RL_Collision_Avoidance_Project/Main/install/turtlebot3_fake_node/share/ament_index/resource_index/parent_prefix_path/turtlebot3_fake_node
[3.531s] -- Up-to-date: /home/nishant/Documents/RL_Collision_Avoidance_Project/Main/install/turtlebot3_fake_node/share/turtlebot3_fake_node/environment/ament_prefix_path.sh
[3.531s] -- Up-to-date: /home/nishant/Documents/RL_Collision_Avoidance_Project/Main/install/turtlebot3_fake_node/share/turtlebot3_fake_node/environment/ament_prefix_path.dsv
[3.531s] -- Up-to-date: /home/nishant/Documents/RL_Collision_Avoidance_Project/Main/install/turtlebot3_fake_node/share/turtlebot3_fake_node/environment/path.sh
[3.531s] -- Up-to-date: /home/nishant/Documents/RL_Collision_Avoidance_Project/Main/install/turtlebot3_fake_node/share/turtlebot3_fake_node/environment/path.dsv
[3.531s] -- Up-to-date: /home/nishant/Documents/RL_Collision_Avoidance_Project/Main/install/turtlebot3_fake_node/share/turtlebot3_fake_node/local_setup.bash
[3.531s] -- Up-to-date: /home/nishant/Documents/RL_Collision_Avoidance_Project/Main/install/turtlebot3_fake_node/share/turtlebot3_fake_node/local_setup.sh
[3.531s] -- Up-to-date: /home/nishant/Documents/RL_Collision_Avoidance_Project/Main/install/turtlebot3_fake_node/share/turtlebot3_fake_node/local_setup.zsh
[3.532s] -- Up-to-date: /home/nishant/Documents/RL_Collision_Avoidance_Project/Main/install/turtlebot3_fake_node/share/turtlebot3_fake_node/local_setup.dsv
[3.532s] -- Installing: /home/nishant/Documents/RL_Collision_Avoidance_Project/Main/install/turtlebot3_fake_node/share/turtlebot3_fake_node/package.dsv
[3.562s] -- Up-to-date: /home/nishant/Documents/RL_Collision_Avoidance_Project/Main/install/turtlebot3_fake_node/share/ament_index/resource_index/packages/turtlebot3_fake_node
[3.575s] -- Up-to-date: /home/nishant/Documents/RL_Collision_Avoidance_Project/Main/install/turtlebot3_fake_node/share/turtlebot3_fake_node/cmake/ament_cmake_export_include_directories-extras.cmake
[3.576s] -- Up-to-date: /home/nishant/Documents/RL_Collision_Avoidance_Project/Main/install/turtlebot3_fake_node/share/turtlebot3_fake_node/cmake/ament_cmake_export_dependencies-extras.cmake
[3.576s] -- Up-to-date: /home/nishant/Documents/RL_Collision_Avoidance_Project/Main/install/turtlebot3_fake_node/share/turtlebot3_fake_node/cmake/turtlebot3_fake_nodeConfig.cmake
[3.576s] -- Up-to-date: /home/nishant/Documents/RL_Collision_Avoidance_Project/Main/install/turtlebot3_fake_node/share/turtlebot3_fake_node/cmake/turtlebot3_fake_nodeConfig-version.cmake
[3.576s] -- Up-to-date: /home/nishant/Documents/RL_Collision_Avoidance_Project/Main/install/turtlebot3_fake_node/share/turtlebot3_fake_node/package.xml
[3.581s] Invoked command in '/home/nishant/Documents/RL_Collision_Avoidance_Project/Main/build/turtlebot3_fake_node' returned '0': CMAKE_PREFIX_PATH=/opt/ros/humble /usr/bin/cmake --install /home/nishant/Documents/RL_Collision_Avoidance_Project/Main/build/turtlebot3_fake_node
