[6.647s] DEBUG:colcon:Command line arguments: ['/usr/bin/colcon', 'build']
[6.647s] DEBUG:colcon:Parsed command line arguments: Namespace(log_base=None, log_level=None, verb_name='build', build_base='build', install_base='install', merge_install=False, symlink_install=False, test_result_base=None, continue_on_error=False, executor='parallel', parallel_workers=12, event_handlers=None, ignore_user_meta=False, metas=['./colcon.meta'], base_paths=['.'], packages_ignore=None, packages_ignore_regex=None, paths=None, packages_up_to=None, packages_up_to_regex=None, packages_above=None, packages_above_and_dependencies=None, packages_above_depth=None, packages_select_by_dep=None, packages_skip_by_dep=None, packages_skip_up_to=None, packages_select_build_failed=False, packages_skip_build_finished=False, packages_select_test_failures=False, packages_skip_test_passed=False, packages_select=None, packages_skip=None, packages_select_regex=None, packages_skip_regex=None, packages_start=None, packages_end=None, allow_overriding=[], cmake_args=None, cmake_target=None, cmake_target_skip_unavailable=False, cmake_clean_cache=False, cmake_clean_first=False, cmake_force_configure=False, ament_cmake_args=None, catkin_cmake_args=None, catkin_skip_building_tests=False, mixin_files=None, mixin=None, verb_parser=<colcon_mixin.mixin.mixin_argument.MixinArgumentDecorator object at 0x78ad4a5d0df0>, verb_extension=<colcon_core.verb.build.BuildVerb object at 0x78ad4a7af1c0>, main=<bound method BuildVerb.main of <colcon_core.verb.build.BuildVerb object at 0x78ad4a7af1c0>>, mixin_verb=('build',))
[7.061s] Level 1:colcon.colcon_core.package_discovery:discover_packages(colcon_meta) check parameters
[7.062s] Level 1:colcon.colcon_core.package_discovery:discover_packages(recursive) check parameters
[7.062s] Level 1:colcon.colcon_core.package_discovery:discover_packages(ignore) check parameters
[7.062s] Level 1:colcon.colcon_core.package_discovery:discover_packages(path) check parameters
[7.062s] Level 1:colcon.colcon_core.package_discovery:discover_packages(colcon_meta) discover
[7.062s] Level 1:colcon.colcon_core.package_discovery:discover_packages(recursive) discover
[7.062s] INFO:colcon.colcon_core.package_discovery:Crawling recursively for packages in '/home/nishant/Documents/RL_Collision_Avoidance_Project/Main'
[7.062s] Level 1:colcon.colcon_core.package_identification:_identify(.) by extensions ['ignore', 'ignore_ament_install']
[7.063s] Level 1:colcon.colcon_core.package_identification:_identify(.) by extension 'ignore'
[7.063s] Level 1:colcon.colcon_core.package_identification:_identify(.) by extension 'ignore_ament_install'
[7.063s] Level 1:colcon.colcon_core.package_identification:_identify(.) by extensions ['colcon_pkg']
[7.063s] Level 1:colcon.colcon_core.package_identification:_identify(.) by extension 'colcon_pkg'
[7.063s] Level 1:colcon.colcon_core.package_identification:_identify(.) by extensions ['colcon_meta']
[7.063s] Level 1:colcon.colcon_core.package_identification:_identify(.) by extension 'colcon_meta'
[7.063s] Level 1:colcon.colcon_core.package_identification:_identify(.) by extensions ['ros']
[7.063s] Level 1:colcon.colcon_core.package_identification:_identify(.) by extension 'ros'
[7.149s] Level 1:colcon.colcon_core.package_identification:_identify(.) by extensions ['cmake', 'python']
[7.149s] Level 1:colcon.colcon_core.package_identification:_identify(.) by extension 'cmake'
[7.149s] Level 1:colcon.colcon_core.package_identification:_identify(.) by extension 'python'
[7.149s] Level 1:colcon.colcon_core.package_identification:_identify(.) by extensions ['python_setup_py']
[7.149s] Level 1:colcon.colcon_core.package_identification:_identify(.) by extension 'python_setup_py'
[7.149s] Level 1:colcon.colcon_core.package_identification:_identify(build) by extensions ['ignore', 'ignore_ament_install']
[7.149s] Level 1:colcon.colcon_core.package_identification:_identify(build) by extension 'ignore'
[7.149s] Level 1:colcon.colcon_core.package_identification:_identify(build) ignored
[7.150s] Level 1:colcon.colcon_core.package_identification:_identify(install) by extensions ['ignore', 'ignore_ament_install']
[7.150s] Level 1:colcon.colcon_core.package_identification:_identify(install) by extension 'ignore'
[7.150s] Level 1:colcon.colcon_core.package_identification:_identify(install) ignored
[7.150s] Level 1:colcon.colcon_core.package_identification:_identify(log) by extensions ['ignore', 'ignore_ament_install']
[7.150s] Level 1:colcon.colcon_core.package_identification:_identify(log) by extension 'ignore'
[7.150s] Level 1:colcon.colcon_core.package_identification:_identify(log) ignored
[7.150s] Level 1:colcon.colcon_core.package_identification:_identify(src) by extensions ['ignore', 'ignore_ament_install']
[7.150s] Level 1:colcon.colcon_core.package_identification:_identify(src) by extension 'ignore'
[7.150s] Level 1:colcon.colcon_core.package_identification:_identify(src) by extension 'ignore_ament_install'
[7.150s] Level 1:colcon.colcon_core.package_identification:_identify(src) by extensions ['colcon_pkg']
[7.150s] Level 1:colcon.colcon_core.package_identification:_identify(src) by extension 'colcon_pkg'
[7.150s] Level 1:colcon.colcon_core.package_identification:_identify(src) by extensions ['colcon_meta']
[7.150s] Level 1:colcon.colcon_core.package_identification:_identify(src) by extension 'colcon_meta'
[7.150s] Level 1:colcon.colcon_core.package_identification:_identify(src) by extensions ['ros']
[7.150s] Level 1:colcon.colcon_core.package_identification:_identify(src) by extension 'ros'
[7.150s] Level 1:colcon.colcon_core.package_identification:_identify(src) by extensions ['cmake', 'python']
[7.150s] Level 1:colcon.colcon_core.package_identification:_identify(src) by extension 'cmake'
[7.150s] Level 1:colcon.colcon_core.package_identification:_identify(src) by extension 'python'
[7.151s] Level 1:colcon.colcon_core.package_identification:_identify(src) by extensions ['python_setup_py']
[7.151s] Level 1:colcon.colcon_core.package_identification:_identify(src) by extension 'python_setup_py'
[7.151s] Level 1:colcon.colcon_core.package_identification:_identify(src/bcr_bot) by extensions ['ignore', 'ignore_ament_install']
[7.151s] Level 1:colcon.colcon_core.package_identification:_identify(src/bcr_bot) by extension 'ignore'
[7.151s] Level 1:colcon.colcon_core.package_identification:_identify(src/bcr_bot) by extension 'ignore_ament_install'
[7.151s] Level 1:colcon.colcon_core.package_identification:_identify(src/bcr_bot) by extensions ['colcon_pkg']
[7.151s] Level 1:colcon.colcon_core.package_identification:_identify(src/bcr_bot) by extension 'colcon_pkg'
[7.151s] Level 1:colcon.colcon_core.package_identification:_identify(src/bcr_bot) by extensions ['colcon_meta']
[7.151s] Level 1:colcon.colcon_core.package_identification:_identify(src/bcr_bot) by extension 'colcon_meta'
[7.151s] Level 1:colcon.colcon_core.package_identification:_identify(src/bcr_bot) by extensions ['ros']
[7.151s] Level 1:colcon.colcon_core.package_identification:_identify(src/bcr_bot) by extension 'ros'
[7.185s] DEBUG:colcon.colcon_core.package_identification:Package 'src/bcr_bot' with type 'ros.ament_cmake' and name 'bcr_bot'
[7.185s] Level 1:colcon.colcon_core.package_discovery:discover_packages(recursive) using defaults
[7.185s] Level 1:colcon.colcon_core.package_discovery:discover_packages(ignore) discover
[7.185s] Level 1:colcon.colcon_core.package_discovery:discover_packages(ignore) using defaults
[7.185s] Level 1:colcon.colcon_core.package_discovery:discover_packages(path) discover
[7.185s] Level 1:colcon.colcon_core.package_discovery:discover_packages(path) using defaults
[7.566s] Level 1:colcon.colcon_core.package_discovery:discover_packages(prefix_path) check parameters
[7.566s] Level 1:colcon.colcon_core.package_discovery:discover_packages(prefix_path) discover
[7.586s] DEBUG:colcon.colcon_installed_package_information.package_discovery:Found 456 installed packages in /opt/ros/humble
[7.590s] Level 1:colcon.colcon_core.package_discovery:discover_packages(prefix_path) using defaults
[7.646s] Level 5:colcon.colcon_core.verb:set package 'bcr_bot' build argument 'cmake_args' from command line to 'None'
[7.646s] Level 5:colcon.colcon_core.verb:set package 'bcr_bot' build argument 'cmake_target' from command line to 'None'
[7.646s] Level 5:colcon.colcon_core.verb:set package 'bcr_bot' build argument 'cmake_target_skip_unavailable' from command line to 'False'
[7.646s] Level 5:colcon.colcon_core.verb:set package 'bcr_bot' build argument 'cmake_clean_cache' from command line to 'False'
[7.646s] Level 5:colcon.colcon_core.verb:set package 'bcr_bot' build argument 'cmake_clean_first' from command line to 'False'
[7.646s] Level 5:colcon.colcon_core.verb:set package 'bcr_bot' build argument 'cmake_force_configure' from command line to 'False'
[7.646s] Level 5:colcon.colcon_core.verb:set package 'bcr_bot' build argument 'ament_cmake_args' from command line to 'None'
[7.646s] Level 5:colcon.colcon_core.verb:set package 'bcr_bot' build argument 'catkin_cmake_args' from command line to 'None'
[7.646s] Level 5:colcon.colcon_core.verb:set package 'bcr_bot' build argument 'catkin_skip_building_tests' from command line to 'False'
[7.646s] DEBUG:colcon.colcon_core.verb:Building package 'bcr_bot' with the following arguments: {'ament_cmake_args': None, 'build_base': '/home/nishant/Documents/RL_Collision_Avoidance_Project/Main/build/bcr_bot', 'catkin_cmake_args': None, 'catkin_skip_building_tests': False, 'cmake_args': None, 'cmake_clean_cache': False, 'cmake_clean_first': False, 'cmake_force_configure': False, 'cmake_target': None, 'cmake_target_skip_unavailable': False, 'install_base': '/home/nishant/Documents/RL_Collision_Avoidance_Project/Main/install/bcr_bot', 'merge_install': False, 'path': '/home/nishant/Documents/RL_Collision_Avoidance_Project/Main/src/bcr_bot', 'symlink_install': False, 'test_result_base': None}
[7.646s] INFO:colcon.colcon_core.executor:Executing jobs using 'parallel' executor
[7.647s] DEBUG:colcon.colcon_parallel_executor.executor.parallel:run_until_complete
[7.647s] INFO:colcon.colcon_ros.task.ament_cmake.build:Building ROS package in '/home/nishant/Documents/RL_Collision_Avoidance_Project/Main/src/bcr_bot' with build type 'ament_cmake'
[7.647s] INFO:colcon.colcon_cmake.task.cmake.build:Building CMake package in '/home/nishant/Documents/RL_Collision_Avoidance_Project/Main/src/bcr_bot'
[7.687s] INFO:colcon.colcon_core.plugin_system:Skipping extension 'colcon_core.shell.bat': Not used on non-Windows systems
[7.687s] INFO:colcon.colcon_core.shell:Skip shell extension 'powershell' for command environment: Not usable outside of PowerShell
[7.688s] DEBUG:colcon.colcon_core.shell:Skip shell extension 'dsv' for command environment
[7.719s] DEBUG:colcon.colcon_core.event_handler.log_command:Invoking command in '/home/nishant/Documents/RL_Collision_Avoidance_Project/Main/build/bcr_bot': CMAKE_PREFIX_PATH=/opt/ros/humble /usr/bin/cmake /home/nishant/Documents/RL_Collision_Avoidance_Project/Main/src/bcr_bot -DCMAKE_INSTALL_PREFIX=/home/nishant/Documents/RL_Collision_Avoidance_Project/Main/install/bcr_bot
[12.847s] DEBUG:colcon.colcon_core.event_handler.log_command:Invoked command in '/home/nishant/Documents/RL_Collision_Avoidance_Project/Main/build/bcr_bot' returned '0': CMAKE_PREFIX_PATH=/opt/ros/humble /usr/bin/cmake /home/nishant/Documents/RL_Collision_Avoidance_Project/Main/src/bcr_bot -DCMAKE_INSTALL_PREFIX=/home/nishant/Documents/RL_Collision_Avoidance_Project/Main/install/bcr_bot
[12.849s] DEBUG:colcon.colcon_core.event_handler.log_command:Invoking command in '/home/nishant/Documents/RL_Collision_Avoidance_Project/Main/build/bcr_bot': CMAKE_PREFIX_PATH=/opt/ros/humble /usr/bin/cmake --build /home/nishant/Documents/RL_Collision_Avoidance_Project/Main/build/bcr_bot -- -j12 -l12
[12.897s] DEBUG:colcon.colcon_core.event_handler.log_command:Invoked command in '/home/nishant/Documents/RL_Collision_Avoidance_Project/Main/build/bcr_bot' returned '0': CMAKE_PREFIX_PATH=/opt/ros/humble /usr/bin/cmake --build /home/nishant/Documents/RL_Collision_Avoidance_Project/Main/build/bcr_bot -- -j12 -l12
[12.907s] DEBUG:colcon.colcon_core.event_handler.log_command:Invoking command in '/home/nishant/Documents/RL_Collision_Avoidance_Project/Main/build/bcr_bot': CMAKE_PREFIX_PATH=/opt/ros/humble /usr/bin/cmake --install /home/nishant/Documents/RL_Collision_Avoidance_Project/Main/build/bcr_bot
[12.937s] Level 1:colcon.colcon_core.environment:create_environment_scripts_only(bcr_bot)
[12.937s] DEBUG:colcon.colcon_core.event_handler.log_command:Invoked command in '/home/nishant/Documents/RL_Collision_Avoidance_Project/Main/build/bcr_bot' returned '0': CMAKE_PREFIX_PATH=/opt/ros/humble /usr/bin/cmake --install /home/nishant/Documents/RL_Collision_Avoidance_Project/Main/build/bcr_bot
[13.018s] Level 1:colcon.colcon_core.environment:checking '/home/nishant/Documents/RL_Collision_Avoidance_Project/Main/install/bcr_bot' for CMake module files
[13.019s] Level 1:colcon.colcon_core.environment:checking '/home/nishant/Documents/RL_Collision_Avoidance_Project/Main/install/bcr_bot' for CMake config files
[13.019s] Level 1:colcon.colcon_core.shell:create_environment_hook('bcr_bot', 'cmake_prefix_path')
[13.020s] INFO:colcon.colcon_core.shell:Creating environment hook '/home/nishant/Documents/RL_Collision_Avoidance_Project/Main/install/bcr_bot/share/bcr_bot/hook/cmake_prefix_path.ps1'
[13.033s] INFO:colcon.colcon_core.shell:Creating environment descriptor '/home/nishant/Documents/RL_Collision_Avoidance_Project/Main/install/bcr_bot/share/bcr_bot/hook/cmake_prefix_path.dsv'
[13.050s] INFO:colcon.colcon_core.shell:Creating environment hook '/home/nishant/Documents/RL_Collision_Avoidance_Project/Main/install/bcr_bot/share/bcr_bot/hook/cmake_prefix_path.sh'
[13.053s] Level 1:colcon.colcon_core.environment:checking '/home/nishant/Documents/RL_Collision_Avoidance_Project/Main/install/bcr_bot/lib'
[13.054s] Level 1:colcon.colcon_core.environment:checking '/home/nishant/Documents/RL_Collision_Avoidance_Project/Main/install/bcr_bot/bin'
[13.054s] Level 1:colcon.colcon_core.environment:checking '/home/nishant/Documents/RL_Collision_Avoidance_Project/Main/install/bcr_bot/lib/pkgconfig/bcr_bot.pc'
[13.054s] Level 1:colcon.colcon_core.environment:checking '/home/nishant/Documents/RL_Collision_Avoidance_Project/Main/install/bcr_bot/lib/python3.10/site-packages'
[13.055s] Level 1:colcon.colcon_core.environment:checking '/home/nishant/Documents/RL_Collision_Avoidance_Project/Main/install/bcr_bot/bin'
[13.055s] INFO:colcon.colcon_core.shell:Creating package script '/home/nishant/Documents/RL_Collision_Avoidance_Project/Main/install/bcr_bot/share/bcr_bot/package.ps1'
[13.057s] INFO:colcon.colcon_core.shell:Creating package descriptor '/home/nishant/Documents/RL_Collision_Avoidance_Project/Main/install/bcr_bot/share/bcr_bot/package.dsv'
[13.059s] INFO:colcon.colcon_core.shell:Creating package script '/home/nishant/Documents/RL_Collision_Avoidance_Project/Main/install/bcr_bot/share/bcr_bot/package.sh'
[13.060s] INFO:colcon.colcon_core.shell:Creating package script '/home/nishant/Documents/RL_Collision_Avoidance_Project/Main/install/bcr_bot/share/bcr_bot/package.bash'
[13.061s] INFO:colcon.colcon_core.shell:Creating package script '/home/nishant/Documents/RL_Collision_Avoidance_Project/Main/install/bcr_bot/share/bcr_bot/package.zsh'
[13.075s] Level 1:colcon.colcon_core.environment:create_file_with_runtime_dependencies(/home/nishant/Documents/RL_Collision_Avoidance_Project/Main/install/bcr_bot/share/colcon-core/packages/bcr_bot)
[13.076s] Level 1:colcon.colcon_core.environment:create_environment_scripts_only(bcr_bot)
[13.077s] Level 1:colcon.colcon_core.environment:checking '/home/nishant/Documents/RL_Collision_Avoidance_Project/Main/install/bcr_bot' for CMake module files
[13.078s] Level 1:colcon.colcon_core.environment:checking '/home/nishant/Documents/RL_Collision_Avoidance_Project/Main/install/bcr_bot' for CMake config files
[13.078s] Level 1:colcon.colcon_core.shell:create_environment_hook('bcr_bot', 'cmake_prefix_path')
[13.079s] INFO:colcon.colcon_core.shell:Creating environment hook '/home/nishant/Documents/RL_Collision_Avoidance_Project/Main/install/bcr_bot/share/bcr_bot/hook/cmake_prefix_path.ps1'
[13.079s] INFO:colcon.colcon_core.shell:Creating environment descriptor '/home/nishant/Documents/RL_Collision_Avoidance_Project/Main/install/bcr_bot/share/bcr_bot/hook/cmake_prefix_path.dsv'
[13.080s] INFO:colcon.colcon_core.shell:Creating environment hook '/home/nishant/Documents/RL_Collision_Avoidance_Project/Main/install/bcr_bot/share/bcr_bot/hook/cmake_prefix_path.sh'
[13.081s] Level 1:colcon.colcon_core.environment:checking '/home/nishant/Documents/RL_Collision_Avoidance_Project/Main/install/bcr_bot/lib'
[13.081s] Level 1:colcon.colcon_core.environment:checking '/home/nishant/Documents/RL_Collision_Avoidance_Project/Main/install/bcr_bot/bin'
[13.081s] Level 1:colcon.colcon_core.environment:checking '/home/nishant/Documents/RL_Collision_Avoidance_Project/Main/install/bcr_bot/lib/pkgconfig/bcr_bot.pc'
[13.081s] Level 1:colcon.colcon_core.environment:checking '/home/nishant/Documents/RL_Collision_Avoidance_Project/Main/install/bcr_bot/lib/python3.10/site-packages'
[13.082s] Level 1:colcon.colcon_core.environment:checking '/home/nishant/Documents/RL_Collision_Avoidance_Project/Main/install/bcr_bot/bin'
[13.082s] INFO:colcon.colcon_core.shell:Creating package script '/home/nishant/Documents/RL_Collision_Avoidance_Project/Main/install/bcr_bot/share/bcr_bot/package.ps1'
[13.083s] INFO:colcon.colcon_core.shell:Creating package descriptor '/home/nishant/Documents/RL_Collision_Avoidance_Project/Main/install/bcr_bot/share/bcr_bot/package.dsv'
[13.084s] INFO:colcon.colcon_core.shell:Creating package script '/home/nishant/Documents/RL_Collision_Avoidance_Project/Main/install/bcr_bot/share/bcr_bot/package.sh'
[13.084s] INFO:colcon.colcon_core.shell:Creating package script '/home/nishant/Documents/RL_Collision_Avoidance_Project/Main/install/bcr_bot/share/bcr_bot/package.bash'
[13.085s] INFO:colcon.colcon_core.shell:Creating package script '/home/nishant/Documents/RL_Collision_Avoidance_Project/Main/install/bcr_bot/share/bcr_bot/package.zsh'
[13.085s] Level 1:colcon.colcon_core.environment:create_file_with_runtime_dependencies(/home/nishant/Documents/RL_Collision_Avoidance_Project/Main/install/bcr_bot/share/colcon-core/packages/bcr_bot)
[13.085s] DEBUG:colcon.colcon_parallel_executor.executor.parallel:closing loop
[13.086s] DEBUG:colcon.colcon_parallel_executor.executor.parallel:loop closed
[13.086s] DEBUG:colcon.colcon_parallel_executor.executor.parallel:run_until_complete finished with '0'
[13.086s] DEBUG:colcon.colcon_core.event_reactor:joining thread
[13.110s] INFO:colcon.colcon_core.plugin_system:Skipping extension 'colcon_notification.desktop_notification.terminal_notifier': Not used on non-Darwin systems
[13.111s] INFO:colcon.colcon_core.plugin_system:Skipping extension 'colcon_notification.desktop_notification.win32': Not used on non-Windows systems
[13.111s] INFO:colcon.colcon_notification.desktop_notification:Sending desktop notification using 'notify2'
[13.135s] DEBUG:colcon.colcon_core.event_reactor:joined thread
[13.136s] INFO:colcon.colcon_core.shell:Creating prefix script '/home/nishant/Documents/RL_Collision_Avoidance_Project/Main/install/local_setup.ps1'
[13.151s] INFO:colcon.colcon_core.shell:Creating prefix util module '/home/nishant/Documents/RL_Collision_Avoidance_Project/Main/install/_local_setup_util_ps1.py'
[13.185s] INFO:colcon.colcon_core.shell:Creating prefix chain script '/home/nishant/Documents/RL_Collision_Avoidance_Project/Main/install/setup.ps1'
[13.188s] INFO:colcon.colcon_core.shell:Creating prefix script '/home/nishant/Documents/RL_Collision_Avoidance_Project/Main/install/local_setup.sh'
[13.189s] INFO:colcon.colcon_core.shell:Creating prefix util module '/home/nishant/Documents/RL_Collision_Avoidance_Project/Main/install/_local_setup_util_sh.py'
[13.190s] INFO:colcon.colcon_core.shell:Creating prefix chain script '/home/nishant/Documents/RL_Collision_Avoidance_Project/Main/install/setup.sh'
[13.192s] INFO:colcon.colcon_core.shell:Creating prefix script '/home/nishant/Documents/RL_Collision_Avoidance_Project/Main/install/local_setup.bash'
[13.194s] INFO:colcon.colcon_core.shell:Creating prefix chain script '/home/nishant/Documents/RL_Collision_Avoidance_Project/Main/install/setup.bash'
[13.196s] INFO:colcon.colcon_core.shell:Creating prefix script '/home/nishant/Documents/RL_Collision_Avoidance_Project/Main/install/local_setup.zsh'
[13.198s] INFO:colcon.colcon_core.shell:Creating prefix chain script '/home/nishant/Documents/RL_Collision_Avoidance_Project/Main/install/setup.zsh'
