[0.048s] Invoking command in '/home/nishant/Documents/RL_Collision_Avoidance_Project/Main/build/turtlebot3_fake_node': CMAKE_PREFIX_PATH=/opt/ros/humble /usr/bin/cmake --build /home/nishant/Documents/RL_Collision_Avoidance_Project/Main/build/turtlebot3_fake_node -- -j12 -l12
[2.735s] [100%] Built target turtlebot3_fake_node
[2.752s] Invoked command in '/home/nishant/Documents/RL_Collision_Avoidance_Project/Main/build/turtlebot3_fake_node' returned '0': CMAKE_PREFIX_PATH=/opt/ros/humble /usr/bin/cmake --build /home/nishant/Documents/RL_Collision_Avoidance_Project/Main/build/turtlebot3_fake_node -- -j12 -l12
[2.754s] Invoking command in '/home/nishant/Documents/RL_Collision_Avoidance_Project/Main/build/turtlebot3_fake_node': CMAKE_PREFIX_PATH=/opt/ros/humble /usr/bin/cmake --install /home/nishant/Documents/RL_Collision_Avoidance_Project/Main/build/turtlebot3_fake_node
[2.765s] -- Install configuration: ""
[2.793s] -- Up-to-date: /home/nishant/Documents/RL_Collision_Avoidance_Project/Main/install/turtlebot3_fake_node/lib/turtlebot3_fake_node/turtlebot3_fake_node
[2.793s] -- Up-to-date: /home/nishant/Documents/RL_Collision_Avoidance_Project/Main/install/turtlebot3_fake_node/share/turtlebot3_fake_node/launch
[2.794s] -- Up-to-date: /home/nishant/Documents/RL_Collision_Avoidance_Project/Main/install/turtlebot3_fake_node/share/turtlebot3_fake_node/launch/rviz2.launch.py
[2.794s] -- Up-to-date: /home/nishant/Documents/RL_Collision_Avoidance_Project/Main/install/turtlebot3_fake_node/share/turtlebot3_fake_node/launch/turtlebot3_fake_node.launch.py
[2.795s] -- Up-to-date: /home/nishant/Documents/RL_Collision_Avoidance_Project/Main/install/turtlebot3_fake_node/share/turtlebot3_fake_node/param
[2.795s] -- Up-to-date: /home/nishant/Documents/RL_Collision_Avoidance_Project/Main/install/turtlebot3_fake_node/share/turtlebot3_fake_node/param/burger.yaml
[2.795s] -- Up-to-date: /home/nishant/Documents/RL_Collision_Avoidance_Project/Main/install/turtlebot3_fake_node/share/turtlebot3_fake_node/param/waffle.yaml
[2.795s] -- Up-to-date: /home/nishant/Documents/RL_Collision_Avoidance_Project/Main/install/turtlebot3_fake_node/share/turtlebot3_fake_node/param/waffle_pi.yaml
[2.795s] -- Up-to-date: /home/nishant/Documents/RL_Collision_Avoidance_Project/Main/install/turtlebot3_fake_node/include/
[2.795s] -- Up-to-date: /home/nishant/Documents/RL_Collision_Avoidance_Project/Main/install/turtlebot3_fake_node/include//turtlebot3_fake_node
[2.795s] -- Up-to-date: /home/nishant/Documents/RL_Collision_Avoidance_Project/Main/install/turtlebot3_fake_node/include//turtlebot3_fake_node/turtlebot3_fake_node.hpp
[2.795s] -- Up-to-date: /home/nishant/Documents/RL_Collision_Avoidance_Project/Main/install/turtlebot3_fake_node/share/ament_index/resource_index/package_run_dependencies/turtlebot3_fake_node
[2.796s] -- Up-to-date: /home/nishant/Documents/RL_Collision_Avoidance_Project/Main/install/turtlebot3_fake_node/share/ament_index/resource_index/parent_prefix_path/turtlebot3_fake_node
[2.796s] -- Up-to-date: /home/nishant/Documents/RL_Collision_Avoidance_Project/Main/install/turtlebot3_fake_node/share/turtlebot3_fake_node/environment/ament_prefix_path.sh
[2.796s] -- Up-to-date: /home/nishant/Documents/RL_Collision_Avoidance_Project/Main/install/turtlebot3_fake_node/share/turtlebot3_fake_node/environment/ament_prefix_path.dsv
[2.796s] -- Up-to-date: /home/nishant/Documents/RL_Collision_Avoidance_Project/Main/install/turtlebot3_fake_node/share/turtlebot3_fake_node/environment/path.sh
[2.796s] -- Up-to-date: /home/nishant/Documents/RL_Collision_Avoidance_Project/Main/install/turtlebot3_fake_node/share/turtlebot3_fake_node/environment/path.dsv
[2.796s] -- Up-to-date: /home/nishant/Documents/RL_Collision_Avoidance_Project/Main/install/turtlebot3_fake_node/share/turtlebot3_fake_node/local_setup.bash
[2.796s] -- Up-to-date: /home/nishant/Documents/RL_Collision_Avoidance_Project/Main/install/turtlebot3_fake_node/share/turtlebot3_fake_node/local_setup.sh
[2.796s] -- Up-to-date: /home/nishant/Documents/RL_Collision_Avoidance_Project/Main/install/turtlebot3_fake_node/share/turtlebot3_fake_node/local_setup.zsh
[2.796s] -- Up-to-date: /home/nishant/Documents/RL_Collision_Avoidance_Project/Main/install/turtlebot3_fake_node/share/turtlebot3_fake_node/local_setup.dsv
[2.796s] -- Installing: /home/nishant/Documents/RL_Collision_Avoidance_Project/Main/install/turtlebot3_fake_node/share/turtlebot3_fake_node/package.dsv
[2.796s] -- Up-to-date: /home/nishant/Documents/RL_Collision_Avoidance_Project/Main/install/turtlebot3_fake_node/share/ament_index/resource_index/packages/turtlebot3_fake_node
[2.797s] -- Up-to-date: /home/nishant/Documents/RL_Collision_Avoidance_Project/Main/install/turtlebot3_fake_node/share/turtlebot3_fake_node/cmake/ament_cmake_export_include_directories-extras.cmake
[2.797s] -- Up-to-date: /home/nishant/Documents/RL_Collision_Avoidance_Project/Main/install/turtlebot3_fake_node/share/turtlebot3_fake_node/cmake/ament_cmake_export_dependencies-extras.cmake
[2.797s] -- Up-to-date: /home/nishant/Documents/RL_Collision_Avoidance_Project/Main/install/turtlebot3_fake_node/share/turtlebot3_fake_node/cmake/turtlebot3_fake_nodeConfig.cmake
[2.797s] -- Up-to-date: /home/nishant/Documents/RL_Collision_Avoidance_Project/Main/install/turtlebot3_fake_node/share/turtlebot3_fake_node/cmake/turtlebot3_fake_nodeConfig-version.cmake
[2.797s] -- Up-to-date: /home/nishant/Documents/RL_Collision_Avoidance_Project/Main/install/turtlebot3_fake_node/share/turtlebot3_fake_node/package.xml
[2.799s] Invoked command in '/home/nishant/Documents/RL_Collision_Avoidance_Project/Main/build/turtlebot3_fake_node' returned '0': CMAKE_PREFIX_PATH=/opt/ros/humble /usr/bin/cmake --install /home/nishant/Documents/RL_Collision_Avoidance_Project/Main/build/turtlebot3_fake_node
