[0.012s] Invoking command in '/home/nishant/Documents/RL_Collision_Avoidance_Project/Main/build/turtlebot3_simulations': CMAKE_PREFIX_PATH=/home/nishant/Documents/RL_Collision_Avoidance_Project/Main/install/turtlebot3_gazebo:/home/nishant/Documents/RL_Collision_Avoidance_Project/Main/install/turtlebot3_fake_node:/home/nishant/Documents/RL_Collision_Avoidance_Project/Main/install/turtlebot3_simulations:/home/nishant/Documents/RL_Collision_Avoidance_Project/Main/install/bcr_bot:/opt/ros/humble /usr/bin/cmake /home/nishant/Documents/RL_Collision_Avoidance_Project/Main/src/turtlebot3_simulations/turtlebot3_simulations -DCMAKE_INSTALL_PREFIX=/home/nishant/Documents/RL_Collision_Avoidance_Project/Main/install/turtlebot3_simulations
[0.146s] -- The C compiler identification is GNU 11.4.0
[0.458s] -- The CXX compiler identification is GNU 11.4.0
[0.545s] -- Detecting C compiler ABI info
[0.753s] -- Detecting C compiler ABI info - done
[0.763s] -- Check for working C compiler: /usr/lib/ccache/cc - skipped
[0.763s] -- Detecting C compile features
[0.764s] -- Detecting C compile features - done
[0.767s] -- Detecting CXX compiler ABI info
[0.909s] -- Detecting CXX compiler ABI info - done
[0.914s] -- Check for working CXX compiler: /usr/lib/ccache/c++ - skipped
[0.914s] -- Detecting CXX compile features
[0.915s] -- Detecting CXX compile features - done
[0.916s] -- Found ament_cmake: 1.3.11 (/opt/ros/humble/share/ament_cmake/cmake)
[1.194s] -- Found Python3: /usr/bin/python3 (found version "3.10.12") found components: Interpreter 
[1.313s] -- Configuring done
[1.315s] -- Generating done
[1.315s] -- Build files have been written to: /home/nishant/Documents/RL_Collision_Avoidance_Project/Main/build/turtlebot3_simulations
[1.319s] Invoked command in '/home/nishant/Documents/RL_Collision_Avoidance_Project/Main/build/turtlebot3_simulations' returned '0': CMAKE_PREFIX_PATH=/home/nishant/Documents/RL_Collision_Avoidance_Project/Main/install/turtlebot3_gazebo:/home/nishant/Documents/RL_Collision_Avoidance_Project/Main/install/turtlebot3_fake_node:/home/nishant/Documents/RL_Collision_Avoidance_Project/Main/install/turtlebot3_simulations:/home/nishant/Documents/RL_Collision_Avoidance_Project/Main/install/bcr_bot:/opt/ros/humble /usr/bin/cmake /home/nishant/Documents/RL_Collision_Avoidance_Project/Main/src/turtlebot3_simulations/turtlebot3_simulations -DCMAKE_INSTALL_PREFIX=/home/nishant/Documents/RL_Collision_Avoidance_Project/Main/install/turtlebot3_simulations
[1.319s] Invoking command in '/home/nishant/Documents/RL_Collision_Avoidance_Project/Main/build/turtlebot3_simulations': CMAKE_PREFIX_PATH=/home/nishant/Documents/RL_Collision_Avoidance_Project/Main/install/turtlebot3_gazebo:/home/nishant/Documents/RL_Collision_Avoidance_Project/Main/install/turtlebot3_fake_node:/home/nishant/Documents/RL_Collision_Avoidance_Project/Main/install/turtlebot3_simulations:/home/nishant/Documents/RL_Collision_Avoidance_Project/Main/install/bcr_bot:/opt/ros/humble /usr/bin/cmake --build /home/nishant/Documents/RL_Collision_Avoidance_Project/Main/build/turtlebot3_simulations -- -j12 -l12
[1.364s] Invoked command in '/home/nishant/Documents/RL_Collision_Avoidance_Project/Main/build/turtlebot3_simulations' returned '0': CMAKE_PREFIX_PATH=/home/nishant/Documents/RL_Collision_Avoidance_Project/Main/install/turtlebot3_gazebo:/home/nishant/Documents/RL_Collision_Avoidance_Project/Main/install/turtlebot3_fake_node:/home/nishant/Documents/RL_Collision_Avoidance_Project/Main/install/turtlebot3_simulations:/home/nishant/Documents/RL_Collision_Avoidance_Project/Main/install/bcr_bot:/opt/ros/humble /usr/bin/cmake --build /home/nishant/Documents/RL_Collision_Avoidance_Project/Main/build/turtlebot3_simulations -- -j12 -l12
[1.366s] Invoking command in '/home/nishant/Documents/RL_Collision_Avoidance_Project/Main/build/turtlebot3_simulations': CMAKE_PREFIX_PATH=/home/nishant/Documents/RL_Collision_Avoidance_Project/Main/install/turtlebot3_gazebo:/home/nishant/Documents/RL_Collision_Avoidance_Project/Main/install/turtlebot3_fake_node:/home/nishant/Documents/RL_Collision_Avoidance_Project/Main/install/turtlebot3_simulations:/home/nishant/Documents/RL_Collision_Avoidance_Project/Main/install/bcr_bot:/opt/ros/humble /usr/bin/cmake --install /home/nishant/Documents/RL_Collision_Avoidance_Project/Main/build/turtlebot3_simulations
[1.376s] -- Install configuration: ""
[1.376s] -- Installing: /home/nishant/Documents/RL_Collision_Avoidance_Project/Main/install/turtlebot3_simulations/share/ament_index/resource_index/package_run_dependencies/turtlebot3_simulations
[1.376s] -- Installing: /home/nishant/Documents/RL_Collision_Avoidance_Project/Main/install/turtlebot3_simulations/share/ament_index/resource_index/parent_prefix_path/turtlebot3_simulations
[1.376s] -- Installing: /home/nishant/Documents/RL_Collision_Avoidance_Project/Main/install/turtlebot3_simulations/share/turtlebot3_simulations/environment/ament_prefix_path.sh
[1.376s] -- Installing: /home/nishant/Documents/RL_Collision_Avoidance_Project/Main/install/turtlebot3_simulations/share/turtlebot3_simulations/environment/ament_prefix_path.dsv
[1.376s] -- Installing: /home/nishant/Documents/RL_Collision_Avoidance_Project/Main/install/turtlebot3_simulations/share/turtlebot3_simulations/environment/path.sh
[1.376s] -- Installing: /home/nishant/Documents/RL_Collision_Avoidance_Project/Main/install/turtlebot3_simulations/share/turtlebot3_simulations/environment/path.dsv
[1.376s] -- Installing: /home/nishant/Documents/RL_Collision_Avoidance_Project/Main/install/turtlebot3_simulations/share/turtlebot3_simulations/local_setup.bash
[1.377s] -- Installing: /home/nishant/Documents/RL_Collision_Avoidance_Project/Main/install/turtlebot3_simulations/share/turtlebot3_simulations/local_setup.sh
[1.377s] -- Installing: /home/nishant/Documents/RL_Collision_Avoidance_Project/Main/install/turtlebot3_simulations/share/turtlebot3_simulations/local_setup.zsh
[1.377s] -- Installing: /home/nishant/Documents/RL_Collision_Avoidance_Project/Main/install/turtlebot3_simulations/share/turtlebot3_simulations/local_setup.dsv
[1.377s] -- Installing: /home/nishant/Documents/RL_Collision_Avoidance_Project/Main/install/turtlebot3_simulations/share/turtlebot3_simulations/package.dsv
[1.377s] -- Installing: /home/nishant/Documents/RL_Collision_Avoidance_Project/Main/install/turtlebot3_simulations/share/ament_index/resource_index/packages/turtlebot3_simulations
[1.377s] -- Installing: /home/nishant/Documents/RL_Collision_Avoidance_Project/Main/install/turtlebot3_simulations/share/turtlebot3_simulations/cmake/turtlebot3_simulationsConfig.cmake
[1.377s] -- Installing: /home/nishant/Documents/RL_Collision_Avoidance_Project/Main/install/turtlebot3_simulations/share/turtlebot3_simulations/cmake/turtlebot3_simulationsConfig-version.cmake
[1.377s] -- Installing: /home/nishant/Documents/RL_Collision_Avoidance_Project/Main/install/turtlebot3_simulations/share/turtlebot3_simulations/package.xml
[1.380s] Invoked command in '/home/nishant/Documents/RL_Collision_Avoidance_Project/Main/build/turtlebot3_simulations' returned '0': CMAKE_PREFIX_PATH=/home/nishant/Documents/RL_Collision_Avoidance_Project/Main/install/turtlebot3_gazebo:/home/nishant/Documents/RL_Collision_Avoidance_Project/Main/install/turtlebot3_fake_node:/home/nishant/Documents/RL_Collision_Avoidance_Project/Main/install/turtlebot3_simulations:/home/nishant/Documents/RL_Collision_Avoidance_Project/Main/install/bcr_bot:/opt/ros/humble /usr/bin/cmake --install /home/nishant/Documents/RL_Collision_Avoidance_Project/Main/build/turtlebot3_simulations
